#
# A fatal error has been detected by the Java Runtime Environment:
#
#  EXCEPTION_STACK_OVERFLOW (0xc00000fd) at pc=0x00007fff2bb2de67, pid=3680, tid=5636
#
# JRE version: Java(TM) SE Runtime Environment (16.0.1+9) (build 16.0.1+9-24)
# Java VM: Java HotSpot(TM) 64-Bit Server VM (16.0.1+9-24, mixed mode, sharing, tiered, compressed oops, compressed class ptrs, g1 gc, windows-amd64)
# Problematic frame:
# V  [jvm.dll+0x37de67]
#
# No core dump will be written. Minidumps are not enabled by default on client versions of Windows
#
# If you would like to submit a bug report, please visit:
#   https://bugreport.java.com/bugreport/crash.jsp
#

---------------  S U M M A R Y ------------

Command Line: --add-opens=java.base/java.util=ALL-UNNAMED --add-opens=java.base/java.lang=ALL-UNNAMED --add-opens=java.base/java.lang.invoke=ALL-UNNAMED --add-opens=java.base/java.util=ALL-UNNAMED --add-opens=java.prefs/java.util.prefs=ALL-UNNAMED --add-opens=java.prefs/java.util.prefs=ALL-UNNAMED --add-opens=java.base/java.nio.charset=ALL-UNNAMED --add-opens=java.base/java.net=ALL-UNNAMED --add-opens=java.base/java.util.concurrent.atomic=ALL-UNNAMED -XX:MaxMetaspaceSize=256m -XX:+HeapDumpOnOutOfMemoryError -Xms256m -Xmx512m -Dfile.encoding=windows-1252 -Duser.country=DE -Duser.language=de -Duser.variant org.gradle.launcher.daemon.bootstrap.GradleDaemon 7.5.1

Host: AMD Ryzen 5 3500U with Radeon Vega Mobile Gfx  , 8 cores, 13G,  Windows 10 , 64 bit Build 19041 (10.0.19041.2546)
Time: Sun Apr 16 12:35:29 2023 Mitteleuropäische Sommerzeit elapsed time: 7.994775 seconds (0d 0h 0m 7s)

---------------  T H R E A D  ---------------

Current thread (0x0000026558b4b100):  JavaThread "Unconstrained build operations Thread 38" [_thread_in_vm, id=5636, stack(0x0000009afe400000,0x0000009afe500000)]

Stack: [0x0000009afe400000,0x0000009afe500000],  sp=0x0000009afe4ff660,  free space=1021k
Native frames: (J=compiled Java code, j=interpreted, Vv=VM code, C=native code)
V  [jvm.dll+0x37de67]
V  [jvm.dll+0x6686f2]
V  [jvm.dll+0x37e98b]
V  [jvm.dll+0x37ec17]
V  [jvm.dll+0x4085d1]
V  [jvm.dll+0x780002]
V  [jvm.dll+0x779b4a]
V  [jvm.dll+0x667666]
C  [ucrtbase.dll+0x21bb2]
C  [KERNEL32.DLL+0x17614]
C  [ntdll.dll+0x526a1]


siginfo: EXCEPTION_STACK_OVERFLOW (0xc00000fd), ExceptionInformation=0x0000000000000001 0x0000009afe4fa660 


Register to memory mapping:

RIP=0x00007fff2bb2de67 jvm.dll
RAX=0x0000000000000003 is an unknown value
RBX=0x0000009afe4fa660 is pointing into the stack for thread: 0x0000026558b4b100
RCX=0x0000000000001000 is an unknown value
RDX=0x0 is NULL
RSP=0x0000009afe4ff660 is pointing into the stack for thread: 0x0000026558b4b100
RBP=0x0000009afe4ff760 is pointing into the stack for thread: 0x0000026558b4b100
RSI=0x00000265540ca0a0 points into unknown readable memory: 0x00000000ea1a1da0 | a0 1d 1a ea 00 00 00 00
RDI=0x0000009afe4ff910 is pointing into the stack for thread: 0x0000026558b4b100
R8 =0x0000009afe4ff660 is pointing into the stack for thread: 0x0000026558b4b100
R9 =0x0000000000000150 is an unknown value
R10=0x0000009afe4ff840 is pointing into the stack for thread: 0x0000026558b4b100
R11=0x0000009afe4ff9e0 is pointing into the stack for thread: 0x0000026558b4b100
R12=0x0000009afe4ff840 is pointing into the stack for thread: 0x0000026558b4b100
R13=0x000000000000000a is an unknown value
R14=0x0000009afe4ff9e0 is pointing into the stack for thread: 0x0000026558b4b100
R15=0x0000026558b4b100 is a thread


Registers:
RAX=0x0000000000000003, RBX=0x0000009afe4fa660, RCX=0x0000000000001000, RDX=0x0000000000000000
RSP=0x0000009afe4ff660, RBP=0x0000009afe4ff760, RSI=0x00000265540ca0a0, RDI=0x0000009afe4ff910
R8 =0x0000009afe4ff660, R9 =0x0000000000000150, R10=0x0000009afe4ff840, R11=0x0000009afe4ff9e0
R12=0x0000009afe4ff840, R13=0x000000000000000a, R14=0x0000009afe4ff9e0, R15=0x0000026558b4b100
RIP=0x00007fff2bb2de67, EFLAGS=0x0000000000010206

Top of Stack: (sp=0x0000009afe4ff660)
0x0000009afe4ff660:   0000009afe4ff660 00000265540ca0a0
0x0000009afe4ff670:   0000000400000004 0000026558b27460
0x0000009afe4ff680:   00007fff0bcbf140 0000009afe4ff678
0x0000009afe4ff690:   00008b17c5bce023 00007fff2b9c36bc
0x0000009afe4ff6a0:   000034947a8fc6e2 00007fff0bc58e3b
0x0000009afe4ff6b0:   0000026553d2af38 0000009afe4ff890
0x0000009afe4ff6c0:   0000009afe4ff768 00007fff2b9c38a8
0x0000009afe4ff6d0:   0000009afe4ff850 0000026558b4b100
0x0000009afe4ff6e0:   0000000800029980 00007fff2bd0384e
0x0000009afe4ff6f0:   0000009afe4ff768 00007fff2baf23a6
0x0000009afe4ff700:   0000009afe4ff8a8 0000000000000005
0x0000009afe4ff710:   0000009afe4ffa40 00007fff6aa20000
0x0000009afe4ff720:   0000009afe4ff7f0 00007fff2bd07171
0x0000009afe4ff730:   0000026558b4b100 0000026558b4b100
0x0000009afe4ff740:   000000000003001c 00000000000000b9
0x0000009afe4ff750:   00000265540ca0a0 00007fff6aa20000 

Instructions: (pc=0x00007fff2bb2de67)
0x00007fff2bb2dd67:   ff 48 98 41 8b 8c 80 98 e1 37 00 49 03 c8 ff e1
0x00007fff2bb2dd77:   41 bd 0a 00 00 00 eb 4c 41 bd 0b 00 00 00 c6 85
0x00007fff2bb2dd87:   90 00 00 00 00 eb 57 41 bd 06 00 00 00 c6 85 90
0x00007fff2bb2dd97:   00 00 00 00 eb 48 41 bd 07 00 00 00 c6 85 90 00
0x00007fff2bb2dda7:   00 00 00 eb 39 ba b2 00 00 00 48 8d 0d 60 63 57
0x00007fff2bb2ddb7:   00 e8 73 4f ec ff e8 7e a5 2e 00 41 8b 16 41 bd
0x00007fff2bb2ddc7:   63 00 00 00 83 fa 0c 74 0e 83 fa 0d 74 09 c6 85
0x00007fff2bb2ddd7:   90 00 00 00 00 eb 07 c6 85 90 00 00 00 01 49 8b
0x00007fff2bb2dde7:   04 24 8b 48 20 c1 e9 03 f6 c1 01 75 0d 48 8b 47
0x00007fff2bb2ddf7:   58 48 8b 30 48 89 75 f0 eb 07 48 89 5d f8 48 8b
0x00007fff2bb2de07:   f3 49 8d 8f d0 03 00 00 e8 2c 26 37 00 e8 47 a6
0x00007fff2bb2de17:   2e 00 4c 8b c0 49 8b d4 49 8b cf 48 8b d8 e8 26
0x00007fff2bb2de27:   f2 2d 00 84 c0 75 1d 4d 8b cc 48 8d 15 e0 62 57
0x00007fff2bb2de37:   00 41 b8 8e 01 00 00 49 8b cf e8 aa 8d f3 ff e9
0x00007fff2bb2de47:   3c 02 00 00 48 63 0d 9e ed 76 00 33 d2 48 8b 05
0x00007fff2bb2de57:   65 39 77 00 48 f7 f1 48 83 f8 01 72 0c 48 2b d9
0x00007fff2bb2de67:   c6 03 00 48 83 e8 01 75 f4 4d 8b ce 4c 89 7c 24
0x00007fff2bb2de77:   20 4c 8b c6 48 8d 4c 24 40 49 8b d4 e8 98 fa ff
0x00007fff2bb2de87:   ff 49 83 7f 08 00 0f 85 44 01 00 00 49 8b d7 48
0x00007fff2bb2de97:   8d 4d 00 e8 61 45 fc ff 33 f6 39 77 68 0f 8e 91
0x00007fff2bb2dea7:   00 00 00 33 db 0f 1f 40 00 48 8b 47 60 0f b6 0c
0x00007fff2bb2deb7:   03 85 c9 74 71 48 8b 47 58 48 8b 14 d8 83 e9 02
0x00007fff2bb2dec7:   74 48 83 f9 01 74 1a ba e5 01 00 00 48 8d 0d 3e
0x00007fff2bb2ded7:   62 57 00 e8 51 4e ec ff e8 5c a4 2e 00 33 c9 eb
0x00007fff2bb2dee7:   35 33 c9 48 85 d2 74 2e f6 c2 01 74 0f 48 8d 4a
0x00007fff2bb2def7:   ff ff 15 02 2d 6f 00 48 8b c8 eb 1a 48 8b ca ff
0x00007fff2bb2df07:   15 14 b1 6e 00 48 8b c8 eb 0c 48 85 d2 75 04 33
0x00007fff2bb2df17:   c9 eb 03 48 8b 0a 48 8b 47 58 48 89 0c d8 48 8b
0x00007fff2bb2df27:   47 60 c6 04 03 01 ff c6 48 ff c3 3b 77 68 0f 8c
0x00007fff2bb2df37:   75 ff ff ff 48 8b 47 78 48 8b 5f 58 48 85 c0 74
0x00007fff2bb2df47:   48 48 8b 10 33 c9 e8 4e 4b 12 00 48 85 c0 74 39
0x00007fff2bb2df57:   49 89 87 c0 03 00 00 49 8b 04 24 48 8b 48 08 48 


Stack slot to memory mapping:
stack at sp + 0 slots: 0x0000009afe4ff660 is pointing into the stack for thread: 0x0000026558b4b100
stack at sp + 1 slots: 0x00000265540ca0a0 points into unknown readable memory: 0x00000000ea1a1da0 | a0 1d 1a ea 00 00 00 00
stack at sp + 2 slots: 0x0000000400000004 is an unknown value
stack at sp + 3 slots: 0x0000026558b27460 points into unknown readable memory: 0x00007fff0bc96700 | 00 67 c9 0b ff 7f 00 00
stack at sp + 4 slots: 0x00007fff0bcbf140 native-platform-file-events.dll
stack at sp + 5 slots: 0x0000009afe4ff678 is pointing into the stack for thread: 0x0000026558b4b100
stack at sp + 6 slots: 0x00008b17c5bce023 is an unknown value
stack at sp + 7 slots: 0x00007fff2b9c36bc jvm.dll


---------------  P R O C E S S  ---------------

Threads class SMR info:
_java_thread_list=0x000002655201c3f0, length=84, elements={
0x00000265313741f0, 0x000002654daa4e60, 0x000002654daa5c30, 0x000002654dabaee0,
0x000002654dabd800, 0x000002654dabe110, 0x000002654dabfa30, 0x000002654dac0f30,
0x000002654dad43e0, 0x000002654dad8d50, 0x000002654e66f920, 0x000002654e6728f0,
0x000002654e834c50, 0x000002654e670e60, 0x000002654e66fe70, 0x000002654e671900,
0x000002654e672e40, 0x000002654e6703c0, 0x000002654e6723a0, 0x0000026550724ac0,
0x0000026550725ab0, 0x0000026550723030, 0x0000026550725010, 0x0000026550723ad0,
0x0000026550723580, 0x0000026550724020, 0x0000026550722040, 0x0000026550724570,
0x0000026550725560, 0x0000026550721050, 0x00000265507205b0, 0x0000026550726000,
0x0000026550720b00, 0x0000026550726550, 0x00000265507215a0, 0x0000026550721af0,
0x0000026550722590, 0x0000026550722ae0, 0x0000026550726ff0, 0x000002655071fb10,
0x00000265508a8030, 0x00000265508a7590, 0x00000265526671f0, 0x00000265508a9020,
0x00000265508aca90, 0x00000265508a5060, 0x00000265508a9570, 0x00000265508a5b00,
0x00000265508a55b0, 0x00000265508a6050, 0x00000265508a9ac0, 0x00000265508aa010,
0x00000265508a65a0, 0x00000265508a6af0, 0x00000265508abaa0, 0x00000265508a7040,
0x00000265508aa560, 0x00000265508ab000, 0x0000026558b0e120, 0x0000026558b0e670,
0x0000026558b12630, 0x0000026558b12b80, 0x0000026558b130d0, 0x0000026558b14b60,
0x0000026558b13620, 0x0000026558b15b50, 0x0000026558b150b0, 0x0000026558b13b70,
0x0000026558b0ebc0, 0x0000026558b140c0, 0x0000026558b11640, 0x0000026558b14610,
0x0000026558b120e0, 0x0000026558b15600, 0x0000026558b0f110, 0x0000026558b11b90,
0x0000026558b10ba0, 0x0000026558b0f660, 0x0000026558b110f0, 0x0000026558b0fbb0,
0x0000026558b10100, 0x0000026558b10650, 0x0000026558b49120, 0x0000026558b4b100
}

Java Threads: ( => current thread )
  0x00000265313741f0 JavaThread "main" [_thread_blocked, id=10596, stack(0x0000009af8000000,0x0000009af8100000)]
  0x000002654daa4e60 JavaThread "Reference Handler" daemon [_thread_blocked, id=4388, stack(0x0000009af8700000,0x0000009af8800000)]
  0x000002654daa5c30 JavaThread "Finalizer" daemon [_thread_blocked, id=6708, stack(0x0000009af8800000,0x0000009af8900000)]
  0x000002654dabaee0 JavaThread "Signal Dispatcher" daemon [_thread_blocked, id=13828, stack(0x0000009af8900000,0x0000009af8a00000)]
  0x000002654dabd800 JavaThread "Attach Listener" daemon [_thread_blocked, id=2684, stack(0x0000009af8a00000,0x0000009af8b00000)]
  0x000002654dabe110 JavaThread "Service Thread" daemon [_thread_blocked, id=18340, stack(0x0000009af8b00000,0x0000009af8c00000)]
  0x000002654dabfa30 JavaThread "Monitor Deflation Thread" daemon [_thread_blocked, id=16016, stack(0x0000009af8c00000,0x0000009af8d00000)]
  0x000002654dac0f30 JavaThread "C2 CompilerThread0" daemon [_thread_in_native, id=16284, stack(0x0000009af8d00000,0x0000009af8e00000)]
  0x000002654dad43e0 JavaThread "C1 CompilerThread0" daemon [_thread_blocked, id=19576, stack(0x0000009af8e00000,0x0000009af8f00000)]
  0x000002654dad8d50 JavaThread "Sweeper thread" daemon [_thread_blocked, id=19600, stack(0x0000009af8f00000,0x0000009af9000000)]
  0x000002654e66f920 JavaThread "Common-Cleaner" daemon [_thread_blocked, id=13740, stack(0x0000009af9000000,0x0000009af9100000)]
  0x000002654e6728f0 JavaThread "Notification Thread" daemon [_thread_blocked, id=1924, stack(0x0000009af9100000,0x0000009af9200000)]
  0x000002654e834c50 JavaThread "C2 CompilerThread1" daemon [_thread_in_native, id=19884, stack(0x0000009af9300000,0x0000009af9400000)]
  0x000002654e670e60 JavaThread "Daemon health stats" [_thread_blocked, id=4840, stack(0x0000009af9b00000,0x0000009af9c00000)]
  0x000002654e66fe70 JavaThread "Incoming local TCP Connector on port 59988" [_thread_in_native, id=14904, stack(0x0000009af9400000,0x0000009af9500000)]
  0x000002654e671900 JavaThread "Daemon periodic checks" [_thread_blocked, id=18128, stack(0x0000009af9c00000,0x0000009af9d00000)]
  0x000002654e672e40 JavaThread "Daemon" [_thread_blocked, id=10440, stack(0x0000009af9d00000,0x0000009af9e00000)]
  0x000002654e6703c0 JavaThread "Handler for socket connection from /127.0.0.1:59988 to /127.0.0.1:59989" [_thread_in_native, id=16876, stack(0x0000009af9e00000,0x0000009af9f00000)]
  0x000002654e6723a0 JavaThread "Cancel handler" [_thread_blocked, id=18908, stack(0x0000009af9f00000,0x0000009afa000000)]
  0x0000026550724ac0 JavaThread "Daemon worker" [_thread_in_vm, id=13460, stack(0x0000009afa000000,0x0000009afa100000)]
  0x0000026550725ab0 JavaThread "Asynchronous log dispatcher for DefaultDaemonConnection: socket connection from /127.0.0.1:59988 to /127.0.0.1:59989" [_thread_blocked, id=13464, stack(0x0000009afa100000,0x0000009afa200000)]
  0x0000026550723030 JavaThread "Stdin handler" [_thread_blocked, id=8132, stack(0x0000009afa200000,0x0000009afa300000)]
  0x0000026550725010 JavaThread "Daemon client event forwarder" [_thread_blocked, id=18048, stack(0x0000009afa300000,0x0000009afa400000)]
  0x0000026550723ad0 JavaThread "Cache worker for journal cache (C:\Users\Florian\.gradle\caches\journal-1)" [_thread_blocked, id=20248, stack(0x0000009afa400000,0x0000009afa500000)]
  0x0000026550723580 JavaThread "File lock request listener" [_thread_in_native, id=17520, stack(0x0000009afa500000,0x0000009afa600000)]
  0x0000026550724020 JavaThread "Cache worker for file hash cache (C:\Users\Florian\.gradle\caches\7.5.1\fileHashes)" [_thread_blocked, id=3336, stack(0x0000009afa600000,0x0000009afa700000)]
  0x0000026550722040 JavaThread "File watcher server" daemon [_thread_in_native, id=20344, stack(0x0000009afa700000,0x0000009afa800000)]
  0x0000026550724570 JavaThread "File watcher consumer" daemon [_thread_blocked, id=16368, stack(0x0000009afa800000,0x0000009afa900000)]
  0x0000026550725560 JavaThread "jar transforms" [_thread_blocked, id=21404, stack(0x0000009afaa00000,0x0000009afab00000)]
  0x0000026550721050 JavaThread "jar transforms Thread 2" [_thread_blocked, id=12660, stack(0x0000009afab00000,0x0000009afac00000)]
  0x00000265507205b0 JavaThread "jar transforms Thread 3" [_thread_blocked, id=18760, stack(0x0000009afac00000,0x0000009afad00000)]
  0x0000026550726000 JavaThread "jar transforms Thread 4" [_thread_blocked, id=13556, stack(0x0000009afad00000,0x0000009afae00000)]
  0x0000026550720b00 JavaThread "jar transforms Thread 5" [_thread_blocked, id=11660, stack(0x0000009afae00000,0x0000009afaf00000)]
  0x0000026550726550 JavaThread "jar transforms Thread 6" [_thread_blocked, id=19536, stack(0x0000009afaf00000,0x0000009afb000000)]
  0x00000265507215a0 JavaThread "jar transforms Thread 7" [_thread_blocked, id=20524, stack(0x0000009afb000000,0x0000009afb100000)]
  0x0000026550721af0 JavaThread "jar transforms Thread 8" [_thread_blocked, id=6312, stack(0x0000009afb100000,0x0000009afb200000)]
  0x0000026550722590 JavaThread "Cache worker for checksums cache (C:\Users\Florian\Downloads\ktor\ktor-order-management\.gradle\7.5.1\checksums)" [_thread_blocked, id=8672, stack(0x0000009afb500000,0x0000009afb600000)]
  0x0000026550722ae0 JavaThread "Cache worker for cache directory md-rule (C:\Users\Florian\.gradle\caches\7.5.1\md-rule)" [_thread_blocked, id=4328, stack(0x0000009afb600000,0x0000009afb700000)]
  0x0000026550726ff0 JavaThread "Cache worker for file content cache (C:\Users\Florian\.gradle\caches\7.5.1\fileContent)" [_thread_blocked, id=20728, stack(0x0000009afb700000,0x0000009afb800000)]
  0x000002655071fb10 JavaThread "Cache worker for file hash cache (C:\Users\Florian\Downloads\ktor\ktor-order-management\.gradle\7.5.1\fileHashes)" [_thread_blocked, id=9380, stack(0x0000009afb800000,0x0000009afb900000)]
  0x00000265508a8030 JavaThread "Cache worker for cache directory md-supplier (C:\Users\Florian\.gradle\caches\7.5.1\md-supplier)" [_thread_blocked, id=19116, stack(0x0000009afb900000,0x0000009afba00000)]
  0x00000265508a7590 JavaThread "Cache worker for execution history cache (C:\Users\Florian\.gradle\caches\7.5.1\executionHistory)" [_thread_blocked, id=19144, stack(0x0000009afa900000,0x0000009afaa00000)]
  0x00000265526671f0 JavaThread "C2 CompilerThread2" daemon [_thread_in_native, id=11668, stack(0x0000009afba00000,0x0000009afbb00000)]
  0x00000265508a9020 JavaThread "Cache worker for kotlin-dsl (C:\Users\Florian\.gradle\caches\7.5.1\kotlin-dsl)" [_thread_blocked, id=3876, stack(0x0000009afbc00000,0x0000009afbd00000)]
  0x00000265508aca90 JavaThread "Cache worker for dependencies-accessors (C:\Users\Florian\Downloads\ktor\ktor-order-management\.gradle\7.5.1\dependencies-accessors)" [_thread_blocked, id=10252, stack(0x0000009afbd00000,0x0000009afbe00000)]
  0x00000265508a5060 JavaThread "Cache worker for Build Output Cleanup Cache (C:\Users\Florian\Downloads\ktor\ktor-order-management\.gradle\buildOutputCleanup)" [_thread_blocked, id=14180, stack(0x0000009afbe00000,0x0000009afbf00000)]
  0x00000265508a9570 JavaThread "Unconstrained build operations" [_thread_blocked, id=6648, stack(0x0000009afbf00000,0x0000009afc000000)]
  0x00000265508a5b00 JavaThread "Unconstrained build operations Thread 2" [_thread_blocked, id=5228, stack(0x0000009afc000000,0x0000009afc100000)]
  0x00000265508a55b0 JavaThread "Unconstrained build operations Thread 3" [_thread_blocked, id=3628, stack(0x0000009afc100000,0x0000009afc200000)]
  0x00000265508a6050 JavaThread "Unconstrained build operations Thread 4" [_thread_blocked, id=3760, stack(0x0000009afc200000,0x0000009afc300000)]
  0x00000265508a9ac0 JavaThread "Unconstrained build operations Thread 5" [_thread_blocked, id=2084, stack(0x0000009afc300000,0x0000009afc400000)]
  0x00000265508aa010 JavaThread "Unconstrained build operations Thread 6" [_thread_blocked, id=5468, stack(0x0000009afc400000,0x0000009afc500000)]
  0x00000265508a65a0 JavaThread "Unconstrained build operations Thread 7" [_thread_blocked, id=19324, stack(0x0000009afc500000,0x0000009afc600000)]
  0x00000265508a6af0 JavaThread "Unconstrained build operations Thread 8" [_thread_blocked, id=5116, stack(0x0000009afc600000,0x0000009afc700000)]
  0x00000265508abaa0 JavaThread "Unconstrained build operations Thread 9" [_thread_blocked, id=4376, stack(0x0000009afc700000,0x0000009afc800000)]
  0x00000265508a7040 JavaThread "Unconstrained build operations Thread 10" [_thread_blocked, id=21008, stack(0x0000009afc800000,0x0000009afc900000)]
  0x00000265508aa560 JavaThread "Unconstrained build operations Thread 11" [_thread_blocked, id=12360, stack(0x0000009afc900000,0x0000009afca00000)]
  0x00000265508ab000 JavaThread "Unconstrained build operations Thread 12" [_thread_blocked, id=17108, stack(0x0000009afca00000,0x0000009afcb00000)]
  0x0000026558b0e120 JavaThread "Unconstrained build operations Thread 13" [_thread_blocked, id=4156, stack(0x0000009afcb00000,0x0000009afcc00000)]
  0x0000026558b0e670 JavaThread "Unconstrained build operations Thread 14" [_thread_blocked, id=6836, stack(0x0000009afcc00000,0x0000009afcd00000)]
  0x0000026558b12630 JavaThread "Unconstrained build operations Thread 15" [_thread_blocked, id=1040, stack(0x0000009afcd00000,0x0000009afce00000)]
  0x0000026558b12b80 JavaThread "Unconstrained build operations Thread 16" [_thread_blocked, id=17064, stack(0x0000009afce00000,0x0000009afcf00000)]
  0x0000026558b130d0 JavaThread "Unconstrained build operations Thread 17" [_thread_blocked, id=13628, stack(0x0000009afcf00000,0x0000009afd000000)]
  0x0000026558b14b60 JavaThread "Unconstrained build operations Thread 18" [_thread_blocked, id=19632, stack(0x0000009afd000000,0x0000009afd100000)]
  0x0000026558b13620 JavaThread "Unconstrained build operations Thread 19" [_thread_blocked, id=20220, stack(0x0000009afd100000,0x0000009afd200000)]
  0x0000026558b15b50 JavaThread "Unconstrained build operations Thread 20" [_thread_blocked, id=14044, stack(0x0000009afd200000,0x0000009afd300000)]
  0x0000026558b150b0 JavaThread "Unconstrained build operations Thread 21" [_thread_blocked, id=1520, stack(0x0000009afd300000,0x0000009afd400000)]
  0x0000026558b13b70 JavaThread "Unconstrained build operations Thread 22" [_thread_blocked, id=16396, stack(0x0000009afd400000,0x0000009afd500000)]
  0x0000026558b0ebc0 JavaThread "Unconstrained build operations Thread 23" [_thread_blocked, id=1528, stack(0x0000009afd500000,0x0000009afd600000)]
  0x0000026558b140c0 JavaThread "Unconstrained build operations Thread 24" [_thread_blocked, id=7688, stack(0x0000009afd600000,0x0000009afd700000)]
  0x0000026558b11640 JavaThread "Unconstrained build operations Thread 25" [_thread_blocked, id=19844, stack(0x0000009afd700000,0x0000009afd800000)]
  0x0000026558b14610 JavaThread "Unconstrained build operations Thread 26" [_thread_blocked, id=10456, stack(0x0000009afd800000,0x0000009afd900000)]
  0x0000026558b120e0 JavaThread "Unconstrained build operations Thread 27" [_thread_blocked, id=17480, stack(0x0000009afd900000,0x0000009afda00000)]
  0x0000026558b15600 JavaThread "Unconstrained build operations Thread 28" [_thread_blocked, id=17796, stack(0x0000009afda00000,0x0000009afdb00000)]
  0x0000026558b0f110 JavaThread "Unconstrained build operations Thread 29" [_thread_blocked, id=8008, stack(0x0000009afdb00000,0x0000009afdc00000)]
  0x0000026558b11b90 JavaThread "Unconstrained build operations Thread 30" [_thread_blocked, id=11492, stack(0x0000009afdc00000,0x0000009afdd00000)]
  0x0000026558b10ba0 JavaThread "Unconstrained build operations Thread 31" [_thread_blocked, id=2364, stack(0x0000009afdd00000,0x0000009afde00000)]
  0x0000026558b0f660 JavaThread "Unconstrained build operations Thread 32" [_thread_blocked, id=11932, stack(0x0000009afde00000,0x0000009afdf00000)]
  0x0000026558b110f0 JavaThread "Unconstrained build operations Thread 33" [_thread_blocked, id=8232, stack(0x0000009afdf00000,0x0000009afe000000)]
  0x0000026558b0fbb0 JavaThread "Unconstrained build operations Thread 34" [_thread_blocked, id=4220, stack(0x0000009afe000000,0x0000009afe100000)]
  0x0000026558b10100 JavaThread "Unconstrained build operations Thread 35" [_thread_blocked, id=13548, stack(0x0000009afe100000,0x0000009afe200000)]
  0x0000026558b10650 JavaThread "Unconstrained build operations Thread 36" [_thread_blocked, id=21488, stack(0x0000009afe200000,0x0000009afe300000)]
  0x0000026558b49120 JavaThread "Unconstrained build operations Thread 37" [_thread_blocked, id=13888, stack(0x0000009afe300000,0x0000009afe400000)]
=>0x0000026558b4b100 JavaThread "Unconstrained build operations Thread 38" [_thread_in_vm, id=5636, stack(0x0000009afe400000,0x0000009afe500000)]

Other Threads:
  0x000002654da9b2e0 VMThread "VM Thread" [stack: 0x0000009af8600000,0x0000009af8700000] [id=14104]
  0x000002654e67d140 WatcherThread [stack: 0x0000009af9200000,0x0000009af9300000] [id=14992]
  0x00000265313959a0 GCTaskThread "GC Thread#0" [stack: 0x0000009af8100000,0x0000009af8200000] [id=18076]
  0x000002654f4d9a80 GCTaskThread "GC Thread#1" [stack: 0x0000009af9500000,0x0000009af9600000] [id=12860]
  0x000002654f4813d0 GCTaskThread "GC Thread#2" [stack: 0x0000009af9600000,0x0000009af9700000] [id=17904]
  0x000002654f4816e0 GCTaskThread "GC Thread#3" [stack: 0x0000009af9700000,0x0000009af9800000] [id=18412]
  0x000002654f480170 GCTaskThread "GC Thread#4" [stack: 0x0000009af9800000,0x0000009af9900000] [id=18036]
  0x000002654f4810c0 GCTaskThread "GC Thread#5" [stack: 0x0000009af9900000,0x0000009af9a00000] [id=8736]
  0x00000265539a9e50 GCTaskThread "GC Thread#6" [stack: 0x0000009afb200000,0x0000009afb300000] [id=15700]
  0x00000265539a7060 GCTaskThread "GC Thread#7" [stack: 0x0000009afb300000,0x0000009afb400000] [id=5084]
  0x000002653139a9f0 ConcurrentGCThread "G1 Main Marker" [stack: 0x0000009af8200000,0x0000009af8300000] [id=8872]
  0x000002653139b3f0 ConcurrentGCThread "G1 Conc#0" [stack: 0x0000009af8300000,0x0000009af8400000] [id=4448]
  0x00000265539aa470 ConcurrentGCThread "G1 Conc#1" [stack: 0x0000009afb400000,0x0000009afb500000] [id=12136]
  0x000002653144e1c0 ConcurrentGCThread "G1 Refine#0" [stack: 0x0000009af8400000,0x0000009af8500000] [id=9764]
  0x000002654f19e090 ConcurrentGCThread "G1 Refine#1" [stack: 0x0000009af9a00000,0x0000009af9b00000] [id=11068]
  0x0000026550e72070 ConcurrentGCThread "G1 Refine#2" [stack: 0x0000009afbb00000,0x0000009afbc00000] [id=4492]
  0x000002653144ebd0 ConcurrentGCThread "G1 Service" [stack: 0x0000009af8500000,0x0000009af8600000] [id=17840]

Threads with active compile tasks:
C2 CompilerThread0     8033 4831       4       java.net.URLClassLoader$1::run (5 bytes)
C2 CompilerThread1     8033 4830   !   4       java.net.URLClassLoader::findClass (47 bytes)
C2 CompilerThread2     8033 4832   !   4       java.net.URLClassLoader$1::run (63 bytes)

VM state: not at safepoint (normal execution)

VM Mutex/Monitor currently owned by a thread: None

OutOfMemory and StackOverflow Exception counts:
OutOfMemoryError java_heap_errors=1
LinkageErrors=146

Heap address: 0x00000000e0000000, size: 512 MB, Compressed Oops mode: 32-bit

CDS archive(s) mapped at: [0x0000000800000000-0x0000000800bb0000-0x0000000800bb0000), size 12255232, SharedBaseAddress: 0x0000000800000000, ArchiveRelocationMode: 0.
Compressed class space mapped at: 0x0000000800c00000-0x000000080dc00000, reserved size: 218103808
Narrow klass base: 0x0000000800000000, Narrow klass shift: 3, Narrow klass range: 0x100000000

GC Precious Log:
 CPUs: 8 total, 8 available
 Memory: 14213M
 Large Page Support: Disabled
 NUMA Support: Disabled
 Compressed Oops: Enabled (32-bit)
 Heap Region Size: 1M
 Heap Min Capacity: 256M
 Heap Initial Capacity: 256M
 Heap Max Capacity: 512M
 Pre-touch: Disabled
 Parallel Workers: 8
 Concurrent Workers: 2
 Concurrent Refinement Workers: 8
 Periodic GC: Disabled

Heap:
 garbage-first heap   total 262144K, used 168259K [0x00000000e0000000, 0x0000000100000000)
  region size 1024K, 111 young (113664K), 9 survivors (9216K)
 Metaspace       used 44003K, committed 44544K, reserved 253952K
  class space    used 6079K, committed 6336K, reserved 212992K

Heap Regions: E=young(eden), S=young(survivor), O=old, HS=humongous(starts), HC=humongous(continues), CS=collection set, F=free, OA=open archive, CA=closed archive, TAMS=top-at-mark-start (previous, next)
|   0|0x00000000e0000000, 0x00000000e0100000, 0x00000000e0100000|100%| O|  |TAMS 0x00000000e0100000, 0x00000000e0000000| Untracked 
|   1|0x00000000e0100000, 0x00000000e0200000, 0x00000000e0200000|100%| O|  |TAMS 0x00000000e0200000, 0x00000000e0100000| Untracked 
|   2|0x00000000e0200000, 0x00000000e0300000, 0x00000000e0300000|100%| O|  |TAMS 0x00000000e02cc000, 0x00000000e0200000| Untracked 
|   3|0x00000000e0300000, 0x00000000e0400000, 0x00000000e0400000|100%|HS|  |TAMS 0x00000000e0400000, 0x00000000e0300000| Complete 
|   4|0x00000000e0400000, 0x00000000e0500000, 0x00000000e0500000|100%|HC|  |TAMS 0x00000000e0500000, 0x00000000e0400000| Complete 
|   5|0x00000000e0500000, 0x00000000e0600000, 0x00000000e0600000|100%|HC|  |TAMS 0x00000000e0600000, 0x00000000e0500000| Complete 
|   6|0x00000000e0600000, 0x00000000e0700000, 0x00000000e0700000|100%| O|  |TAMS 0x00000000e0700000, 0x00000000e0600000| Untracked 
|   7|0x00000000e0700000, 0x00000000e0800000, 0x00000000e0800000|100%| O|  |TAMS 0x00000000e0800000, 0x00000000e0700000| Untracked 
|   8|0x00000000e0800000, 0x00000000e0900000, 0x00000000e0900000|100%| O|  |TAMS 0x00000000e0900000, 0x00000000e0800000| Untracked 
|   9|0x00000000e0900000, 0x00000000e0a00000, 0x00000000e0a00000|100%| O|  |TAMS 0x00000000e0a00000, 0x00000000e0900000| Untracked 
|  10|0x00000000e0a00000, 0x00000000e0b00000, 0x00000000e0b00000|100%|HS|  |TAMS 0x00000000e0a00000, 0x00000000e0a00000| Complete 
|  11|0x00000000e0b00000, 0x00000000e0c00000, 0x00000000e0c00000|100%|HS|  |TAMS 0x00000000e0c00000, 0x00000000e0b00000| Complete 
|  12|0x00000000e0c00000, 0x00000000e0d00000, 0x00000000e0d00000|100%|HC|  |TAMS 0x00000000e0d00000, 0x00000000e0c00000| Complete 
|  13|0x00000000e0d00000, 0x00000000e0e00000, 0x00000000e0e00000|100%|HS|  |TAMS 0x00000000e0e00000, 0x00000000e0d00000| Complete 
|  14|0x00000000e0e00000, 0x00000000e0f00000, 0x00000000e0f00000|100%|HC|  |TAMS 0x00000000e0f00000, 0x00000000e0e00000| Complete 
|  15|0x00000000e0f00000, 0x00000000e1000000, 0x00000000e1000000|100%|HC|  |TAMS 0x00000000e1000000, 0x00000000e0f00000| Complete 
|  16|0x00000000e1000000, 0x00000000e1100000, 0x00000000e1100000|100%|HS|  |TAMS 0x00000000e1100000, 0x00000000e1000000| Complete 
|  17|0x00000000e1100000, 0x00000000e1200000, 0x00000000e1200000|100%|HC|  |TAMS 0x00000000e1200000, 0x00000000e1100000| Complete 
|  18|0x00000000e1200000, 0x00000000e1300000, 0x00000000e1300000|100%|HS|  |TAMS 0x00000000e1300000, 0x00000000e1200000| Complete 
|  19|0x00000000e1300000, 0x00000000e1400000, 0x00000000e1400000|100%|HC|  |TAMS 0x00000000e1400000, 0x00000000e1300000| Complete 
|  20|0x00000000e1400000, 0x00000000e1500000, 0x00000000e1500000|100%|HC|  |TAMS 0x00000000e1500000, 0x00000000e1400000| Complete 
|  21|0x00000000e1500000, 0x00000000e1600000, 0x00000000e1600000|100%|HC|  |TAMS 0x00000000e1600000, 0x00000000e1500000| Complete 
|  22|0x00000000e1600000, 0x00000000e1700000, 0x00000000e1700000|100%|HC|  |TAMS 0x00000000e1700000, 0x00000000e1600000| Complete 
|  23|0x00000000e1700000, 0x00000000e1800000, 0x00000000e1800000|100%|HC|  |TAMS 0x00000000e1800000, 0x00000000e1700000| Complete 
|  24|0x00000000e1800000, 0x00000000e1900000, 0x00000000e1900000|100%|HC|  |TAMS 0x00000000e1900000, 0x00000000e1800000| Complete 
|  25|0x00000000e1900000, 0x00000000e1a00000, 0x00000000e1a00000|100%|HC|  |TAMS 0x00000000e1a00000, 0x00000000e1900000| Complete 
|  26|0x00000000e1a00000, 0x00000000e1b00000, 0x00000000e1b00000|100%|HC|  |TAMS 0x00000000e1b00000, 0x00000000e1a00000| Complete 
|  27|0x00000000e1b00000, 0x00000000e1c00000, 0x00000000e1c00000|100%|HC|  |TAMS 0x00000000e1c00000, 0x00000000e1b00000| Complete 
|  28|0x00000000e1c00000, 0x00000000e1d00000, 0x00000000e1d00000|100%|HC|  |TAMS 0x00000000e1d00000, 0x00000000e1c00000| Complete 
|  29|0x00000000e1d00000, 0x00000000e1e00000, 0x00000000e1e00000|100%|HS|  |TAMS 0x00000000e1e00000, 0x00000000e1d00000| Complete 
|  30|0x00000000e1e00000, 0x00000000e1f00000, 0x00000000e1f00000|100%|HC|  |TAMS 0x00000000e1f00000, 0x00000000e1e00000| Complete 
|  31|0x00000000e1f00000, 0x00000000e2000000, 0x00000000e2000000|100%|HS|  |TAMS 0x00000000e2000000, 0x00000000e1f00000| Complete 
|  32|0x00000000e2000000, 0x00000000e2100000, 0x00000000e2100000|100%|HC|  |TAMS 0x00000000e2100000, 0x00000000e2000000| Complete 
|  33|0x00000000e2100000, 0x00000000e2200000, 0x00000000e2200000|100%|HC|  |TAMS 0x00000000e2200000, 0x00000000e2100000| Complete 
|  34|0x00000000e2200000, 0x00000000e2300000, 0x00000000e2300000|100%|HC|  |TAMS 0x00000000e2300000, 0x00000000e2200000| Complete 
|  35|0x00000000e2300000, 0x00000000e2400000, 0x00000000e2400000|100%|HC|  |TAMS 0x00000000e2400000, 0x00000000e2300000| Complete 
|  36|0x00000000e2400000, 0x00000000e2500000, 0x00000000e2500000|100%|HC|  |TAMS 0x00000000e2500000, 0x00000000e2400000| Complete 
|  37|0x00000000e2500000, 0x00000000e2600000, 0x00000000e2600000|100%|HS|  |TAMS 0x00000000e2600000, 0x00000000e2500000| Complete 
|  38|0x00000000e2600000, 0x00000000e2700000, 0x00000000e2700000|100%|HS|  |TAMS 0x00000000e2600000, 0x00000000e2600000| Complete 
|  39|0x00000000e2700000, 0x00000000e2800000, 0x00000000e2800000|100%|HC|  |TAMS 0x00000000e2700000, 0x00000000e2700000| Complete 
|  40|0x00000000e2800000, 0x00000000e2900000, 0x00000000e2900000|100%| O|  |TAMS 0x00000000e2800000, 0x00000000e2800000| Untracked 
|  41|0x00000000e2900000, 0x00000000e2a00000, 0x00000000e2a00000|100%| O|  |TAMS 0x00000000e2900000, 0x00000000e2900000| Untracked 
|  42|0x00000000e2a00000, 0x00000000e2b00000, 0x00000000e2b00000|100%| O|  |TAMS 0x00000000e2a00000, 0x00000000e2a00000| Untracked 
|  43|0x00000000e2b00000, 0x00000000e2c00000, 0x00000000e2c00000|100%| O|  |TAMS 0x00000000e2b00000, 0x00000000e2b00000| Untracked 
|  44|0x00000000e2c00000, 0x00000000e2d00000, 0x00000000e2d00000|100%| O|  |TAMS 0x00000000e2c00000, 0x00000000e2c00000| Untracked 
|  45|0x00000000e2d00000, 0x00000000e2e00000, 0x00000000e2e00000|100%| O|  |TAMS 0x00000000e2d00000, 0x00000000e2d00000| Untracked 
|  46|0x00000000e2e00000, 0x00000000e2f00000, 0x00000000e2f00000|100%| O|  |TAMS 0x00000000e2e00000, 0x00000000e2e00000| Untracked 
|  47|0x00000000e2f00000, 0x00000000e3000000, 0x00000000e3000000|100%| O|  |TAMS 0x00000000e2f00000, 0x00000000e2f00000| Untracked 
|  48|0x00000000e3000000, 0x00000000e3100000, 0x00000000e3100000|100%| O|  |TAMS 0x00000000e3000000, 0x00000000e3000000| Untracked 
|  49|0x00000000e3100000, 0x00000000e3200000, 0x00000000e3200000|100%| O|  |TAMS 0x00000000e3100000, 0x00000000e3100000| Untracked 
|  50|0x00000000e3200000, 0x00000000e3300000, 0x00000000e3300000|100%| O|  |TAMS 0x00000000e3200000, 0x00000000e3200000| Untracked 
|  51|0x00000000e3300000, 0x00000000e3400000, 0x00000000e3400000|100%| O|  |TAMS 0x00000000e3300000, 0x00000000e3300000| Untracked 
|  52|0x00000000e3400000, 0x00000000e34dae00, 0x00000000e3500000| 85%| O|  |TAMS 0x00000000e3400000, 0x00000000e3400000| Untracked 
|  53|0x00000000e3500000, 0x00000000e3600000, 0x00000000e3600000|100%|HS|  |TAMS 0x00000000e3500000, 0x00000000e3500000| Complete 
|  54|0x00000000e3600000, 0x00000000e3700000, 0x00000000e3700000|100%|HC|  |TAMS 0x00000000e3600000, 0x00000000e3600000| Complete 
|  55|0x00000000e3700000, 0x00000000e3800000, 0x00000000e3800000|100%|HC|  |TAMS 0x00000000e3700000, 0x00000000e3700000| Complete 
|  56|0x00000000e3800000, 0x00000000e3800000, 0x00000000e3900000|  0%| F|  |TAMS 0x00000000e3800000, 0x00000000e3800000| Untracked 
|  57|0x00000000e3900000, 0x00000000e3900000, 0x00000000e3a00000|  0%| F|  |TAMS 0x00000000e3900000, 0x00000000e3900000| Untracked 
|  58|0x00000000e3a00000, 0x00000000e3a00000, 0x00000000e3b00000|  0%| F|  |TAMS 0x00000000e3a00000, 0x00000000e3a00000| Untracked 
|  59|0x00000000e3b00000, 0x00000000e3b00000, 0x00000000e3c00000|  0%| F|  |TAMS 0x00000000e3b00000, 0x00000000e3b00000| Untracked 
|  60|0x00000000e3c00000, 0x00000000e3c00000, 0x00000000e3d00000|  0%| F|  |TAMS 0x00000000e3c00000, 0x00000000e3c00000| Untracked 
|  61|0x00000000e3d00000, 0x00000000e3d00000, 0x00000000e3e00000|  0%| F|  |TAMS 0x00000000e3d00000, 0x00000000e3d00000| Untracked 
|  62|0x00000000e3e00000, 0x00000000e3e00000, 0x00000000e3f00000|  0%| F|  |TAMS 0x00000000e3e00000, 0x00000000e3e00000| Untracked 
|  63|0x00000000e3f00000, 0x00000000e3f00000, 0x00000000e4000000|  0%| F|  |TAMS 0x00000000e3f00000, 0x00000000e3f00000| Untracked 
|  64|0x00000000e4000000, 0x00000000e4000000, 0x00000000e4100000|  0%| F|  |TAMS 0x00000000e4000000, 0x00000000e4000000| Untracked 
|  65|0x00000000e4100000, 0x00000000e4100000, 0x00000000e4200000|  0%| F|  |TAMS 0x00000000e4100000, 0x00000000e4100000| Untracked 
|  66|0x00000000e4200000, 0x00000000e4200000, 0x00000000e4300000|  0%| F|  |TAMS 0x00000000e4200000, 0x00000000e4200000| Untracked 
|  67|0x00000000e4300000, 0x00000000e4300000, 0x00000000e4400000|  0%| F|  |TAMS 0x00000000e4300000, 0x00000000e4300000| Untracked 
|  68|0x00000000e4400000, 0x00000000e4400000, 0x00000000e4500000|  0%| F|  |TAMS 0x00000000e4400000, 0x00000000e4400000| Untracked 
|  69|0x00000000e4500000, 0x00000000e4500000, 0x00000000e4600000|  0%| F|  |TAMS 0x00000000e4500000, 0x00000000e4500000| Untracked 
|  70|0x00000000e4600000, 0x00000000e4600000, 0x00000000e4700000|  0%| F|  |TAMS 0x00000000e4600000, 0x00000000e4600000| Untracked 
|  71|0x00000000e4700000, 0x00000000e4700000, 0x00000000e4800000|  0%| F|  |TAMS 0x00000000e4700000, 0x00000000e4700000| Untracked 
|  72|0x00000000e4800000, 0x00000000e4800000, 0x00000000e4900000|  0%| F|  |TAMS 0x00000000e4800000, 0x00000000e4800000| Untracked 
|  73|0x00000000e4900000, 0x00000000e4900000, 0x00000000e4a00000|  0%| F|  |TAMS 0x00000000e4900000, 0x00000000e4900000| Untracked 
|  74|0x00000000e4a00000, 0x00000000e4a00000, 0x00000000e4b00000|  0%| F|  |TAMS 0x00000000e4a00000, 0x00000000e4a00000| Untracked 
|  75|0x00000000e4b00000, 0x00000000e4b00000, 0x00000000e4c00000|  0%| F|  |TAMS 0x00000000e4b00000, 0x00000000e4b00000| Untracked 
|  76|0x00000000e4c00000, 0x00000000e4c00000, 0x00000000e4d00000|  0%| F|  |TAMS 0x00000000e4c00000, 0x00000000e4c00000| Untracked 
|  77|0x00000000e4d00000, 0x00000000e4d00000, 0x00000000e4e00000|  0%| F|  |TAMS 0x00000000e4d00000, 0x00000000e4d00000| Untracked 
|  78|0x00000000e4e00000, 0x00000000e4e00000, 0x00000000e4f00000|  0%| F|  |TAMS 0x00000000e4e00000, 0x00000000e4e00000| Untracked 
|  79|0x00000000e4f00000, 0x00000000e4f00000, 0x00000000e5000000|  0%| F|  |TAMS 0x00000000e4f00000, 0x00000000e4f00000| Untracked 
|  80|0x00000000e5000000, 0x00000000e5000000, 0x00000000e5100000|  0%| F|  |TAMS 0x00000000e5000000, 0x00000000e5000000| Untracked 
|  81|0x00000000e5100000, 0x00000000e5100000, 0x00000000e5200000|  0%| F|  |TAMS 0x00000000e5100000, 0x00000000e5100000| Untracked 
|  82|0x00000000e5200000, 0x00000000e5200000, 0x00000000e5300000|  0%| F|  |TAMS 0x00000000e5200000, 0x00000000e5200000| Untracked 
|  83|0x00000000e5300000, 0x00000000e5300000, 0x00000000e5400000|  0%| F|  |TAMS 0x00000000e5300000, 0x00000000e5300000| Untracked 
|  84|0x00000000e5400000, 0x00000000e5400000, 0x00000000e5500000|  0%| F|  |TAMS 0x00000000e5400000, 0x00000000e5400000| Untracked 
|  85|0x00000000e5500000, 0x00000000e5500000, 0x00000000e5600000|  0%| F|  |TAMS 0x00000000e5500000, 0x00000000e5500000| Untracked 
|  86|0x00000000e5600000, 0x00000000e5600000, 0x00000000e5700000|  0%| F|  |TAMS 0x00000000e5600000, 0x00000000e5600000| Untracked 
|  87|0x00000000e5700000, 0x00000000e5700000, 0x00000000e5800000|  0%| F|  |TAMS 0x00000000e5700000, 0x00000000e5700000| Untracked 
|  88|0x00000000e5800000, 0x00000000e5800000, 0x00000000e5900000|  0%| F|  |TAMS 0x00000000e5800000, 0x00000000e5800000| Untracked 
|  89|0x00000000e5900000, 0x00000000e5900000, 0x00000000e5a00000|  0%| F|  |TAMS 0x00000000e5900000, 0x00000000e5900000| Untracked 
|  90|0x00000000e5a00000, 0x00000000e5a00000, 0x00000000e5b00000|  0%| F|  |TAMS 0x00000000e5a00000, 0x00000000e5a00000| Untracked 
|  91|0x00000000e5b00000, 0x00000000e5b00000, 0x00000000e5c00000|  0%| F|  |TAMS 0x00000000e5b00000, 0x00000000e5b00000| Untracked 
|  92|0x00000000e5c00000, 0x00000000e5c00000, 0x00000000e5d00000|  0%| F|  |TAMS 0x00000000e5c00000, 0x00000000e5c00000| Untracked 
|  93|0x00000000e5d00000, 0x00000000e5d00000, 0x00000000e5e00000|  0%| F|  |TAMS 0x00000000e5d00000, 0x00000000e5d00000| Untracked 
|  94|0x00000000e5e00000, 0x00000000e5e00000, 0x00000000e5f00000|  0%| F|  |TAMS 0x00000000e5e00000, 0x00000000e5e00000| Untracked 
|  95|0x00000000e5f00000, 0x00000000e5f00000, 0x00000000e6000000|  0%| F|  |TAMS 0x00000000e5f00000, 0x00000000e5f00000| Untracked 
|  96|0x00000000e6000000, 0x00000000e6000000, 0x00000000e6100000|  0%| F|  |TAMS 0x00000000e6000000, 0x00000000e6000000| Untracked 
|  97|0x00000000e6100000, 0x00000000e6100000, 0x00000000e6200000|  0%| F|  |TAMS 0x00000000e6100000, 0x00000000e6100000| Untracked 
|  98|0x00000000e6200000, 0x00000000e6200000, 0x00000000e6300000|  0%| F|  |TAMS 0x00000000e6200000, 0x00000000e6200000| Untracked 
|  99|0x00000000e6300000, 0x00000000e6300000, 0x00000000e6400000|  0%| F|  |TAMS 0x00000000e6300000, 0x00000000e6300000| Untracked 
| 100|0x00000000e6400000, 0x00000000e6400000, 0x00000000e6500000|  0%| F|  |TAMS 0x00000000e6400000, 0x00000000e6400000| Untracked 
| 101|0x00000000e6500000, 0x00000000e6500000, 0x00000000e6600000|  0%| F|  |TAMS 0x00000000e6500000, 0x00000000e6500000| Untracked 
| 102|0x00000000e6600000, 0x00000000e6600000, 0x00000000e6700000|  0%| F|  |TAMS 0x00000000e6600000, 0x00000000e6600000| Untracked 
| 103|0x00000000e6700000, 0x00000000e6700000, 0x00000000e6800000|  0%| F|  |TAMS 0x00000000e6700000, 0x00000000e6700000| Untracked 
| 104|0x00000000e6800000, 0x00000000e6800000, 0x00000000e6900000|  0%| F|  |TAMS 0x00000000e6800000, 0x00000000e6800000| Untracked 
| 105|0x00000000e6900000, 0x00000000e6900000, 0x00000000e6a00000|  0%| F|  |TAMS 0x00000000e6900000, 0x00000000e6900000| Untracked 
| 106|0x00000000e6a00000, 0x00000000e6a00000, 0x00000000e6b00000|  0%| F|  |TAMS 0x00000000e6a00000, 0x00000000e6a00000| Untracked 
| 107|0x00000000e6b00000, 0x00000000e6b00000, 0x00000000e6c00000|  0%| F|  |TAMS 0x00000000e6b00000, 0x00000000e6b00000| Untracked 
| 108|0x00000000e6c00000, 0x00000000e6c00000, 0x00000000e6d00000|  0%| F|  |TAMS 0x00000000e6c00000, 0x00000000e6c00000| Untracked 
| 109|0x00000000e6d00000, 0x00000000e6d00000, 0x00000000e6e00000|  0%| F|  |TAMS 0x00000000e6d00000, 0x00000000e6d00000| Untracked 
| 110|0x00000000e6e00000, 0x00000000e6e00000, 0x00000000e6f00000|  0%| F|  |TAMS 0x00000000e6e00000, 0x00000000e6e00000| Untracked 
| 111|0x00000000e6f00000, 0x00000000e6f00000, 0x00000000e7000000|  0%| F|  |TAMS 0x00000000e6f00000, 0x00000000e6f00000| Untracked 
| 112|0x00000000e7000000, 0x00000000e7000000, 0x00000000e7100000|  0%| F|  |TAMS 0x00000000e7000000, 0x00000000e7000000| Untracked 
| 113|0x00000000e7100000, 0x00000000e7100000, 0x00000000e7200000|  0%| F|  |TAMS 0x00000000e7100000, 0x00000000e7100000| Untracked 
| 114|0x00000000e7200000, 0x00000000e7200000, 0x00000000e7300000|  0%| F|  |TAMS 0x00000000e7200000, 0x00000000e7200000| Untracked 
| 115|0x00000000e7300000, 0x00000000e7300000, 0x00000000e7400000|  0%| F|  |TAMS 0x00000000e7300000, 0x00000000e7300000| Untracked 
| 116|0x00000000e7400000, 0x00000000e7400000, 0x00000000e7500000|  0%| F|  |TAMS 0x00000000e7400000, 0x00000000e7400000| Untracked 
| 117|0x00000000e7500000, 0x00000000e7500000, 0x00000000e7600000|  0%| F|  |TAMS 0x00000000e7500000, 0x00000000e7500000| Untracked 
| 118|0x00000000e7600000, 0x00000000e7600000, 0x00000000e7700000|  0%| F|  |TAMS 0x00000000e7600000, 0x00000000e7600000| Untracked 
| 119|0x00000000e7700000, 0x00000000e7700000, 0x00000000e7800000|  0%| F|  |TAMS 0x00000000e7700000, 0x00000000e7700000| Untracked 
| 120|0x00000000e7800000, 0x00000000e7800000, 0x00000000e7900000|  0%| F|  |TAMS 0x00000000e7800000, 0x00000000e7800000| Untracked 
| 121|0x00000000e7900000, 0x00000000e7900000, 0x00000000e7a00000|  0%| F|  |TAMS 0x00000000e7900000, 0x00000000e7900000| Untracked 
| 122|0x00000000e7a00000, 0x00000000e7a00000, 0x00000000e7b00000|  0%| F|  |TAMS 0x00000000e7a00000, 0x00000000e7a00000| Untracked 
| 123|0x00000000e7b00000, 0x00000000e7b00000, 0x00000000e7c00000|  0%| F|  |TAMS 0x00000000e7b00000, 0x00000000e7b00000| Untracked 
| 124|0x00000000e7c00000, 0x00000000e7c00000, 0x00000000e7d00000|  0%| F|  |TAMS 0x00000000e7c00000, 0x00000000e7c00000| Untracked 
| 125|0x00000000e7d00000, 0x00000000e7d00000, 0x00000000e7e00000|  0%| F|  |TAMS 0x00000000e7d00000, 0x00000000e7d00000| Untracked 
| 126|0x00000000e7e00000, 0x00000000e7e00000, 0x00000000e7f00000|  0%| F|  |TAMS 0x00000000e7e00000, 0x00000000e7e00000| Untracked 
| 127|0x00000000e7f00000, 0x00000000e7f00000, 0x00000000e8000000|  0%| F|  |TAMS 0x00000000e7f00000, 0x00000000e7f00000| Untracked 
| 128|0x00000000e8000000, 0x00000000e8000000, 0x00000000e8100000|  0%| F|  |TAMS 0x00000000e8000000, 0x00000000e8000000| Untracked 
| 129|0x00000000e8100000, 0x00000000e8100000, 0x00000000e8200000|  0%| F|  |TAMS 0x00000000e8100000, 0x00000000e8100000| Untracked 
| 130|0x00000000e8200000, 0x00000000e8200000, 0x00000000e8300000|  0%| F|  |TAMS 0x00000000e8200000, 0x00000000e8200000| Untracked 
| 131|0x00000000e8300000, 0x00000000e8300000, 0x00000000e8400000|  0%| F|  |TAMS 0x00000000e8300000, 0x00000000e8300000| Untracked 
| 132|0x00000000e8400000, 0x00000000e8400000, 0x00000000e8500000|  0%| F|  |TAMS 0x00000000e8400000, 0x00000000e8400000| Untracked 
| 133|0x00000000e8500000, 0x00000000e8500000, 0x00000000e8600000|  0%| F|  |TAMS 0x00000000e8500000, 0x00000000e8500000| Untracked 
| 134|0x00000000e8600000, 0x00000000e8600000, 0x00000000e8700000|  0%| F|  |TAMS 0x00000000e8600000, 0x00000000e8600000| Untracked 
| 135|0x00000000e8700000, 0x00000000e8700000, 0x00000000e8800000|  0%| F|  |TAMS 0x00000000e8700000, 0x00000000e8700000| Untracked 
| 136|0x00000000e8800000, 0x00000000e8800000, 0x00000000e8900000|  0%| F|  |TAMS 0x00000000e8800000, 0x00000000e8800000| Untracked 
| 137|0x00000000e8900000, 0x00000000e8900000, 0x00000000e8a00000|  0%| F|  |TAMS 0x00000000e8900000, 0x00000000e8900000| Untracked 
| 138|0x00000000e8a00000, 0x00000000e8a00000, 0x00000000e8b00000|  0%| F|  |TAMS 0x00000000e8a00000, 0x00000000e8a00000| Untracked 
| 139|0x00000000e8b00000, 0x00000000e8b00000, 0x00000000e8c00000|  0%| F|  |TAMS 0x00000000e8b00000, 0x00000000e8b00000| Untracked 
| 140|0x00000000e8c00000, 0x00000000e8c00000, 0x00000000e8d00000|  0%| F|  |TAMS 0x00000000e8c00000, 0x00000000e8c00000| Untracked 
| 141|0x00000000e8d00000, 0x00000000e8d00000, 0x00000000e8e00000|  0%| F|  |TAMS 0x00000000e8d00000, 0x00000000e8d00000| Untracked 
| 142|0x00000000e8e00000, 0x00000000e8e00000, 0x00000000e8f00000|  0%| F|  |TAMS 0x00000000e8e00000, 0x00000000e8e00000| Untracked 
| 143|0x00000000e8f00000, 0x00000000e8f00000, 0x00000000e9000000|  0%| F|  |TAMS 0x00000000e8f00000, 0x00000000e8f00000| Untracked 
| 144|0x00000000e9000000, 0x00000000e9075e28, 0x00000000e9100000| 46%| S|CS|TAMS 0x00000000e9000000, 0x00000000e9000000| Complete 
| 145|0x00000000e9100000, 0x00000000e9200000, 0x00000000e9200000|100%| S|CS|TAMS 0x00000000e9100000, 0x00000000e9100000| Complete 
| 146|0x00000000e9200000, 0x00000000e9300000, 0x00000000e9300000|100%| S|CS|TAMS 0x00000000e9200000, 0x00000000e9200000| Complete 
| 147|0x00000000e9300000, 0x00000000e9400000, 0x00000000e9400000|100%| S|CS|TAMS 0x00000000e9300000, 0x00000000e9300000| Complete 
| 148|0x00000000e9400000, 0x00000000e9500000, 0x00000000e9500000|100%| S|CS|TAMS 0x00000000e9400000, 0x00000000e9400000| Complete 
| 149|0x00000000e9500000, 0x00000000e9600000, 0x00000000e9600000|100%| S|CS|TAMS 0x00000000e9500000, 0x00000000e9500000| Complete 
| 150|0x00000000e9600000, 0x00000000e9700000, 0x00000000e9700000|100%| S|CS|TAMS 0x00000000e9600000, 0x00000000e9600000| Complete 
| 151|0x00000000e9700000, 0x00000000e9800000, 0x00000000e9800000|100%| S|CS|TAMS 0x00000000e9700000, 0x00000000e9700000| Complete 
| 152|0x00000000e9800000, 0x00000000e9900000, 0x00000000e9900000|100%| S|CS|TAMS 0x00000000e9800000, 0x00000000e9800000| Complete 
| 153|0x00000000e9900000, 0x00000000e9900000, 0x00000000e9a00000|  0%| F|  |TAMS 0x00000000e9900000, 0x00000000e9900000| Untracked 
| 154|0x00000000e9a00000, 0x00000000e9ac7c10, 0x00000000e9b00000| 78%| E|  |TAMS 0x00000000e9a00000, 0x00000000e9a00000| Complete 
| 155|0x00000000e9b00000, 0x00000000e9c00000, 0x00000000e9c00000|100%| E|CS|TAMS 0x00000000e9b00000, 0x00000000e9b00000| Complete 
| 156|0x00000000e9c00000, 0x00000000e9d00000, 0x00000000e9d00000|100%| E|CS|TAMS 0x00000000e9c00000, 0x00000000e9c00000| Complete 
| 157|0x00000000e9d00000, 0x00000000e9e00000, 0x00000000e9e00000|100%| E|CS|TAMS 0x00000000e9d00000, 0x00000000e9d00000| Complete 
| 158|0x00000000e9e00000, 0x00000000e9f00000, 0x00000000e9f00000|100%| E|CS|TAMS 0x00000000e9e00000, 0x00000000e9e00000| Complete 
| 159|0x00000000e9f00000, 0x00000000ea000000, 0x00000000ea000000|100%| E|CS|TAMS 0x00000000e9f00000, 0x00000000e9f00000| Complete 
| 160|0x00000000ea000000, 0x00000000ea100000, 0x00000000ea100000|100%| E|CS|TAMS 0x00000000ea000000, 0x00000000ea000000| Complete 
| 161|0x00000000ea100000, 0x00000000ea200000, 0x00000000ea200000|100%| E|CS|TAMS 0x00000000ea100000, 0x00000000ea100000| Complete 
| 162|0x00000000ea200000, 0x00000000ea300000, 0x00000000ea300000|100%| E|CS|TAMS 0x00000000ea200000, 0x00000000ea200000| Complete 
| 163|0x00000000ea300000, 0x00000000ea400000, 0x00000000ea400000|100%| E|CS|TAMS 0x00000000ea300000, 0x00000000ea300000| Complete 
| 164|0x00000000ea400000, 0x00000000ea500000, 0x00000000ea500000|100%| E|CS|TAMS 0x00000000ea400000, 0x00000000ea400000| Complete 
| 165|0x00000000ea500000, 0x00000000ea600000, 0x00000000ea600000|100%| E|CS|TAMS 0x00000000ea500000, 0x00000000ea500000| Complete 
| 166|0x00000000ea600000, 0x00000000ea700000, 0x00000000ea700000|100%| E|CS|TAMS 0x00000000ea600000, 0x00000000ea600000| Complete 
| 167|0x00000000ea700000, 0x00000000ea800000, 0x00000000ea800000|100%| E|CS|TAMS 0x00000000ea700000, 0x00000000ea700000| Complete 
| 168|0x00000000ea800000, 0x00000000ea900000, 0x00000000ea900000|100%| E|CS|TAMS 0x00000000ea800000, 0x00000000ea800000| Complete 
| 169|0x00000000ea900000, 0x00000000eaa00000, 0x00000000eaa00000|100%| E|CS|TAMS 0x00000000ea900000, 0x00000000ea900000| Complete 
| 170|0x00000000eaa00000, 0x00000000eab00000, 0x00000000eab00000|100%| E|CS|TAMS 0x00000000eaa00000, 0x00000000eaa00000| Complete 
| 171|0x00000000eab00000, 0x00000000eac00000, 0x00000000eac00000|100%| E|CS|TAMS 0x00000000eab00000, 0x00000000eab00000| Complete 
| 172|0x00000000eac00000, 0x00000000ead00000, 0x00000000ead00000|100%| E|CS|TAMS 0x00000000eac00000, 0x00000000eac00000| Complete 
| 173|0x00000000ead00000, 0x00000000eae00000, 0x00000000eae00000|100%| E|CS|TAMS 0x00000000ead00000, 0x00000000ead00000| Complete 
| 174|0x00000000eae00000, 0x00000000eaf00000, 0x00000000eaf00000|100%| E|CS|TAMS 0x00000000eae00000, 0x00000000eae00000| Complete 
| 175|0x00000000eaf00000, 0x00000000eb000000, 0x00000000eb000000|100%| E|CS|TAMS 0x00000000eaf00000, 0x00000000eaf00000| Complete 
| 176|0x00000000eb000000, 0x00000000eb100000, 0x00000000eb100000|100%| E|CS|TAMS 0x00000000eb000000, 0x00000000eb000000| Complete 
| 177|0x00000000eb100000, 0x00000000eb200000, 0x00000000eb200000|100%| E|CS|TAMS 0x00000000eb100000, 0x00000000eb100000| Complete 
| 178|0x00000000eb200000, 0x00000000eb300000, 0x00000000eb300000|100%| E|CS|TAMS 0x00000000eb200000, 0x00000000eb200000| Complete 
| 179|0x00000000eb300000, 0x00000000eb400000, 0x00000000eb400000|100%| E|CS|TAMS 0x00000000eb300000, 0x00000000eb300000| Complete 
| 180|0x00000000eb400000, 0x00000000eb500000, 0x00000000eb500000|100%| E|CS|TAMS 0x00000000eb400000, 0x00000000eb400000| Complete 
| 181|0x00000000eb500000, 0x00000000eb600000, 0x00000000eb600000|100%| E|CS|TAMS 0x00000000eb500000, 0x00000000eb500000| Complete 
| 182|0x00000000eb600000, 0x00000000eb700000, 0x00000000eb700000|100%| E|CS|TAMS 0x00000000eb600000, 0x00000000eb600000| Complete 
| 183|0x00000000eb700000, 0x00000000eb800000, 0x00000000eb800000|100%| E|CS|TAMS 0x00000000eb700000, 0x00000000eb700000| Complete 
| 184|0x00000000eb800000, 0x00000000eb900000, 0x00000000eb900000|100%| E|CS|TAMS 0x00000000eb800000, 0x00000000eb800000| Complete 
| 185|0x00000000eb900000, 0x00000000eba00000, 0x00000000eba00000|100%| E|CS|TAMS 0x00000000eb900000, 0x00000000eb900000| Complete 
| 186|0x00000000eba00000, 0x00000000ebb00000, 0x00000000ebb00000|100%| E|CS|TAMS 0x00000000eba00000, 0x00000000eba00000| Complete 
| 187|0x00000000ebb00000, 0x00000000ebc00000, 0x00000000ebc00000|100%| E|CS|TAMS 0x00000000ebb00000, 0x00000000ebb00000| Complete 
| 188|0x00000000ebc00000, 0x00000000ebd00000, 0x00000000ebd00000|100%| E|CS|TAMS 0x00000000ebc00000, 0x00000000ebc00000| Complete 
| 189|0x00000000ebd00000, 0x00000000ebe00000, 0x00000000ebe00000|100%| E|CS|TAMS 0x00000000ebd00000, 0x00000000ebd00000| Complete 
| 190|0x00000000ebe00000, 0x00000000ebf00000, 0x00000000ebf00000|100%| E|CS|TAMS 0x00000000ebe00000, 0x00000000ebe00000| Complete 
| 191|0x00000000ebf00000, 0x00000000ec000000, 0x00000000ec000000|100%| E|CS|TAMS 0x00000000ebf00000, 0x00000000ebf00000| Complete 
| 192|0x00000000ec000000, 0x00000000ec100000, 0x00000000ec100000|100%| E|CS|TAMS 0x00000000ec000000, 0x00000000ec000000| Complete 
| 193|0x00000000ec100000, 0x00000000ec200000, 0x00000000ec200000|100%| E|CS|TAMS 0x00000000ec100000, 0x00000000ec100000| Complete 
| 194|0x00000000ec200000, 0x00000000ec300000, 0x00000000ec300000|100%| E|CS|TAMS 0x00000000ec200000, 0x00000000ec200000| Complete 
| 195|0x00000000ec300000, 0x00000000ec400000, 0x00000000ec400000|100%| E|CS|TAMS 0x00000000ec300000, 0x00000000ec300000| Complete 
| 196|0x00000000ec400000, 0x00000000ec500000, 0x00000000ec500000|100%| E|CS|TAMS 0x00000000ec400000, 0x00000000ec400000| Complete 
| 197|0x00000000ec500000, 0x00000000ec600000, 0x00000000ec600000|100%| E|CS|TAMS 0x00000000ec500000, 0x00000000ec500000| Complete 
| 198|0x00000000ec600000, 0x00000000ec700000, 0x00000000ec700000|100%| E|CS|TAMS 0x00000000ec600000, 0x00000000ec600000| Complete 
| 199|0x00000000ec700000, 0x00000000ec800000, 0x00000000ec800000|100%| E|CS|TAMS 0x00000000ec700000, 0x00000000ec700000| Complete 
| 200|0x00000000ec800000, 0x00000000ec900000, 0x00000000ec900000|100%| E|CS|TAMS 0x00000000ec800000, 0x00000000ec800000| Complete 
| 201|0x00000000ec900000, 0x00000000eca00000, 0x00000000eca00000|100%| E|CS|TAMS 0x00000000ec900000, 0x00000000ec900000| Complete 
| 202|0x00000000eca00000, 0x00000000ecb00000, 0x00000000ecb00000|100%| E|CS|TAMS 0x00000000eca00000, 0x00000000eca00000| Complete 
| 203|0x00000000ecb00000, 0x00000000ecc00000, 0x00000000ecc00000|100%| E|CS|TAMS 0x00000000ecb00000, 0x00000000ecb00000| Complete 
| 204|0x00000000ecc00000, 0x00000000ecd00000, 0x00000000ecd00000|100%| E|CS|TAMS 0x00000000ecc00000, 0x00000000ecc00000| Complete 
| 205|0x00000000ecd00000, 0x00000000ece00000, 0x00000000ece00000|100%| E|CS|TAMS 0x00000000ecd00000, 0x00000000ecd00000| Complete 
| 206|0x00000000ece00000, 0x00000000ecf00000, 0x00000000ecf00000|100%| E|CS|TAMS 0x00000000ece00000, 0x00000000ece00000| Complete 
| 207|0x00000000ecf00000, 0x00000000ed000000, 0x00000000ed000000|100%| E|CS|TAMS 0x00000000ecf00000, 0x00000000ecf00000| Complete 
| 208|0x00000000ed000000, 0x00000000ed100000, 0x00000000ed100000|100%| E|CS|TAMS 0x00000000ed000000, 0x00000000ed000000| Complete 
| 209|0x00000000ed100000, 0x00000000ed200000, 0x00000000ed200000|100%| E|CS|TAMS 0x00000000ed100000, 0x00000000ed100000| Complete 
| 210|0x00000000ed200000, 0x00000000ed300000, 0x00000000ed300000|100%| E|CS|TAMS 0x00000000ed200000, 0x00000000ed200000| Complete 
| 211|0x00000000ed300000, 0x00000000ed400000, 0x00000000ed400000|100%| E|CS|TAMS 0x00000000ed300000, 0x00000000ed300000| Complete 
| 212|0x00000000ed400000, 0x00000000ed500000, 0x00000000ed500000|100%| E|CS|TAMS 0x00000000ed400000, 0x00000000ed400000| Complete 
| 213|0x00000000ed500000, 0x00000000ed600000, 0x00000000ed600000|100%| E|CS|TAMS 0x00000000ed500000, 0x00000000ed500000| Complete 
| 214|0x00000000ed600000, 0x00000000ed700000, 0x00000000ed700000|100%| E|CS|TAMS 0x00000000ed600000, 0x00000000ed600000| Complete 
| 215|0x00000000ed700000, 0x00000000ed800000, 0x00000000ed800000|100%| E|CS|TAMS 0x00000000ed700000, 0x00000000ed700000| Complete 
| 216|0x00000000ed800000, 0x00000000ed900000, 0x00000000ed900000|100%| E|CS|TAMS 0x00000000ed800000, 0x00000000ed800000| Complete 
| 217|0x00000000ed900000, 0x00000000eda00000, 0x00000000eda00000|100%| E|CS|TAMS 0x00000000ed900000, 0x00000000ed900000| Complete 
| 218|0x00000000eda00000, 0x00000000edb00000, 0x00000000edb00000|100%| E|CS|TAMS 0x00000000eda00000, 0x00000000eda00000| Complete 
| 219|0x00000000edb00000, 0x00000000edc00000, 0x00000000edc00000|100%| E|CS|TAMS 0x00000000edb00000, 0x00000000edb00000| Complete 
| 220|0x00000000edc00000, 0x00000000edd00000, 0x00000000edd00000|100%| E|CS|TAMS 0x00000000edc00000, 0x00000000edc00000| Complete 
| 221|0x00000000edd00000, 0x00000000ede00000, 0x00000000ede00000|100%| E|CS|TAMS 0x00000000edd00000, 0x00000000edd00000| Complete 
| 222|0x00000000ede00000, 0x00000000edf00000, 0x00000000edf00000|100%| E|CS|TAMS 0x00000000ede00000, 0x00000000ede00000| Complete 
| 223|0x00000000edf00000, 0x00000000ee000000, 0x00000000ee000000|100%| E|CS|TAMS 0x00000000edf00000, 0x00000000edf00000| Complete 
| 224|0x00000000ee000000, 0x00000000ee100000, 0x00000000ee100000|100%| E|CS|TAMS 0x00000000ee000000, 0x00000000ee000000| Complete 
| 225|0x00000000ee100000, 0x00000000ee200000, 0x00000000ee200000|100%| E|CS|TAMS 0x00000000ee100000, 0x00000000ee100000| Complete 
| 226|0x00000000ee200000, 0x00000000ee300000, 0x00000000ee300000|100%| E|CS|TAMS 0x00000000ee200000, 0x00000000ee200000| Complete 
| 227|0x00000000ee300000, 0x00000000ee400000, 0x00000000ee400000|100%| E|CS|TAMS 0x00000000ee300000, 0x00000000ee300000| Complete 
| 228|0x00000000ee400000, 0x00000000ee500000, 0x00000000ee500000|100%| E|CS|TAMS 0x00000000ee400000, 0x00000000ee400000| Complete 
| 229|0x00000000ee500000, 0x00000000ee600000, 0x00000000ee600000|100%| E|CS|TAMS 0x00000000ee500000, 0x00000000ee500000| Complete 
| 230|0x00000000ee600000, 0x00000000ee700000, 0x00000000ee700000|100%| E|CS|TAMS 0x00000000ee600000, 0x00000000ee600000| Complete 
| 231|0x00000000ee700000, 0x00000000ee800000, 0x00000000ee800000|100%| E|  |TAMS 0x00000000ee700000, 0x00000000ee700000| Complete 
| 232|0x00000000ee800000, 0x00000000ee900000, 0x00000000ee900000|100%| E|CS|TAMS 0x00000000ee800000, 0x00000000ee800000| Complete 
| 233|0x00000000ee900000, 0x00000000eea00000, 0x00000000eea00000|100%| E|CS|TAMS 0x00000000ee900000, 0x00000000ee900000| Complete 
| 234|0x00000000eea00000, 0x00000000eeb00000, 0x00000000eeb00000|100%| E|CS|TAMS 0x00000000eea00000, 0x00000000eea00000| Complete 
| 235|0x00000000eeb00000, 0x00000000eec00000, 0x00000000eec00000|100%| E|CS|TAMS 0x00000000eeb00000, 0x00000000eeb00000| Complete 
| 236|0x00000000eec00000, 0x00000000eed00000, 0x00000000eed00000|100%| E|CS|TAMS 0x00000000eec00000, 0x00000000eec00000| Complete 
| 237|0x00000000eed00000, 0x00000000eee00000, 0x00000000eee00000|100%| E|CS|TAMS 0x00000000eed00000, 0x00000000eed00000| Complete 
| 238|0x00000000eee00000, 0x00000000eef00000, 0x00000000eef00000|100%| E|CS|TAMS 0x00000000eee00000, 0x00000000eee00000| Complete 
| 239|0x00000000eef00000, 0x00000000ef000000, 0x00000000ef000000|100%| E|CS|TAMS 0x00000000eef00000, 0x00000000eef00000| Complete 
| 240|0x00000000ef000000, 0x00000000ef100000, 0x00000000ef100000|100%| E|CS|TAMS 0x00000000ef000000, 0x00000000ef000000| Complete 
| 241|0x00000000ef100000, 0x00000000ef200000, 0x00000000ef200000|100%| E|CS|TAMS 0x00000000ef100000, 0x00000000ef100000| Complete 
| 242|0x00000000ef200000, 0x00000000ef300000, 0x00000000ef300000|100%| E|CS|TAMS 0x00000000ef200000, 0x00000000ef200000| Complete 
| 243|0x00000000ef300000, 0x00000000ef400000, 0x00000000ef400000|100%| E|CS|TAMS 0x00000000ef300000, 0x00000000ef300000| Complete 
| 244|0x00000000ef400000, 0x00000000ef500000, 0x00000000ef500000|100%| E|CS|TAMS 0x00000000ef400000, 0x00000000ef400000| Complete 
| 245|0x00000000ef500000, 0x00000000ef600000, 0x00000000ef600000|100%| E|CS|TAMS 0x00000000ef500000, 0x00000000ef500000| Complete 
| 246|0x00000000ef600000, 0x00000000ef700000, 0x00000000ef700000|100%| E|CS|TAMS 0x00000000ef600000, 0x00000000ef600000| Complete 
| 247|0x00000000ef700000, 0x00000000ef800000, 0x00000000ef800000|100%| E|CS|TAMS 0x00000000ef700000, 0x00000000ef700000| Complete 
| 248|0x00000000ef800000, 0x00000000ef900000, 0x00000000ef900000|100%| E|CS|TAMS 0x00000000ef800000, 0x00000000ef800000| Complete 
| 249|0x00000000ef900000, 0x00000000efa00000, 0x00000000efa00000|100%| E|CS|TAMS 0x00000000ef900000, 0x00000000ef900000| Complete 
| 250|0x00000000efa00000, 0x00000000efb00000, 0x00000000efb00000|100%| E|CS|TAMS 0x00000000efa00000, 0x00000000efa00000| Complete 
| 251|0x00000000efb00000, 0x00000000efc00000, 0x00000000efc00000|100%| E|CS|TAMS 0x00000000efb00000, 0x00000000efb00000| Complete 
| 252|0x00000000efc00000, 0x00000000efd00000, 0x00000000efd00000|100%| E|CS|TAMS 0x00000000efc00000, 0x00000000efc00000| Complete 
| 253|0x00000000efd00000, 0x00000000efe00000, 0x00000000efe00000|100%| E|CS|TAMS 0x00000000efd00000, 0x00000000efd00000| Complete 
| 254|0x00000000efe00000, 0x00000000eff00000, 0x00000000eff00000|100%| E|CS|TAMS 0x00000000efe00000, 0x00000000efe00000| Complete 
| 255|0x00000000eff00000, 0x00000000f0000000, 0x00000000f0000000|100%| E|CS|TAMS 0x00000000eff00000, 0x00000000eff00000| Complete 

Card table byte_map: [0x0000026549e40000,0x0000026549f40000] _byte_map_base: 0x0000026549740000

Marking Bits (Prev, Next): (CMBitMap*) 0x0000026531395fa0, (CMBitMap*) 0x0000026531395fe0
 Prev Bits: [0x000002654a040000, 0x000002654a840000)
 Next Bits: [0x000002654a840000, 0x000002654b040000)

Polling page: 0x0000026531450000

Metaspace:

Usage:
  Non-class:     37.03 MB used.
      Class:      5.94 MB used.
       Both:     42.97 MB used.

Virtual space:
  Non-class space:       40.00 MB reserved,      37.31 MB ( 93%) committed,  5 nodes.
      Class space:      208.00 MB reserved,       6.19 MB (  3%) committed,  1 nodes.
              Both:      248.00 MB reserved,      43.50 MB ( 18%) committed. 

Chunk freelists:
   Non-Class:  2.52 MB
       Class:  1.75 MB
        Both:  4.27 MB

MaxMetaspaceSize: 256.00 MB
CompressedClassSpaceSize: 208.00 MB
 - commit_granule_bytes: 65536.
 - commit_granule_words: 8192.
 - virtual_space_node_default_size: 1048576.
 - enlarge_chunks_in_place: 1.
 - new_chunks_are_fully_committed: 0.
 - uncommit_free_chunks: 1.
 - use_allocation_guard: 0.
 - handle_deallocations: 1.


Internal statistics:

num_allocs_failed_limit: 6.
num_arena_births: 630.
num_arena_deaths: 0.
num_vsnodes_births: 6.
num_vsnodes_deaths: 0.
num_space_committed: 696.
num_space_uncommitted: 0.
num_chunks_returned_to_freelist: 6.
num_chunks_taken_from_freelist: 2363.
num_chunk_merges: 6.
num_chunk_splits: 1544.
num_chunks_enlarged: 1044.
num_purges: 0.

CodeHeap 'non-profiled nmethods': size=120000Kb used=3274Kb max_used=3274Kb free=116725Kb
 bounds [0x0000026541d90000, 0x00000265420d0000, 0x00000265492c0000]
CodeHeap 'profiled nmethods': size=120000Kb used=10664Kb max_used=10664Kb free=109335Kb
 bounds [0x000002653a860000, 0x000002653b2d0000, 0x0000026541d90000]
CodeHeap 'non-nmethods': size=5760Kb used=2334Kb max_used=2383Kb free=3425Kb
 bounds [0x000002653a2c0000, 0x000002653a530000, 0x000002653a860000]
 total_blobs=6207 nmethods=5361 adapters=758
 compilation: enabled
              stopped_count=0, restarted_count=0
 full_count=0

Compilation events (20 events):
Event: 7.976 Thread 0x000002654dad43e0 nmethod 5363 0x00000265420c0d90 code [0x00000265420c0f20, 0x00000265420c0ff8]
Event: 7.976 Thread 0x000002654dad43e0 5366       3       org.gradle.cache.internal.DefaultCacheAccess::onStartWork (22 bytes)
Event: 7.976 Thread 0x000002654dad43e0 nmethod 5366 0x000002653b2c1310 code [0x000002653b2c14c0, 0x000002653b2c1768]
Event: 7.976 Thread 0x000002654dad43e0 5367       3       java.util.concurrent.locks.LockSupport::setCurrentBlocker (14 bytes)
Event: 7.976 Thread 0x000002654dad43e0 nmethod 5367 0x000002653b2c1810 code [0x000002653b2c19c0, 0x000002653b2c1c08]
Event: 7.976 Thread 0x000002654dad43e0 5368   !   3       org.gradle.cache.internal.DefaultCacheAccess::useCache (191 bytes)
Event: 7.980 Thread 0x000002654dad43e0 nmethod 5368 0x000002653b2c1c90 code [0x000002653b2c2180, 0x000002653b2c49b8]
Event: 7.980 Thread 0x000002654dad43e0 5370       3       java.util.concurrent.locks.AbstractQueuedSynchronizer::enqueue (60 bytes)
Event: 7.980 Thread 0x000002654dad43e0 nmethod 5370 0x000002653b2c5d90 code [0x000002653b2c5f80, 0x000002653b2c6418]
Event: 7.980 Thread 0x000002654dad43e0 5369       1       org.gradle.internal.component.model.DefaultIvyArtifactName::getExtension (5 bytes)
Event: 7.981 Thread 0x000002654dad43e0 nmethod 5369 0x00000265420c1090 code [0x00000265420c1220, 0x00000265420c12f8]
Event: 7.981 Thread 0x000002654dad43e0 5371       1       org.gradle.internal.component.model.DefaultIvyArtifactName::getType (5 bytes)
Event: 7.981 Thread 0x000002654dad43e0 nmethod 5371 0x00000265420c1390 code [0x00000265420c1520, 0x00000265420c15f8]
Event: 7.981 Thread 0x000002654dad43e0 5372       1       org.gradle.internal.operations.DefaultBuildOperationQueue::access$400 (5 bytes)
Event: 7.981 Thread 0x000002654dad43e0 nmethod 5372 0x00000265420c1690 code [0x00000265420c1820, 0x00000265420c18d8]
Event: 7.982 Thread 0x000002654dad43e0 5374       2       java.io.DataOutputStream::writeByte (14 bytes)
Event: 7.983 Thread 0x000002654dad43e0 nmethod 5374 0x000002653b2c6610 code [0x000002653b2c67c0, 0x000002653b2c6908]
Event: 7.983 Thread 0x000002654dad43e0 5375       2       java.lang.StringUTF16::length (5 bytes)
Event: 7.983 Thread 0x000002654dad43e0 nmethod 5375 0x000002653b2c6990 code [0x000002653b2c6b20, 0x000002653b2c6c18]
Event: 7.983 Thread 0x000002654dad43e0 5377   !   2       org.gradle.cache.internal.LockOnDemandCrossProcessCacheAccess::incrementLockCount (193 bytes)

GC Heap History (8 events):
Event: 0.854 GC heap before
{Heap before GC invocations=0 (full 0):
 garbage-first heap   total 262144K, used 28672K [0x00000000e0000000, 0x0000000100000000)
  region size 1024K, 23 young (23552K), 0 survivors (0K)
 Metaspace       used 3195K, committed 3328K, reserved 221184K
  class space    used 391K, committed 448K, reserved 212992K
}
Event: 0.859 GC heap after
{Heap after GC invocations=1 (full 0):
 garbage-first heap   total 262144K, used 9550K [0x00000000e0000000, 0x0000000100000000)
  region size 1024K, 3 young (3072K), 3 survivors (3072K)
 Metaspace       used 3195K, committed 3328K, reserved 221184K
  class space    used 391K, committed 448K, reserved 212992K
}
Event: 1.283 GC heap before
{Heap before GC invocations=1 (full 0):
 garbage-first heap   total 262144K, used 35150K [0x00000000e0000000, 0x0000000100000000)
  region size 1024K, 28 young (28672K), 3 survivors (3072K)
 Metaspace       used 4106K, committed 4224K, reserved 221184K
  class space    used 485K, committed 576K, reserved 212992K
}
Event: 1.286 GC heap after
{Heap after GC invocations=2 (full 0):
 garbage-first heap   total 262144K, used 10636K [0x00000000e0000000, 0x0000000100000000)
  region size 1024K, 1 young (1024K), 1 survivors (1024K)
 Metaspace       used 4106K, committed 4224K, reserved 221184K
  class space    used 485K, committed 576K, reserved 212992K
}
Event: 3.956 GC heap before
{Heap before GC invocations=2 (full 0):
 garbage-first heap   total 262144K, used 153996K [0x00000000e0000000, 0x0000000100000000)
  region size 1024K, 115 young (117760K), 1 survivors (1024K)
 Metaspace       used 20914K, committed 21248K, reserved 237568K
  class space    used 3079K, committed 3264K, reserved 212992K
}
Event: 3.966 GC heap after
{Heap after GC invocations=3 (full 0):
 garbage-first heap   total 262144K, used 51546K [0x00000000e0000000, 0x0000000100000000)
  region size 1024K, 14 young (14336K), 14 survivors (14336K)
 Metaspace       used 20914K, committed 21248K, reserved 237568K
  class space    used 3079K, committed 3264K, reserved 212992K
}
Event: 5.913 GC heap before
{Heap before GC invocations=4 (full 0):
 garbage-first heap   total 262144K, used 158042K [0x00000000e0000000, 0x0000000100000000)
  region size 1024K, 117 young (119808K), 14 survivors (14336K)
 Metaspace       used 35148K, committed 35520K, reserved 245760K
  class space    used 4838K, committed 5056K, reserved 212992K
}
Event: 5.926 GC heap after
{Heap after GC invocations=5 (full 0):
 garbage-first heap   total 262144K, used 59715K [0x00000000e0000000, 0x0000000100000000)
  region size 1024K, 9 young (9216K), 9 survivors (9216K)
 Metaspace       used 35148K, committed 35520K, reserved 245760K
  class space    used 4838K, committed 5056K, reserved 212992K
}

Deoptimization events (20 events):
Event: 7.449 Thread 0x0000026550724ac0 DEOPT PACKING pc=0x0000026541f89a48 sp=0x0000009afa0f74f0
Event: 7.449 Thread 0x0000026550724ac0 DEOPT UNPACKING pc=0x000002653a30d72e sp=0x0000009afa0f74a0 mode 2
Event: 7.955 Thread 0x00000265508a55b0 Uncommon trap: trap_request=0xffffffde fr.pc=0x0000026541e99b88 relative=0x00000000000011e8
Event: 7.955 Thread 0x00000265508a55b0 Uncommon trap: reason=class_check action=maybe_recompile pc=0x0000026541e99b88 method=java.util.concurrent.ConcurrentHashMap.putVal(Ljava/lang/Object;Ljava/lang/Object;Z)Ljava/lang/Object; @ 242 c2
Event: 7.955 Thread 0x00000265508a6050 Uncommon trap: trap_request=0xffffffde fr.pc=0x0000026541e99b10 relative=0x0000000000001170
Event: 7.955 Thread 0x00000265508a55b0 DEOPT PACKING pc=0x0000026541e99b88 sp=0x0000009afc1fe2b0
Event: 7.955 Thread 0x00000265508a6050 Uncommon trap: reason=class_check action=maybe_recompile pc=0x0000026541e99b10 method=java.util.concurrent.ConcurrentHashMap.putVal(Ljava/lang/Object;Ljava/lang/Object;Z)Ljava/lang/Object; @ 159 c2
Event: 7.955 Thread 0x00000265508a6050 DEOPT PACKING pc=0x0000026541e99b10 sp=0x0000009afc2fdad0
Event: 7.955 Thread 0x00000265508a55b0 DEOPT UNPACKING pc=0x000002653a30d72e sp=0x0000009afc1fe220 mode 2
Event: 7.955 Thread 0x00000265508a6050 DEOPT UNPACKING pc=0x000002653a30d72e sp=0x0000009afc2fda50 mode 2
Event: 7.955 Thread 0x00000265508a9570 Uncommon trap: trap_request=0xffffffde fr.pc=0x0000026541e99b88 relative=0x00000000000011e8
Event: 7.955 Thread 0x00000265508a9570 Uncommon trap: reason=class_check action=maybe_recompile pc=0x0000026541e99b88 method=java.util.concurrent.ConcurrentHashMap.putVal(Ljava/lang/Object;Ljava/lang/Object;Z)Ljava/lang/Object; @ 242 c2
Event: 7.955 Thread 0x00000265508a9570 DEOPT PACKING pc=0x0000026541e99b88 sp=0x0000009afbffe5f0
Event: 7.955 Thread 0x00000265508a9570 DEOPT UNPACKING pc=0x000002653a30d72e sp=0x0000009afbffe560 mode 2
Event: 7.959 Thread 0x00000265508a9570 Uncommon trap: trap_request=0xffffff45 fr.pc=0x0000026541e7e414 relative=0x0000000000000154
Event: 7.960 Thread 0x00000265508a9570 Uncommon trap: reason=unstable_if action=reinterpret pc=0x0000026541e7e414 method=java.util.concurrent.ConcurrentHashMap.addCount(JI)V @ 34 c2
Event: 7.960 Thread 0x00000265508a9570 DEOPT PACKING pc=0x0000026541e7e414 sp=0x0000009afbffd5b0
Event: 7.960 Thread 0x00000265508a9570 DEOPT UNPACKING pc=0x000002653a30d72e sp=0x0000009afbffd510 mode 2
Event: 7.973 Thread 0x0000026558b120e0 DEOPT PACKING pc=0x000002653abc52f4 sp=0x0000009afd9fd4a0
Event: 7.973 Thread 0x0000026558b120e0 DEOPT UNPACKING pc=0x000002653a30dece sp=0x0000009afd9fca20 mode 0

Classes unloaded (0 events):
No events

Classes redefined (0 events):
No events

Internal exceptions (20 events):
Event: 6.595 Thread 0x0000026550724ac0 Exception <a 'java/lang/NoSuchMethodError'{0x00000000edf186d0}: 'java.lang.Object java.lang.invoke.DirectMethodHandle$Holder.invokeStatic(java.lang.Object, java.lang.Object, java.lang.Object, java.lang.Object, java.lang.Object, java.lang.Object, java.lang.Object, java.lang.Object, java.lang.Object, java.lang.Object, java.lang.Object, java.lang.Object, java.lang.Object, java.lang.Object, java.lang.Object, java.lang.Object, java.lang.Object, java.lang.Object, java.lang.Object, java.lang.Object, java.lang.Obj
Event: 6.598 Thread 0x0000026550724ac0 Exception <a 'java/lang/NoSuchMethodError'{0x00000000edf47300}: 'java.lang.Object java.lang.invoke.DirectMethodHandle$Holder.invokeStatic(java.lang.Object, java.lang.Object, java.lang.Object, java.lang.Object, java.lang.Object, java.lang.Object, java.lang.Object, java.lang.Object, java.lang.Object, java.lang.Object, java.lang.Object, java.lang.Object, java.lang.Object, java.lang.Object, java.lang.Object, java.lang.Object, java.lang.Object, java.lang.Object, java.lang.Object, java.lang.Object, java.lang.Obj
Event: 6.715 Thread 0x0000026550724ac0 Exception <a 'java/lang/IncompatibleClassChangeError'{0x00000000ed4e64c8}: Found class java.lang.Object, but interface was expected> (0x00000000ed4e64c8) 
thrown [t:\workspace\open\src\hotspot\share\interpreter\linkResolver.cpp, line 857]
Event: 6.802 Thread 0x0000026550724ac0 Exception <a 'java/lang/IncompatibleClassChangeError'{0x00000000ed2dad18}: Found class java.lang.Object, but interface was expected> (0x00000000ed2dad18) 
thrown [t:\workspace\open\src\hotspot\share\interpreter\linkResolver.cpp, line 857]
Event: 6.831 Thread 0x0000026550724ac0 Exception <a 'java/lang/NoSuchMethodError'{0x00000000ed07f8e0}: 'int java.lang.invoke.DirectMethodHandle$Holder.invokeStaticInit(java.lang.Object, java.lang.Object, java.lang.Object, java.lang.Object, java.lang.Object)'> (0x00000000ed07f8e0) 
thrown [t:\workspace\open\src\hotspot\share\interpreter\linkResolver.cpp, line 790]
Event: 6.938 Thread 0x0000026550724ac0 Exception <a 'java/lang/ClassNotFoundException'{0x00000000eccd3948}: org/jetbrains/plugins/gradle/model/web/WebConfigurationBeanInfo> (0x00000000eccd3948) 
thrown [t:\workspace\open\src\hotspot\share\classfile\systemDictionary.cpp, line 256]
Event: 6.939 Thread 0x0000026550724ac0 Exception <a 'java/lang/ClassNotFoundException'{0x00000000eccdbcd0}: org/jetbrains/plugins/gradle/model/web/WebConfigurationCustomizer> (0x00000000eccdbcd0) 
thrown [t:\workspace\open\src\hotspot\share\classfile\systemDictionary.cpp, line 256]
Event: 6.942 Thread 0x0000026550724ac0 Exception <a 'java/lang/ClassNotFoundException'{0x00000000eccfc158}: org/jetbrains/plugins/gradle/model/scala/ScalaModelBeanInfo> (0x00000000eccfc158) 
thrown [t:\workspace\open\src\hotspot\share\classfile\systemDictionary.cpp, line 256]
Event: 6.942 Thread 0x0000026550724ac0 Exception <a 'java/lang/ClassNotFoundException'{0x00000000ecb04978}: org/jetbrains/plugins/gradle/model/scala/ScalaModelCustomizer> (0x00000000ecb04978) 
thrown [t:\workspace\open\src\hotspot\share\classfile\systemDictionary.cpp, line 256]
Event: 6.946 Thread 0x0000026550724ac0 Exception <a 'java/lang/ClassNotFoundException'{0x00000000ecb38b90}: org/jetbrains/plugins/gradle/model/DependencyAccessorsModelBeanInfo> (0x00000000ecb38b90) 
thrown [t:\workspace\open\src\hotspot\share\classfile\systemDictionary.cpp, line 256]
Event: 6.947 Thread 0x0000026550724ac0 Exception <a 'java/lang/ClassNotFoundException'{0x00000000ecb40f40}: org/jetbrains/plugins/gradle/model/DependencyAccessorsModelCustomizer> (0x00000000ecb40f40) 
thrown [t:\workspace\open\src\hotspot\share\classfile\systemDictionary.cpp, line 256]
Event: 7.105 Thread 0x0000026550724ac0 Exception <a 'java/lang/ClassNotFoundException'{0x00000000ec49d338}: org/gradle/api/internal/project/DefaultProject_DecoratedBeanInfo> (0x00000000ec49d338) 
thrown [t:\workspace\open\src\hotspot\share\classfile\systemDictionary.cpp, line 256]
Event: 7.106 Thread 0x0000026550724ac0 Exception <a 'java/lang/ClassNotFoundException'{0x00000000ec4a9e90}: org/gradle/api/internal/project/DefaultProjectBeanInfo> (0x00000000ec4a9e90) 
thrown [t:\workspace\open\src\hotspot\share\classfile\systemDictionary.cpp, line 256]
Event: 7.107 Thread 0x0000026550724ac0 Exception <a 'java/lang/ClassNotFoundException'{0x00000000ec4b69f0}: org/gradle/api/internal/project/DefaultProjectCustomizer> (0x00000000ec4b69f0) 
thrown [t:\workspace\open\src\hotspot\share\classfile\systemDictionary.cpp, line 256]
Event: 7.111 Thread 0x0000026550724ac0 Exception <a 'java/lang/ClassNotFoundException'{0x00000000ec357278}: org/gradle/api/internal/project/DefaultProject_DecoratedCustomizer> (0x00000000ec357278) 
thrown [t:\workspace\open\src\hotspot\share\classfile\systemDictionary.cpp, line 256]
Event: 7.240 Thread 0x0000026550724ac0 Implicit null exception at 0x0000026541f02aed to 0x0000026541f02d04
Event: 7.240 Thread 0x0000026550724ac0 Implicit null exception at 0x0000026541f1c89b to 0x0000026541f1cf8e
Event: 7.423 Thread 0x0000026550724ac0 Exception <a 'java/lang/NoSuchMethodError'{0x00000000eb24ddf8}: 'void java.lang.invoke.DirectMethodHandle$Holder.invokeInterface(java.lang.Object, java.lang.Object)'> (0x00000000eb24ddf8) 
thrown [t:\workspace\open\src\hotspot\share\interpreter\linkResolver.cpp, line 790]
Event: 7.609 Thread 0x0000026550724ac0 Exception <a 'java/lang/NoSuchMethodError'{0x00000000ea9c5dd8}: 'void java.lang.invoke.DirectMethodHandle$Holder.invokeStatic(java.lang.Object, java.lang.Object, java.lang.Object, int, java.lang.Object)'> (0x00000000ea9c5dd8) 
thrown [t:\workspace\open\src\hotspot\share\interpreter\linkResolver.cpp, line 790]
Event: 7.980 Thread 0x0000026550724ac0 Exception <a 'java/lang/OutOfMemoryError'{0x00000000ea1a2a28}: unable to create native thread: possibly out of memory or process/resource limits reached> (0x00000000ea1a2a28) 
thrown [t:\workspace\open\src\hotspot\share\prims\jvm.cpp, line 3104]

Events (20 events):
Event: 7.961 Thread 0x0000026558b150b0 Thread added: 0x0000026558b150b0
Event: 7.965 Thread 0x0000026558b13b70 Thread added: 0x0000026558b13b70
Event: 7.965 Thread 0x0000026558b0ebc0 Thread added: 0x0000026558b0ebc0
Event: 7.966 Thread 0x0000026558b140c0 Thread added: 0x0000026558b140c0
Event: 7.966 Thread 0x0000026558b11640 Thread added: 0x0000026558b11640
Event: 7.967 Thread 0x0000026558b14610 Thread added: 0x0000026558b14610
Event: 7.967 Thread 0x0000026558b120e0 Thread added: 0x0000026558b120e0
Event: 7.968 Thread 0x0000026558b15600 Thread added: 0x0000026558b15600
Event: 7.968 Thread 0x0000026558b0f110 Thread added: 0x0000026558b0f110
Event: 7.969 Thread 0x0000026558b11b90 Thread added: 0x0000026558b11b90
Event: 7.969 Thread 0x0000026558b10ba0 Thread added: 0x0000026558b10ba0
Event: 7.973 Thread 0x0000026558b0f660 Thread added: 0x0000026558b0f660
Event: 7.974 Thread 0x0000026558b110f0 Thread added: 0x0000026558b110f0
Event: 7.974 Thread 0x0000026558b0fbb0 Thread added: 0x0000026558b0fbb0
Event: 7.975 Thread 0x0000026558b10100 Thread added: 0x0000026558b10100
Event: 7.977 Thread 0x0000026558b10650 Thread added: 0x0000026558b10650
Event: 7.978 Thread 0x0000026558b49120 Thread added: 0x0000026558b49120
Event: 7.978 Thread 0x0000026558b4b100 Thread added: 0x0000026558b4b100
Event: 7.983 loading class java/lang/StackTraceElement$HashedModules
Event: 7.984 loading class java/lang/StackTraceElement$HashedModules done


Dynamic libraries:
0x00007ff67f0d0000 - 0x00007ff67f0e0000 	C:\Program Files\Java\jdk-16.0.1\bin\java.exe
0x00007fff6ccf0000 - 0x00007fff6cee8000 	C:\WINDOWS\SYSTEM32\ntdll.dll
0x00007fff6ad50000 - 0x00007fff6ae0f000 	C:\WINDOWS\System32\KERNEL32.DLL
0x00007fff6a6e0000 - 0x00007fff6a9b2000 	C:\WINDOWS\System32\KERNELBASE.dll
0x00007fff6abd0000 - 0x00007fff6acd0000 	C:\WINDOWS\System32\ucrtbase.dll
0x00007fff440f0000 - 0x00007fff44108000 	C:\Program Files\Java\jdk-16.0.1\bin\jli.dll
0x00007fff4f170000 - 0x00007fff4f189000 	C:\Program Files\Java\jdk-16.0.1\bin\VCRUNTIME140.dll
0x00007fff6af40000 - 0x00007fff6afee000 	C:\WINDOWS\System32\ADVAPI32.dll
0x00007fff6c560000 - 0x00007fff6c5fe000 	C:\WINDOWS\System32\msvcrt.dll
0x00007fff6c6d0000 - 0x00007fff6c76c000 	C:\WINDOWS\System32\sechost.dll
0x00007fff6b850000 - 0x00007fff6b974000 	C:\WINDOWS\System32\RPCRT4.dll
0x00007fff6c780000 - 0x00007fff6c921000 	C:\WINDOWS\System32\USER32.dll
0x00007fff6a9c0000 - 0x00007fff6a9e2000 	C:\WINDOWS\System32\win32u.dll
0x00007fff4d9b0000 - 0x00007fff4dc4a000 	C:\WINDOWS\WinSxS\amd64_microsoft.windows.common-controls_6595b64144ccf1df_6.0.19041.1110_none_60b5254171f9507e\COMCTL32.dll
0x00007fff6bfb0000 - 0x00007fff6bfdb000 	C:\WINDOWS\System32\GDI32.dll
0x00007fff6a540000 - 0x00007fff6a64f000 	C:\WINDOWS\System32\gdi32full.dll
0x00007fff6a4a0000 - 0x00007fff6a53d000 	C:\WINDOWS\System32\msvcp_win.dll
0x00007fff62140000 - 0x00007fff6214a000 	C:\WINDOWS\SYSTEM32\VERSION.dll
0x00007fff6cc80000 - 0x00007fff6ccb0000 	C:\WINDOWS\System32\IMM32.DLL
0x00007fff534d0000 - 0x00007fff534dc000 	C:\Program Files\Java\jdk-16.0.1\bin\vcruntime140_1.dll
0x00007fff335d0000 - 0x00007fff33661000 	C:\Program Files\Java\jdk-16.0.1\bin\msvcp140.dll
0x00007fff2b7b0000 - 0x00007fff2c35b000 	C:\Program Files\Java\jdk-16.0.1\bin\server\jvm.dll
0x00007fff6ad40000 - 0x00007fff6ad48000 	C:\WINDOWS\System32\PSAPI.DLL
0x00007fff48170000 - 0x00007fff48179000 	C:\WINDOWS\SYSTEM32\WSOCK32.dll
0x00007fff61e50000 - 0x00007fff61e77000 	C:\WINDOWS\SYSTEM32\WINMM.dll
0x00007fff6c470000 - 0x00007fff6c4db000 	C:\WINDOWS\System32\WS2_32.dll
0x00007fff68c30000 - 0x00007fff68c42000 	C:\WINDOWS\SYSTEM32\kernel.appcore.dll
0x00007fff51ec0000 - 0x00007fff51eca000 	C:\Program Files\Java\jdk-16.0.1\bin\jimage.dll
0x00007fff689e0000 - 0x00007fff68bc4000 	C:\WINDOWS\SYSTEM32\DBGHELP.DLL
0x00007fff66c70000 - 0x00007fff66ca5000 	C:\WINDOWS\SYSTEM32\dbgcore.DLL
0x00007fff6a650000 - 0x00007fff6a6d2000 	C:\WINDOWS\System32\bcryptPrimitives.dll
0x00007fff40f70000 - 0x00007fff40f95000 	C:\Program Files\Java\jdk-16.0.1\bin\java.dll
0x00007fff6b100000 - 0x00007fff6b845000 	C:\WINDOWS\System32\SHELL32.dll
0x00007fff68170000 - 0x00007fff68902000 	C:\WINDOWS\SYSTEM32\windows.storage.dll
0x00007fff6c110000 - 0x00007fff6c465000 	C:\WINDOWS\System32\combase.dll
0x00007fff69d00000 - 0x00007fff69d30000 	C:\WINDOWS\SYSTEM32\Wldp.dll
0x00007fff6ae10000 - 0x00007fff6aebd000 	C:\WINDOWS\System32\SHCORE.dll
0x00007fff6cb40000 - 0x00007fff6cb95000 	C:\WINDOWS\System32\shlwapi.dll
0x00007fff6a330000 - 0x00007fff6a34f000 	C:\WINDOWS\SYSTEM32\profapi.dll
0x00007fff42300000 - 0x00007fff42319000 	C:\Program Files\Java\jdk-16.0.1\bin\net.dll
0x00007fff60890000 - 0x00007fff6099a000 	C:\WINDOWS\SYSTEM32\WINHTTP.dll
0x00007fff69ae0000 - 0x00007fff69b4a000 	C:\WINDOWS\system32\mswsock.dll
0x00007fff40070000 - 0x00007fff40083000 	C:\Program Files\Java\jdk-16.0.1\bin\nio.dll
0x00007fff40050000 - 0x00007fff40068000 	C:\Program Files\Java\jdk-16.0.1\bin\zip.dll
0x00007fff4e050000 - 0x00007fff4e060000 	C:\Program Files\Java\jdk-16.0.1\bin\verify.dll
0x00007fff3e170000 - 0x00007fff3e197000 	C:\Users\Florian\.gradle\native\e1d6ef7f7dcc3fd88c89a11ec53ec762bb8ba0a96d01ffa2cd45eb1d1d8dd5c5\windows-amd64\native-platform.dll
0x00007fff0bb90000 - 0x00007fff0bcd4000 	C:\Users\Florian\.gradle\native\0d407fdbe67a94daf76414ababcb853783967236a71b16ec16e742cd7a986fd3\windows-amd64\native-platform-file-events.dll
0x00007fff4dd10000 - 0x00007fff4dd19000 	C:\Program Files\Java\jdk-16.0.1\bin\management.dll
0x00007fff4d440000 - 0x00007fff4d44b000 	C:\Program Files\Java\jdk-16.0.1\bin\management_ext.dll
0x00007fff69d40000 - 0x00007fff69d58000 	C:\WINDOWS\SYSTEM32\CRYPTSP.dll
0x00007fff69420000 - 0x00007fff69454000 	C:\WINDOWS\system32\rsaenh.dll
0x00007fff6a9f0000 - 0x00007fff6aa17000 	C:\WINDOWS\System32\bcrypt.dll
0x00007fff6a2f0000 - 0x00007fff6a31e000 	C:\WINDOWS\SYSTEM32\USERENV.dll
0x00007fff69c70000 - 0x00007fff69c7c000 	C:\WINDOWS\SYSTEM32\CRYPTBASE.dll
0x00007fff697f0000 - 0x00007fff6982b000 	C:\WINDOWS\SYSTEM32\IPHLPAPI.DLL
0x00007fff6bfa0000 - 0x00007fff6bfa8000 	C:\WINDOWS\System32\NSI.dll
0x00007fff60eb0000 - 0x00007fff60ec7000 	C:\WINDOWS\SYSTEM32\dhcpcsvc6.DLL
0x00007fff60e90000 - 0x00007fff60ead000 	C:\WINDOWS\SYSTEM32\dhcpcsvc.DLL
0x00007fff69830000 - 0x00007fff698fb000 	C:\WINDOWS\SYSTEM32\DNSAPI.dll
0x00007fff584f0000 - 0x00007fff584fe000 	C:\Program Files\Java\jdk-16.0.1\bin\sunmscapi.dll
0x00007fff6aa20000 - 0x00007fff6ab76000 	C:\WINDOWS\System32\CRYPT32.dll
0x00007fff69e50000 - 0x00007fff69e77000 	C:\WINDOWS\SYSTEM32\ncrypt.dll
0x00007fff69e10000 - 0x00007fff69e4b000 	C:\WINDOWS\SYSTEM32\NTASN1.dll
0x00007fff58570000 - 0x00007fff58577000 	C:\WINDOWS\system32\wshunix.dll

dbghelp: loaded successfully - version: 4.0.5 - missing functions: none
symbol engine: initialized successfully - sym options: 0x614 - pdb path: (cannot be retrieved)

VM Arguments:
jvm_args: --add-opens=java.base/java.util=ALL-UNNAMED --add-opens=java.base/java.lang=ALL-UNNAMED --add-opens=java.base/java.lang.invoke=ALL-UNNAMED --add-opens=java.base/java.util=ALL-UNNAMED --add-opens=java.prefs/java.util.prefs=ALL-UNNAMED --add-opens=java.prefs/java.util.prefs=ALL-UNNAMED --add-opens=java.base/java.nio.charset=ALL-UNNAMED --add-opens=java.base/java.net=ALL-UNNAMED --add-opens=java.base/java.util.concurrent.atomic=ALL-UNNAMED -XX:MaxMetaspaceSize=256m -XX:+HeapDumpOnOutOfMemoryError -Xms256m -Xmx512m -Dfile.encoding=windows-1252 -Duser.country=DE -Duser.language=de -Duser.variant 
java_command: org.gradle.launcher.daemon.bootstrap.GradleDaemon 7.5.1
java_class_path (initial): C:\Users\Florian\.gradle\wrapper\dists\gradle-7.5.1-bin\7jzzequgds1hbszbhq3npc5ng\gradle-7.5.1\lib\gradle-launcher-7.5.1.jar
Launcher Type: SUN_STANDARD

[Global flags]
     intx CICompilerCount                          = 4                                         {product} {ergonomic}
   size_t CompressedClassSpaceSize                 = 218103808                                 {product} {ergonomic}
     uint ConcGCThreads                            = 2                                         {product} {ergonomic}
     uint G1ConcRefinementThreads                  = 8                                         {product} {ergonomic}
   size_t G1HeapRegionSize                         = 1048576                                   {product} {ergonomic}
    uintx GCDrainStackTargetSize                   = 64                                        {product} {ergonomic}
     bool HeapDumpOnOutOfMemoryError               = true                                   {manageable} {command line}
   size_t InitialHeapSize                          = 268435456                                 {product} {command line}
   size_t MarkStackSize                            = 4194304                                   {product} {ergonomic}
   size_t MaxHeapSize                              = 536870912                                 {product} {command line}
   size_t MaxMetaspaceSize                         = 268435456                                 {product} {command line}
   size_t MaxNewSize                               = 321912832                                 {product} {ergonomic}
   size_t MinHeapDeltaBytes                        = 1048576                                   {product} {ergonomic}
   size_t MinHeapSize                              = 268435456                                 {product} {command line}
    uintx NonNMethodCodeHeapSize                   = 5839372                                {pd product} {ergonomic}
    uintx NonProfiledCodeHeapSize                  = 122909434                              {pd product} {ergonomic}
    uintx ProfiledCodeHeapSize                     = 122909434                              {pd product} {ergonomic}
    uintx ReservedCodeCacheSize                    = 251658240                              {pd product} {ergonomic}
     bool SegmentedCodeCache                       = true                                      {product} {ergonomic}
   size_t SoftMaxHeapSize                          = 536870912                              {manageable} {ergonomic}
     bool UseCompressedClassPointers               = true                           {product lp64_product} {ergonomic}
     bool UseCompressedOops                        = true                           {product lp64_product} {ergonomic}
     bool UseG1GC                                  = true                                      {product} {ergonomic}
     bool UseLargePagesIndividualAllocation        = false                                  {pd product} {ergonomic}

Logging:
Log output configuration:
 #0: stdout all=warning uptime,level,tags
 #1: stderr all=off uptime,level,tags

Environment Variables:
JAVA_HOME=C:\Program Files\Java\jdk-16.0.1
PATH=C:\Program Files\Java\jdk-16.0.1\bin;C:\Program Files (x86)\Common Files\Oracle\Java\javapath;C:\Program Files\Common Files\Oracle\Java\javapath;C:\WINDOWS\system32;C:\WINDOWS;C:\WINDOWS\System32\Wbem;C:\WINDOWS\System32\WindowsPowerShell\v1.0\;C:\WINDOWS\System32\OpenSSH\;C:\Program Files\Git\cmd;C:\Program Files\Java\apache-maven-3.6.3-bin\apache-maven-3.6.3\bin;C:\Users\Florian\Desktop\Masterarbeit\masterarbeit-trustedshops\DOLAR\frascati-runtime-1.6 (1)\frascati-runtime-1.6\bin;C:\Program Files\Java\jdk-15.0.2\bin;C:\Program Files (x86)\dotnet\;C:\Program Files\dotnet\;C:\Program Files\nuget\;C:\Program Files\nodejs\;C:\Windows\Microsoft.NET\Framework\v4.0.30319;C:\Program Files\Go\bin;C:\Program Files\PuTTY\;C:\Users\Florian\AppData\Local\Microsoft\WindowsApps;C:\Users\Florian\AppData\Local\Programs\Microsoft VS Code\bin;C:\Users\Florian\AppData\Local\Programs\MiKTeX\miktex\bin\x64\;C:\Users\Florian\.dotnet\tools;C:\Users\Florian\AppData\Roaming\npm;C:\Users\Florian\go\bin;
USERNAME=Florian
OS=Windows_NT
PROCESSOR_IDENTIFIER=AMD64 Family 23 Model 24 Stepping 1, AuthenticAMD



---------------  S Y S T E M  ---------------

OS:
 Windows 10 , 64 bit Build 19041 (10.0.19041.2546)
OS uptime: 1 days 20:08 hours
Hyper-V role detected

CPU: total 8 (initial active 8) (8 cores per cpu, 2 threads per core) family 23 model 24 stepping 1 microcode 0x0, cx8, cmov, fxsr, ht, mmx, 3dnowpref, sse, sse2, sse3, ssse3, sse4a, sse4.1, sse4.2, popcnt, lzcnt, tsc, tscinvbit, avx, avx2, aes, clmul, bmi1, bmi2, adx, sha, fma, vzeroupper, clflush, clflushopt, hv

Memory: 4k page, system-wide physical 14213M (2777M free)
TotalPageFile size 14213M (AvailPageFile size 3M)
current process WorkingSet (physical memory assigned to process): 408M, peak: 408M
current process commit charge ("private bytes"): 528M, peak: 528M

vm_info: Java HotSpot(TM) 64-Bit Server VM (16.0.1+9-24) for windows-amd64 JRE (16.0.1+9-24), built on Mar 26 2021 19:31:42 by "mach5one" with MS VC++ 16.7 (VS2019)

END.
