#
# There is insufficient memory for the Java Runtime Environment to continue.
# Native memory allocation (mmap) failed to map 65536 bytes for Failed to commit metaspace.
# Possible reasons:
#   The system is out of physical RAM or swap space
#   The process is running with CompressedOops enabled, and the Java Heap may be blocking the growth of the native heap
# Possible solutions:
#   Reduce memory load on the system
#   Increase physical memory or swap space
#   Check if swap backing store is full
#   Decrease Java heap size (-Xmx/-Xms)
#   Decrease number of Java threads
#   Decrease Java thread stack sizes (-Xss)
#   Set larger code cache with -XX:ReservedCodeCacheSize=
#   JVM is running with Zero Based Compressed Oops mode in which the Java heap is
#     placed in the first 32GB address space. The Java Heap base address is the
#     maximum limit for the native heap growth. Please use -XX:HeapBaseMinAddress
#     to set the Java Heap base and to place the Java Heap above 32GB virtual address.
# This output file may be truncated or incomplete.
#
#  Out of Memory Error (virtualSpaceNode.cpp:108), pid=11752, tid=12268
#
# JRE version:  (16.0.1+9) (build )
# Java VM: Java HotSpot(TM) 64-Bit Server VM (16.0.1+9-24, mixed mode, tiered, compressed oops, compressed class ptrs, g1 gc, windows-amd64)
# No core dump will be written. Minidumps are not enabled by default on client versions of Windows
#

---------------  S U M M A R Y ------------

Command Line: -Dio.ktor.development=false -Dfile.encoding=windows-1252 -Duser.country=DE -Duser.language=de -Duser.variant com.example.ApplicationKt

Host: AMD Ryzen 5 3500U with Radeon Vega Mobile Gfx  , 8 cores, 13G,  Windows 10 , 64 bit Build 19041 (10.0.19041.2546)
Time: Sat Apr 15 11:34:03 2023 Mitteleuropäische Sommerzeit elapsed time: 0.072007 seconds (0d 0h 0m 0s)

---------------  T H R E A D  ---------------

Current thread (0x0000014a529d82b0):  JavaThread "main" [_thread_in_vm, id=12268, stack(0x00000030f1500000,0x00000030f1600000)]

Stack: [0x00000030f1500000,0x00000030f1600000]
Native frames: (J=compiled Java code, j=interpreted, Vv=VM code, C=native code)
V  [jvm.dll+0x6687ca]
V  [jvm.dll+0x7ca3c9]
V  [jvm.dll+0x7cbb53]
V  [jvm.dll+0x7cc1b3]
V  [jvm.dll+0x242ea5]
V  [jvm.dll+0x7c6a4b]
V  [jvm.dll+0x60e436]
V  [jvm.dll+0x60e49a]
V  [jvm.dll+0x610aca]
V  [jvm.dll+0x60ed31]
V  [jvm.dll+0x362f4a]
V  [jvm.dll+0x1e113f]
V  [jvm.dll+0x536752]
V  [jvm.dll+0x1f0fa2]
V  [jvm.dll+0x741e03]
V  [jvm.dll+0x7436a8]
V  [jvm.dll+0x7439d3]
V  [jvm.dll+0x23ad74]
V  [jvm.dll+0x375b71]
C  0x0000014a5a16c3cd

Java frames: (J=compiled Java code, j=interpreted, Vv=VM code)
j  java.io.PrintStream.<init>(ZLjava/io/OutputStream;)V+33 java.base
j  java.io.PrintStream.<init>(Ljava/io/OutputStream;Z)V+11 java.base
j  java.lang.System.newPrintStream(Ljava/io/FileOutputStream;Ljava/lang/String;)Ljava/io/PrintStream;+42 java.base
j  java.lang.System.initPhase1()V+89 java.base
v  ~StubRoutines::call_stub

---------------  P R O C E S S  ---------------

Threads class SMR info:
_java_thread_list=0x0000014a0083cf10, length=3, elements={
0x0000014a529d82b0, 0x0000014a0083d660, 0x0000014a0083f440
}

Java Threads: ( => current thread )
=>0x0000014a529d82b0 JavaThread "main" [_thread_in_vm, id=12268, stack(0x00000030f1500000,0x00000030f1600000)]
  0x0000014a0083d660 JavaThread "Reference Handler" daemon [_thread_blocked, id=2788, stack(0x00000030f1c00000,0x00000030f1d00000)]
  0x0000014a0083f440 JavaThread "Finalizer" daemon [_thread_blocked, id=21068, stack(0x00000030f1d00000,0x00000030f1e00000)]

Other Threads:
  0x0000014a74314c90 VMThread "VM Thread" [stack: 0x00000030f1b00000,0x00000030f1c00000] [id=18224]
  0x0000014a52a25190 GCTaskThread "GC Thread#0" [stack: 0x00000030f1600000,0x00000030f1700000] [id=9440]
  0x0000014a52a340e0 ConcurrentGCThread "G1 Main Marker" [stack: 0x00000030f1700000,0x00000030f1800000] [id=21280]
  0x0000014a52a34bd0 ConcurrentGCThread "G1 Conc#0" [stack: 0x00000030f1800000,0x00000030f1900000] [id=11660]
  0x0000014a52aad920 ConcurrentGCThread "G1 Refine#0" [stack: 0x00000030f1900000,0x00000030f1a00000] [id=8196]
  0x0000014a52aae420 ConcurrentGCThread "G1 Service" [stack: 0x00000030f1a00000,0x00000030f1b00000] [id=15672]

Threads with active compile tasks:

VM state: not at safepoint (normal execution)

VM Mutex/Monitor currently owned by a thread:  ([mutex/lock_event])
[0x0000014a529d3600] MetaspaceExpand_lock - owner thread: 0x0000014a529d82b0

Heap address: 0x0000000721e00000, size: 3554 MB, Compressed Oops mode: Zero based, Oop shift amount: 3

CDS disabled.
Compressed class space mapped at: 0x0000000800000000-0x0000000840000000, reserved size: 1073741824
Narrow klass base: 0x0000000800000000, Narrow klass shift: 0, Narrow klass range: 0x40000000

GC Precious Log:
 CPUs: 8 total, 8 available
 Memory: 14213M
 Large Page Support: Disabled
 NUMA Support: Disabled
 Compressed Oops: Enabled (Zero based)
 Heap Region Size: 2M
 Heap Min Capacity: 8M
 Heap Initial Capacity: 224M
 Heap Max Capacity: 3554M
 Pre-touch: Disabled
 Parallel Workers: 8
 Concurrent Workers: 2
 Concurrent Refinement Workers: 8
 Periodic GC: Disabled

Heap:
 garbage-first heap   total 229376K, used 0K [0x0000000721e00000, 0x0000000800000000)
  region size 2048K, 1 young (2048K), 0 survivors (0K)
 Metaspace       used 2519K, committed 2560K, reserved 1056768K
  class space    used 191K, committed 192K, reserved 1048576K

Heap Regions: E=young(eden), S=young(survivor), O=old, HS=humongous(starts), HC=humongous(continues), CS=collection set, F=free, OA=open archive, CA=closed archive, TAMS=top-at-mark-start (previous, next)
|   0|0x0000000721e00000, 0x0000000721e00000, 0x0000000722000000|  0%| F|  |TAMS 0x0000000721e00000, 0x0000000721e00000| Untracked 
|   1|0x0000000722000000, 0x0000000722000000, 0x0000000722200000|  0%| F|  |TAMS 0x0000000722000000, 0x0000000722000000| Untracked 
|   2|0x0000000722200000, 0x0000000722200000, 0x0000000722400000|  0%| F|  |TAMS 0x0000000722200000, 0x0000000722200000| Untracked 
|   3|0x0000000722400000, 0x0000000722400000, 0x0000000722600000|  0%| F|  |TAMS 0x0000000722400000, 0x0000000722400000| Untracked 
|   4|0x0000000722600000, 0x0000000722600000, 0x0000000722800000|  0%| F|  |TAMS 0x0000000722600000, 0x0000000722600000| Untracked 
|   5|0x0000000722800000, 0x0000000722800000, 0x0000000722a00000|  0%| F|  |TAMS 0x0000000722800000, 0x0000000722800000| Untracked 
|   6|0x0000000722a00000, 0x0000000722a00000, 0x0000000722c00000|  0%| F|  |TAMS 0x0000000722a00000, 0x0000000722a00000| Untracked 
|   7|0x0000000722c00000, 0x0000000722c00000, 0x0000000722e00000|  0%| F|  |TAMS 0x0000000722c00000, 0x0000000722c00000| Untracked 
|   8|0x0000000722e00000, 0x0000000722e00000, 0x0000000723000000|  0%| F|  |TAMS 0x0000000722e00000, 0x0000000722e00000| Untracked 
|   9|0x0000000723000000, 0x0000000723000000, 0x0000000723200000|  0%| F|  |TAMS 0x0000000723000000, 0x0000000723000000| Untracked 
|  10|0x0000000723200000, 0x0000000723200000, 0x0000000723400000|  0%| F|  |TAMS 0x0000000723200000, 0x0000000723200000| Untracked 
|  11|0x0000000723400000, 0x0000000723400000, 0x0000000723600000|  0%| F|  |TAMS 0x0000000723400000, 0x0000000723400000| Untracked 
|  12|0x0000000723600000, 0x0000000723600000, 0x0000000723800000|  0%| F|  |TAMS 0x0000000723600000, 0x0000000723600000| Untracked 
|  13|0x0000000723800000, 0x0000000723800000, 0x0000000723a00000|  0%| F|  |TAMS 0x0000000723800000, 0x0000000723800000| Untracked 
|  14|0x0000000723a00000, 0x0000000723a00000, 0x0000000723c00000|  0%| F|  |TAMS 0x0000000723a00000, 0x0000000723a00000| Untracked 
|  15|0x0000000723c00000, 0x0000000723c00000, 0x0000000723e00000|  0%| F|  |TAMS 0x0000000723c00000, 0x0000000723c00000| Untracked 
|  16|0x0000000723e00000, 0x0000000723e00000, 0x0000000724000000|  0%| F|  |TAMS 0x0000000723e00000, 0x0000000723e00000| Untracked 
|  17|0x0000000724000000, 0x0000000724000000, 0x0000000724200000|  0%| F|  |TAMS 0x0000000724000000, 0x0000000724000000| Untracked 
|  18|0x0000000724200000, 0x0000000724200000, 0x0000000724400000|  0%| F|  |TAMS 0x0000000724200000, 0x0000000724200000| Untracked 
|  19|0x0000000724400000, 0x0000000724400000, 0x0000000724600000|  0%| F|  |TAMS 0x0000000724400000, 0x0000000724400000| Untracked 
|  20|0x0000000724600000, 0x0000000724600000, 0x0000000724800000|  0%| F|  |TAMS 0x0000000724600000, 0x0000000724600000| Untracked 
|  21|0x0000000724800000, 0x0000000724800000, 0x0000000724a00000|  0%| F|  |TAMS 0x0000000724800000, 0x0000000724800000| Untracked 
|  22|0x0000000724a00000, 0x0000000724a00000, 0x0000000724c00000|  0%| F|  |TAMS 0x0000000724a00000, 0x0000000724a00000| Untracked 
|  23|0x0000000724c00000, 0x0000000724c00000, 0x0000000724e00000|  0%| F|  |TAMS 0x0000000724c00000, 0x0000000724c00000| Untracked 
|  24|0x0000000724e00000, 0x0000000724e00000, 0x0000000725000000|  0%| F|  |TAMS 0x0000000724e00000, 0x0000000724e00000| Untracked 
|  25|0x0000000725000000, 0x0000000725000000, 0x0000000725200000|  0%| F|  |TAMS 0x0000000725000000, 0x0000000725000000| Untracked 
|  26|0x0000000725200000, 0x0000000725200000, 0x0000000725400000|  0%| F|  |TAMS 0x0000000725200000, 0x0000000725200000| Untracked 
|  27|0x0000000725400000, 0x0000000725400000, 0x0000000725600000|  0%| F|  |TAMS 0x0000000725400000, 0x0000000725400000| Untracked 
|  28|0x0000000725600000, 0x0000000725600000, 0x0000000725800000|  0%| F|  |TAMS 0x0000000725600000, 0x0000000725600000| Untracked 
|  29|0x0000000725800000, 0x0000000725800000, 0x0000000725a00000|  0%| F|  |TAMS 0x0000000725800000, 0x0000000725800000| Untracked 
|  30|0x0000000725a00000, 0x0000000725a00000, 0x0000000725c00000|  0%| F|  |TAMS 0x0000000725a00000, 0x0000000725a00000| Untracked 
|  31|0x0000000725c00000, 0x0000000725c00000, 0x0000000725e00000|  0%| F|  |TAMS 0x0000000725c00000, 0x0000000725c00000| Untracked 
|  32|0x0000000725e00000, 0x0000000725e00000, 0x0000000726000000|  0%| F|  |TAMS 0x0000000725e00000, 0x0000000725e00000| Untracked 
|  33|0x0000000726000000, 0x0000000726000000, 0x0000000726200000|  0%| F|  |TAMS 0x0000000726000000, 0x0000000726000000| Untracked 
|  34|0x0000000726200000, 0x0000000726200000, 0x0000000726400000|  0%| F|  |TAMS 0x0000000726200000, 0x0000000726200000| Untracked 
|  35|0x0000000726400000, 0x0000000726400000, 0x0000000726600000|  0%| F|  |TAMS 0x0000000726400000, 0x0000000726400000| Untracked 
|  36|0x0000000726600000, 0x0000000726600000, 0x0000000726800000|  0%| F|  |TAMS 0x0000000726600000, 0x0000000726600000| Untracked 
|  37|0x0000000726800000, 0x0000000726800000, 0x0000000726a00000|  0%| F|  |TAMS 0x0000000726800000, 0x0000000726800000| Untracked 
|  38|0x0000000726a00000, 0x0000000726a00000, 0x0000000726c00000|  0%| F|  |TAMS 0x0000000726a00000, 0x0000000726a00000| Untracked 
|  39|0x0000000726c00000, 0x0000000726c00000, 0x0000000726e00000|  0%| F|  |TAMS 0x0000000726c00000, 0x0000000726c00000| Untracked 
|  40|0x0000000726e00000, 0x0000000726e00000, 0x0000000727000000|  0%| F|  |TAMS 0x0000000726e00000, 0x0000000726e00000| Untracked 
|  41|0x0000000727000000, 0x0000000727000000, 0x0000000727200000|  0%| F|  |TAMS 0x0000000727000000, 0x0000000727000000| Untracked 
|  42|0x0000000727200000, 0x0000000727200000, 0x0000000727400000|  0%| F|  |TAMS 0x0000000727200000, 0x0000000727200000| Untracked 
|  43|0x0000000727400000, 0x0000000727400000, 0x0000000727600000|  0%| F|  |TAMS 0x0000000727400000, 0x0000000727400000| Untracked 
|  44|0x0000000727600000, 0x0000000727600000, 0x0000000727800000|  0%| F|  |TAMS 0x0000000727600000, 0x0000000727600000| Untracked 
|  45|0x0000000727800000, 0x0000000727800000, 0x0000000727a00000|  0%| F|  |TAMS 0x0000000727800000, 0x0000000727800000| Untracked 
|  46|0x0000000727a00000, 0x0000000727a00000, 0x0000000727c00000|  0%| F|  |TAMS 0x0000000727a00000, 0x0000000727a00000| Untracked 
|  47|0x0000000727c00000, 0x0000000727c00000, 0x0000000727e00000|  0%| F|  |TAMS 0x0000000727c00000, 0x0000000727c00000| Untracked 
|  48|0x0000000727e00000, 0x0000000727e00000, 0x0000000728000000|  0%| F|  |TAMS 0x0000000727e00000, 0x0000000727e00000| Untracked 
|  49|0x0000000728000000, 0x0000000728000000, 0x0000000728200000|  0%| F|  |TAMS 0x0000000728000000, 0x0000000728000000| Untracked 
|  50|0x0000000728200000, 0x0000000728200000, 0x0000000728400000|  0%| F|  |TAMS 0x0000000728200000, 0x0000000728200000| Untracked 
|  51|0x0000000728400000, 0x0000000728400000, 0x0000000728600000|  0%| F|  |TAMS 0x0000000728400000, 0x0000000728400000| Untracked 
|  52|0x0000000728600000, 0x0000000728600000, 0x0000000728800000|  0%| F|  |TAMS 0x0000000728600000, 0x0000000728600000| Untracked 
|  53|0x0000000728800000, 0x0000000728800000, 0x0000000728a00000|  0%| F|  |TAMS 0x0000000728800000, 0x0000000728800000| Untracked 
|  54|0x0000000728a00000, 0x0000000728a00000, 0x0000000728c00000|  0%| F|  |TAMS 0x0000000728a00000, 0x0000000728a00000| Untracked 
|  55|0x0000000728c00000, 0x0000000728c00000, 0x0000000728e00000|  0%| F|  |TAMS 0x0000000728c00000, 0x0000000728c00000| Untracked 
|  56|0x0000000728e00000, 0x0000000728e00000, 0x0000000729000000|  0%| F|  |TAMS 0x0000000728e00000, 0x0000000728e00000| Untracked 
|  57|0x0000000729000000, 0x0000000729000000, 0x0000000729200000|  0%| F|  |TAMS 0x0000000729000000, 0x0000000729000000| Untracked 
|  58|0x0000000729200000, 0x0000000729200000, 0x0000000729400000|  0%| F|  |TAMS 0x0000000729200000, 0x0000000729200000| Untracked 
|  59|0x0000000729400000, 0x0000000729400000, 0x0000000729600000|  0%| F|  |TAMS 0x0000000729400000, 0x0000000729400000| Untracked 
|  60|0x0000000729600000, 0x0000000729600000, 0x0000000729800000|  0%| F|  |TAMS 0x0000000729600000, 0x0000000729600000| Untracked 
|  61|0x0000000729800000, 0x0000000729800000, 0x0000000729a00000|  0%| F|  |TAMS 0x0000000729800000, 0x0000000729800000| Untracked 
|  62|0x0000000729a00000, 0x0000000729a00000, 0x0000000729c00000|  0%| F|  |TAMS 0x0000000729a00000, 0x0000000729a00000| Untracked 
|  63|0x0000000729c00000, 0x0000000729c00000, 0x0000000729e00000|  0%| F|  |TAMS 0x0000000729c00000, 0x0000000729c00000| Untracked 
|  64|0x0000000729e00000, 0x0000000729e00000, 0x000000072a000000|  0%| F|  |TAMS 0x0000000729e00000, 0x0000000729e00000| Untracked 
|  65|0x000000072a000000, 0x000000072a000000, 0x000000072a200000|  0%| F|  |TAMS 0x000000072a000000, 0x000000072a000000| Untracked 
|  66|0x000000072a200000, 0x000000072a200000, 0x000000072a400000|  0%| F|  |TAMS 0x000000072a200000, 0x000000072a200000| Untracked 
|  67|0x000000072a400000, 0x000000072a400000, 0x000000072a600000|  0%| F|  |TAMS 0x000000072a400000, 0x000000072a400000| Untracked 
|  68|0x000000072a600000, 0x000000072a600000, 0x000000072a800000|  0%| F|  |TAMS 0x000000072a600000, 0x000000072a600000| Untracked 
|  69|0x000000072a800000, 0x000000072a800000, 0x000000072aa00000|  0%| F|  |TAMS 0x000000072a800000, 0x000000072a800000| Untracked 
|  70|0x000000072aa00000, 0x000000072aa00000, 0x000000072ac00000|  0%| F|  |TAMS 0x000000072aa00000, 0x000000072aa00000| Untracked 
|  71|0x000000072ac00000, 0x000000072ac00000, 0x000000072ae00000|  0%| F|  |TAMS 0x000000072ac00000, 0x000000072ac00000| Untracked 
|  72|0x000000072ae00000, 0x000000072ae00000, 0x000000072b000000|  0%| F|  |TAMS 0x000000072ae00000, 0x000000072ae00000| Untracked 
|  73|0x000000072b000000, 0x000000072b000000, 0x000000072b200000|  0%| F|  |TAMS 0x000000072b000000, 0x000000072b000000| Untracked 
|  74|0x000000072b200000, 0x000000072b200000, 0x000000072b400000|  0%| F|  |TAMS 0x000000072b200000, 0x000000072b200000| Untracked 
|  75|0x000000072b400000, 0x000000072b400000, 0x000000072b600000|  0%| F|  |TAMS 0x000000072b400000, 0x000000072b400000| Untracked 
|  76|0x000000072b600000, 0x000000072b600000, 0x000000072b800000|  0%| F|  |TAMS 0x000000072b600000, 0x000000072b600000| Untracked 
|  77|0x000000072b800000, 0x000000072b800000, 0x000000072ba00000|  0%| F|  |TAMS 0x000000072b800000, 0x000000072b800000| Untracked 
|  78|0x000000072ba00000, 0x000000072ba00000, 0x000000072bc00000|  0%| F|  |TAMS 0x000000072ba00000, 0x000000072ba00000| Untracked 
|  79|0x000000072bc00000, 0x000000072bc00000, 0x000000072be00000|  0%| F|  |TAMS 0x000000072bc00000, 0x000000072bc00000| Untracked 
|  80|0x000000072be00000, 0x000000072be00000, 0x000000072c000000|  0%| F|  |TAMS 0x000000072be00000, 0x000000072be00000| Untracked 
|  81|0x000000072c000000, 0x000000072c000000, 0x000000072c200000|  0%| F|  |TAMS 0x000000072c000000, 0x000000072c000000| Untracked 
|  82|0x000000072c200000, 0x000000072c200000, 0x000000072c400000|  0%| F|  |TAMS 0x000000072c200000, 0x000000072c200000| Untracked 
|  83|0x000000072c400000, 0x000000072c400000, 0x000000072c600000|  0%| F|  |TAMS 0x000000072c400000, 0x000000072c400000| Untracked 
|  84|0x000000072c600000, 0x000000072c600000, 0x000000072c800000|  0%| F|  |TAMS 0x000000072c600000, 0x000000072c600000| Untracked 
|  85|0x000000072c800000, 0x000000072c800000, 0x000000072ca00000|  0%| F|  |TAMS 0x000000072c800000, 0x000000072c800000| Untracked 
|  86|0x000000072ca00000, 0x000000072ca00000, 0x000000072cc00000|  0%| F|  |TAMS 0x000000072ca00000, 0x000000072ca00000| Untracked 
|  87|0x000000072cc00000, 0x000000072cc00000, 0x000000072ce00000|  0%| F|  |TAMS 0x000000072cc00000, 0x000000072cc00000| Untracked 
|  88|0x000000072ce00000, 0x000000072ce00000, 0x000000072d000000|  0%| F|  |TAMS 0x000000072ce00000, 0x000000072ce00000| Untracked 
|  89|0x000000072d000000, 0x000000072d000000, 0x000000072d200000|  0%| F|  |TAMS 0x000000072d000000, 0x000000072d000000| Untracked 
|  90|0x000000072d200000, 0x000000072d200000, 0x000000072d400000|  0%| F|  |TAMS 0x000000072d200000, 0x000000072d200000| Untracked 
|  91|0x000000072d400000, 0x000000072d400000, 0x000000072d600000|  0%| F|  |TAMS 0x000000072d400000, 0x000000072d400000| Untracked 
|  92|0x000000072d600000, 0x000000072d600000, 0x000000072d800000|  0%| F|  |TAMS 0x000000072d600000, 0x000000072d600000| Untracked 
|  93|0x000000072d800000, 0x000000072d800000, 0x000000072da00000|  0%| F|  |TAMS 0x000000072d800000, 0x000000072d800000| Untracked 
|  94|0x000000072da00000, 0x000000072da00000, 0x000000072dc00000|  0%| F|  |TAMS 0x000000072da00000, 0x000000072da00000| Untracked 
|  95|0x000000072dc00000, 0x000000072dc00000, 0x000000072de00000|  0%| F|  |TAMS 0x000000072dc00000, 0x000000072dc00000| Untracked 
|  96|0x000000072de00000, 0x000000072de00000, 0x000000072e000000|  0%| F|  |TAMS 0x000000072de00000, 0x000000072de00000| Untracked 
|  97|0x000000072e000000, 0x000000072e000000, 0x000000072e200000|  0%| F|  |TAMS 0x000000072e000000, 0x000000072e000000| Untracked 
|  98|0x000000072e200000, 0x000000072e200000, 0x000000072e400000|  0%| F|  |TAMS 0x000000072e200000, 0x000000072e200000| Untracked 
|  99|0x000000072e400000, 0x000000072e400000, 0x000000072e600000|  0%| F|  |TAMS 0x000000072e400000, 0x000000072e400000| Untracked 
| 100|0x000000072e600000, 0x000000072e600000, 0x000000072e800000|  0%| F|  |TAMS 0x000000072e600000, 0x000000072e600000| Untracked 
| 101|0x000000072e800000, 0x000000072e800000, 0x000000072ea00000|  0%| F|  |TAMS 0x000000072e800000, 0x000000072e800000| Untracked 
| 102|0x000000072ea00000, 0x000000072ea00000, 0x000000072ec00000|  0%| F|  |TAMS 0x000000072ea00000, 0x000000072ea00000| Untracked 
| 103|0x000000072ec00000, 0x000000072ec00000, 0x000000072ee00000|  0%| F|  |TAMS 0x000000072ec00000, 0x000000072ec00000| Untracked 
| 104|0x000000072ee00000, 0x000000072ee00000, 0x000000072f000000|  0%| F|  |TAMS 0x000000072ee00000, 0x000000072ee00000| Untracked 
| 105|0x000000072f000000, 0x000000072f000000, 0x000000072f200000|  0%| F|  |TAMS 0x000000072f000000, 0x000000072f000000| Untracked 
| 106|0x000000072f200000, 0x000000072f200000, 0x000000072f400000|  0%| F|  |TAMS 0x000000072f200000, 0x000000072f200000| Untracked 
| 107|0x000000072f400000, 0x000000072f400000, 0x000000072f600000|  0%| F|  |TAMS 0x000000072f400000, 0x000000072f400000| Untracked 
| 108|0x000000072f600000, 0x000000072f600000, 0x000000072f800000|  0%| F|  |TAMS 0x000000072f600000, 0x000000072f600000| Untracked 
| 109|0x000000072f800000, 0x000000072f800000, 0x000000072fa00000|  0%| F|  |TAMS 0x000000072f800000, 0x000000072f800000| Untracked 
| 110|0x000000072fa00000, 0x000000072fa00000, 0x000000072fc00000|  0%| F|  |TAMS 0x000000072fa00000, 0x000000072fa00000| Untracked 
| 111|0x000000072fc00000, 0x000000072fce1548, 0x000000072fe00000| 44%| E|  |TAMS 0x000000072fc00000, 0x000000072fc00000| Complete 

Card table byte_map: [0x0000014a69b80000,0x0000014a6a280000] _byte_map_base: 0x0000014a66271000

Marking Bits (Prev, Next): (CMBitMap*) 0x0000014a52a25880, (CMBitMap*) 0x0000014a52a258c0
 Prev Bits: [0x0000014a6a980000, 0x0000014a6e108000)
 Next Bits: [0x0000014a6e110000, 0x0000014a71898000)

Polling page: 0x0000014a508f0000

Metaspace:

Usage:
  Non-class:      2.27 MB used.
      Class:    191.41 KB used.
       Both:      2.46 MB used.

Virtual space:
  Non-class space:        8.00 MB reserved,       2.31 MB ( 29%) committed,  1 nodes.
      Class space:        1.00 GB reserved,     192.00 KB ( <1%) committed,  1 nodes.
              Both:        1.01 GB reserved,       2.50 MB ( <1%) committed. 

Chunk freelists:
   Non-Class:  0 bytes
       Class:  3.75 MB
        Both:  3.75 MB

MaxMetaspaceSize: 17179869184.00 GB
CompressedClassSpaceSize: 1.00 GB
 - commit_granule_bytes: 65536.
 - commit_granule_words: 8192.
 - virtual_space_node_default_size: 1048576.
 - enlarge_chunks_in_place: 1.
 - new_chunks_are_fully_committed: 0.
 - uncommit_free_chunks: 1.
 - use_allocation_guard: 0.
 - handle_deallocations: 1.


Internal statistics:

num_allocs_failed_limit: 0.
num_arena_births: 2.
num_arena_deaths: 0.
num_vsnodes_births: 2.
num_vsnodes_deaths: 0.
num_space_committed: 40.
num_space_uncommitted: 0.
num_chunks_returned_to_freelist: 0.
num_chunks_taken_from_freelist: 3.
num_chunk_merges: 0.
num_chunk_splits: 1.
num_chunks_enlarged: 0.
num_purges: 0.

CodeHeap 'non-profiled nmethods': size=120000Kb used=0Kb max_used=0Kb free=120000Kb
 bounds [0x0000014a61c20000, 0x0000014a61e90000, 0x0000014a69150000]
CodeHeap 'profiled nmethods': size=120000Kb used=0Kb max_used=0Kb free=120000Kb
 bounds [0x0000014a5a6f0000, 0x0000014a5a960000, 0x0000014a61c20000]
CodeHeap 'non-nmethods': size=5760Kb used=403Kb max_used=403Kb free=5356Kb
 bounds [0x0000014a5a150000, 0x0000014a5a3c0000, 0x0000014a5a6f0000]
 total_blobs=196 nmethods=0 adapters=169
 compilation: enabled
              stopped_count=0, restarted_count=0
 full_count=0

Compilation events (0 events):
No events

GC Heap History (0 events):
No events

Deoptimization events (0 events):
No events

Classes unloaded (0 events):
No events

Classes redefined (0 events):
No events

Internal exceptions (0 events):
No events

Events (20 events):
Event: 0.066 loading class sun/nio/cs/ArrayEncoder
Event: 0.066 loading class sun/nio/cs/ArrayEncoder done
Event: 0.066 loading class java/nio/charset/CharsetEncoder
Event: 0.066 loading class java/nio/charset/CharsetEncoder done
Event: 0.066 loading class sun/nio/cs/SingleByte$Encoder done
Event: 0.066 loading class java/nio/charset/CodingErrorAction
Event: 0.066 loading class java/nio/charset/CodingErrorAction done
Event: 0.066 loading class java/nio/ByteBuffer
Event: 0.067 loading class java/nio/ByteBuffer done
Event: 0.067 loading class jdk/internal/misc/ScopedMemoryAccess
Event: 0.068 loading class jdk/internal/misc/ScopedMemoryAccess done
Event: 0.069 loading class java/nio/Buffer$1
Event: 0.069 loading class jdk/internal/access/JavaNioAccess
Event: 0.069 loading class jdk/internal/access/JavaNioAccess done
Event: 0.069 loading class java/nio/Buffer$1 done
Event: 0.069 loading class java/nio/HeapByteBuffer
Event: 0.069 loading class java/nio/HeapByteBuffer done
Event: 0.069 loading class java/nio/ByteOrder
Event: 0.069 loading class java/nio/ByteOrder done
Event: 0.069 loading class java/io/BufferedWriter


Dynamic libraries:
0x00007ff67f0d0000 - 0x00007ff67f0e0000 	C:\Program Files\Java\jdk-16.0.1\bin\java.exe
0x00007fff6ccf0000 - 0x00007fff6cee8000 	C:\WINDOWS\SYSTEM32\ntdll.dll
0x00007fff6ad50000 - 0x00007fff6ae0f000 	C:\WINDOWS\System32\KERNEL32.DLL
0x00007fff6a6e0000 - 0x00007fff6a9b2000 	C:\WINDOWS\System32\KERNELBASE.dll
0x00007fff6abd0000 - 0x00007fff6acd0000 	C:\WINDOWS\System32\ucrtbase.dll
0x00007fff5af80000 - 0x00007fff5af98000 	C:\Program Files\Java\jdk-16.0.1\bin\jli.dll
0x00007fff58360000 - 0x00007fff58379000 	C:\Program Files\Java\jdk-16.0.1\bin\VCRUNTIME140.dll
0x00007fff6af40000 - 0x00007fff6afee000 	C:\WINDOWS\System32\ADVAPI32.dll
0x00007fff6c560000 - 0x00007fff6c5fe000 	C:\WINDOWS\System32\msvcrt.dll
0x00007fff6c6d0000 - 0x00007fff6c76c000 	C:\WINDOWS\System32\sechost.dll
0x00007fff6b850000 - 0x00007fff6b974000 	C:\WINDOWS\System32\RPCRT4.dll
0x00007fff6c780000 - 0x00007fff6c921000 	C:\WINDOWS\System32\USER32.dll
0x00007fff4d9b0000 - 0x00007fff4dc4a000 	C:\WINDOWS\WinSxS\amd64_microsoft.windows.common-controls_6595b64144ccf1df_6.0.19041.1110_none_60b5254171f9507e\COMCTL32.dll
0x00007fff6a9c0000 - 0x00007fff6a9e2000 	C:\WINDOWS\System32\win32u.dll
0x00007fff6bfb0000 - 0x00007fff6bfdb000 	C:\WINDOWS\System32\GDI32.dll
0x00007fff6a540000 - 0x00007fff6a64f000 	C:\WINDOWS\System32\gdi32full.dll
0x00007fff6a4a0000 - 0x00007fff6a53d000 	C:\WINDOWS\System32\msvcp_win.dll
0x00007fff62140000 - 0x00007fff6214a000 	C:\WINDOWS\SYSTEM32\VERSION.dll
0x00007fff6cc80000 - 0x00007fff6ccb0000 	C:\WINDOWS\System32\IMM32.DLL
0x00007fff64fb0000 - 0x00007fff64fbc000 	C:\Program Files\Java\jdk-16.0.1\bin\vcruntime140_1.dll
0x00007fff4e050000 - 0x00007fff4e0e1000 	C:\Program Files\Java\jdk-16.0.1\bin\msvcp140.dll
0x00007fff0c480000 - 0x00007fff0d02b000 	C:\Program Files\Java\jdk-16.0.1\bin\server\jvm.dll
0x00007fff6ad40000 - 0x00007fff6ad48000 	C:\WINDOWS\System32\PSAPI.DLL
0x00007fff48170000 - 0x00007fff48179000 	C:\WINDOWS\SYSTEM32\WSOCK32.dll
0x00007fff61e50000 - 0x00007fff61e77000 	C:\WINDOWS\SYSTEM32\WINMM.dll
0x00007fff6c470000 - 0x00007fff6c4db000 	C:\WINDOWS\System32\WS2_32.dll
0x00007fff68c30000 - 0x00007fff68c42000 	C:\WINDOWS\SYSTEM32\kernel.appcore.dll
0x00007fff58350000 - 0x00007fff5835a000 	C:\Program Files\Java\jdk-16.0.1\bin\jimage.dll
0x00007fff689e0000 - 0x00007fff68bc4000 	C:\WINDOWS\SYSTEM32\DBGHELP.DLL
0x00007fff66c70000 - 0x00007fff66ca5000 	C:\WINDOWS\SYSTEM32\dbgcore.DLL
0x00007fff6a650000 - 0x00007fff6a6d2000 	C:\WINDOWS\System32\bcryptPrimitives.dll
0x00007fff582d0000 - 0x00007fff582f5000 	C:\Program Files\Java\jdk-16.0.1\bin\java.dll
0x00007fff6b100000 - 0x00007fff6b845000 	C:\WINDOWS\System32\SHELL32.dll
0x00007fff68170000 - 0x00007fff68902000 	C:\WINDOWS\SYSTEM32\windows.storage.dll
0x00007fff6c110000 - 0x00007fff6c465000 	C:\WINDOWS\System32\combase.dll
0x00007fff69d00000 - 0x00007fff69d30000 	C:\WINDOWS\SYSTEM32\Wldp.dll
0x00007fff6ae10000 - 0x00007fff6aebd000 	C:\WINDOWS\System32\SHCORE.dll
0x00007fff6cb40000 - 0x00007fff6cb95000 	C:\WINDOWS\System32\shlwapi.dll
0x00007fff6a330000 - 0x00007fff6a34f000 	C:\WINDOWS\SYSTEM32\profapi.dll

dbghelp: loaded successfully - version: 4.0.5 - missing functions: none
symbol engine: initialized successfully - sym options: 0x614 - pdb path: .;C:\Program Files\Java\jdk-16.0.1\bin;C:\WINDOWS\SYSTEM32;C:\WINDOWS\WinSxS\amd64_microsoft.windows.common-controls_6595b64144ccf1df_6.0.19041.1110_none_60b5254171f9507e;C:\Program Files\Java\jdk-16.0.1\bin\server

VM Arguments:
jvm_args: -Dio.ktor.development=false -Dfile.encoding=windows-1252 -Duser.country=DE -Duser.language=de -Duser.variant 
java_command: com.example.ApplicationKt
java_class_path (initial): C:\Users\Florian\Downloads\ktor-order-management\build\classes\java\main;C:\Users\Florian\Downloads\ktor-order-management\build\classes\kotlin\main;C:\Users\Florian\Downloads\ktor-order-management\build\resources\main;C:\Users\Florian\.gradle\caches\modules-2\files-2.1\io.ktor\ktor-server-content-negotiation-jvm\2.2.4\e1112e49ae6ea1a4b8aef6e6950f7d3fe4897ccb\ktor-server-content-negotiation-jvm-2.2.4.jar;C:\Users\Florian\.gradle\caches\modules-2\files-2.1\io.ktor\ktor-server-netty-jvm\2.2.4\c1c38d575c80e17b252d9caf811a09d395316901\ktor-server-netty-jvm-2.2.4.jar;C:\Users\Florian\.gradle\caches\modules-2\files-2.1\io.ktor\ktor-server-host-common-jvm\2.2.4\7a7dff7672a67e10293c887b4232ea3722824b3\ktor-server-host-common-jvm-2.2.4.jar;C:\Users\Florian\.gradle\caches\modules-2\files-2.1\io.ktor\ktor-server-core-jvm\2.2.4\74c77c5cf1b6c7fb8394eb7d1251b68b39497c7\ktor-server-core-jvm-2.2.4.jar;C:\Users\Florian\.gradle\caches\modules-2\files-2.1\org.jetbrains.exposed\exposed-dao\0.41.1\a125d583f35b0611953de7607e1fecffa1bc8685\exposed-dao-0.41.1.jar;C:\Users\Florian\.gradle\caches\modules-2\files-2.1\org.jetbrains.exposed\exposed-jdbc\0.41.1\13aa3881ac29ae4890196d74812cfded1fae4b90\exposed-jdbc-0.41.1.jar;C:\Users\Florian\.gradle\caches\modules-2\files-2.1\io.ktor\ktor-serialization-jackson-jvm\2.2.4\decee3cf6eb19e4fc34f5367f906003f45d11a51\ktor-serialization-jackson-jvm-2.2.4.jar;C:\Users\Florian\.gradle\caches\modules-2\files-2.1\io.ktor\ktor-serialization-jvm\2.2.4\5bdef027d90d8eb90d63430b4d0d2916b45e6709\ktor-serialization-jvm-2.2.4.jar;C:\Users\Florian\.gradle\caches\modules-2\files-2.1\io.ktor\ktor-events-jvm\2.2.4\bef995ae157d5d14fd41fc5516fa846e43591bfc\ktor-events-jvm-2.2.4.jar;C:\Users\Florian\.gradle\caches\modules-2\files-2.1\io.ktor\ktor-websockets-jvm\2.2.4\e421265f8fbb10a882361be2f756154e135e68f8\ktor-websockets-jvm-2.2.4.jar;C:\Users\Florian\.gradle\caches\modules-2\files-2.1\io.ktor\ktor-http-cio-jvm\2.2.4\45166ec23f4254568de60c159
Launcher Type: SUN_STANDARD

[Global flags]
     intx CICompilerCount                          = 4                                         {product} {ergonomic}
     uint ConcGCThreads                            = 2                                         {product} {ergonomic}
     uint G1ConcRefinementThreads                  = 8                                         {product} {ergonomic}
   size_t G1HeapRegionSize                         = 2097152                                   {product} {ergonomic}
    uintx GCDrainStackTargetSize                   = 64                                        {product} {ergonomic}
   size_t InitialHeapSize                          = 234881024                                 {product} {ergonomic}
   size_t MarkStackSize                            = 4194304                                   {product} {ergonomic}
   size_t MaxHeapSize                              = 3726639104                                {product} {ergonomic}
   size_t MaxNewSize                               = 2235564032                                {product} {ergonomic}
   size_t MinHeapDeltaBytes                        = 2097152                                   {product} {ergonomic}
   size_t MinHeapSize                              = 8388608                                   {product} {ergonomic}
    uintx NonNMethodCodeHeapSize                   = 5839372                                {pd product} {ergonomic}
    uintx NonProfiledCodeHeapSize                  = 122909434                              {pd product} {ergonomic}
    uintx ProfiledCodeHeapSize                     = 122909434                              {pd product} {ergonomic}
    uintx ReservedCodeCacheSize                    = 251658240                              {pd product} {ergonomic}
     bool SegmentedCodeCache                       = true                                      {product} {ergonomic}
   size_t SoftMaxHeapSize                          = 3726639104                             {manageable} {ergonomic}
     bool UseCompressedClassPointers               = true                           {product lp64_product} {ergonomic}
     bool UseCompressedOops                        = true                           {product lp64_product} {ergonomic}
     bool UseG1GC                                  = true                                      {product} {ergonomic}
     bool UseLargePagesIndividualAllocation        = false                                  {pd product} {ergonomic}

Logging:
Log output configuration:
 #0: stdout all=warning uptime,level,tags
 #1: stderr all=off uptime,level,tags

Environment Variables:
JAVA_HOME=C:\Program Files\Java\jdk-16.0.1
PATH=C:\Program Files\Java\jdk-16.0.1\bin;C:\Program Files (x86)\Common Files\Oracle\Java\javapath;C:\Program Files\Common Files\Oracle\Java\javapath;C:\WINDOWS\system32;C:\WINDOWS;C:\WINDOWS\System32\Wbem;C:\WINDOWS\System32\WindowsPowerShell\v1.0\;C:\WINDOWS\System32\OpenSSH\;C:\Program Files\Git\cmd;C:\Program Files\Java\apache-maven-3.6.3-bin\apache-maven-3.6.3\bin;C:\Users\Florian\Desktop\Masterarbeit\masterarbeit-trustedshops\DOLAR\frascati-runtime-1.6 (1)\frascati-runtime-1.6\bin;C:\Program Files\Java\jdk-15.0.2\bin;C:\Program Files (x86)\dotnet\;C:\Program Files\dotnet\;C:\Program Files\nuget\;C:\Program Files\nodejs\;C:\Windows\Microsoft.NET\Framework\v4.0.30319;C:\Program Files\Go\bin;C:\Program Files\PuTTY\;C:\Users\Florian\AppData\Local\Microsoft\WindowsApps;C:\Users\Florian\AppData\Local\Programs\Microsoft VS Code\bin;C:\Users\Florian\AppData\Local\Programs\MiKTeX\miktex\bin\x64\;C:\Users\Florian\.dotnet\tools;C:\Users\Florian\AppData\Roaming\npm;C:\Users\Florian\go\bin;
USERNAME=Florian
OS=Windows_NT
PROCESSOR_IDENTIFIER=AMD64 Family 23 Model 24 Stepping 1, AuthenticAMD



---------------  S Y S T E M  ---------------

OS:
 Windows 10 , 64 bit Build 19041 (10.0.19041.2546)
OS uptime: 0 days 19:06 hours
Hyper-V role detected

CPU: total 8 (initial active 8) (8 cores per cpu, 2 threads per core) family 23 model 24 stepping 1 microcode 0x0, cx8, cmov, fxsr, ht, mmx, 3dnowpref, sse, sse2, sse3, ssse3, sse4a, sse4.1, sse4.2, popcnt, lzcnt, tsc, tscinvbit, avx, avx2, aes, clmul, bmi1, bmi2, adx, sha, fma, vzeroupper, clflush, clflushopt, hv

Memory: 4k page, system-wide physical 14213M (2868M free)
TotalPageFile size 14213M (AvailPageFile size 5M)
current process WorkingSet (physical memory assigned to process): 20M, peak: 20M
current process commit charge ("private bytes"): 298M, peak: 298M

vm_info: Java HotSpot(TM) 64-Bit Server VM (16.0.1+9-24) for windows-amd64 JRE (16.0.1+9-24), built on Mar 26 2021 19:31:42 by "mach5one" with MS VC++ 16.7 (VS2019)

END.
