#
# There is insufficient memory for the Java Runtime Environment to continue.
# Native memory allocation (mmap) failed to map 3670016 bytes for G1 virtual space
# Possible reasons:
#   The system is out of physical RAM or swap space
#   The process is running with CompressedOops enabled, and the Java Heap may be blocking the growth of the native heap
# Possible solutions:
#   Reduce memory load on the system
#   Increase physical memory or swap space
#   Check if swap backing store is full
#   Decrease Java heap size (-Xmx/-Xms)
#   Decrease number of Java threads
#   Decrease Java thread stack sizes (-Xss)
#   Set larger code cache with -XX:ReservedCodeCacheSize=
#   JVM is running with Unscaled Compressed Oops mode in which the Java heap is
#     placed in the first 4GB address space. The Java Heap base address is the
#     maximum limit for the native heap growth. Please use -XX:HeapBaseMinAddress
#     to set the Java Heap base and to place the Java Heap above 4GB virtual address.
# This output file may be truncated or incomplete.
#
#  Out of Memory Error (os_windows.cpp:3466), pid=20696, tid=15260
#
# JRE version:  (16.0.1+9) (build )
# Java VM: Java HotSpot(TM) 64-Bit Server VM (16.0.1+9-24, mixed mode, sharing, tiered, compressed oops, compressed class ptrs, g1 gc, windows-amd64)
# No core dump will be written. Minidumps are not enabled by default on client versions of Windows
#

---------------  S U M M A R Y ------------

Command Line: -Dorg.gradle.internal.worker.tmpdir=C:\Users\Florian\Downloads\ktor\ktor-order-management\build\tmp\test\work -Dorg.gradle.native=false -Xmx512m -Dfile.encoding=windows-1252 -Duser.country=DE -Duser.language=de -Duser.variant -ea worker.org.gradle.process.internal.worker.GradleWorkerMain 'Gradle Test Executor 17'

Host: AMD Ryzen 5 3500U with Radeon Vega Mobile Gfx  , 8 cores, 13G,  Windows 10 , 64 bit Build 19041 (10.0.19041.2546)
Time: Sun Apr 16 18:40:03 2023 Mitteleuropäische Sommerzeit elapsed time: 0.052525 seconds (0d 0h 0m 0s)

---------------  T H R E A D  ---------------

Current thread (0x000001e6423cbce0):  JavaThread "Unknown thread" [_thread_in_vm, id=15260, stack(0x0000008bd8400000,0x0000008bd8500000)]

Stack: [0x0000008bd8400000,0x0000008bd8500000]
Native frames: (J=compiled Java code, j=interpreted, Vv=VM code, C=native code)
V  [jvm.dll+0x6687ca]
V  [jvm.dll+0x7ca3c9]
V  [jvm.dll+0x7cbb53]
V  [jvm.dll+0x7cc1b3]
V  [jvm.dll+0x242ea5]
V  [jvm.dll+0x665589]
V  [jvm.dll+0x65a175]
V  [jvm.dll+0x2fc5ab]
V  [jvm.dll+0x3037a6]
V  [jvm.dll+0x353018]
V  [jvm.dll+0x35321f]
V  [jvm.dll+0x2d3618]
V  [jvm.dll+0x2d4854]
V  [jvm.dll+0x79ccb1]
V  [jvm.dll+0x360de1]
V  [jvm.dll+0x77a990]
V  [jvm.dll+0x3e55af]
V  [jvm.dll+0x3e7081]
C  [jli.dll+0x52fb]
C  [ucrtbase.dll+0x21bb2]
C  [KERNEL32.DLL+0x17614]
C  [ntdll.dll+0x526a1]


---------------  P R O C E S S  ---------------

Threads class SMR info:
_java_thread_list=0x00007fff30d0cbb8, length=0, elements={
}

Java Threads: ( => current thread )

Other Threads:
  0x000001e6423f4240 GCTaskThread "GC Thread#0" [stack: 0x0000008bd8500000,0x0000008bd8600000] [id=8308]
  0x000001e6423f9a90 ConcurrentGCThread "G1 Main Marker" [stack: 0x0000008bd8600000,0x0000008bd8700000] [id=15704]
  0x000001e6423fa500 ConcurrentGCThread "G1 Conc#0" [stack: 0x0000008bd8700000,0x0000008bd8800000] [id=20844]

[error occurred during error reporting (printing all threads), id 0xc0000005, EXCEPTION_ACCESS_VIOLATION (0xc0000005) at pc=0x00007fff304e44d7]

VM state: not at safepoint (not fully initialized)

VM Mutex/Monitor currently owned by a thread:  ([mutex/lock_event])
[0x000001e6423c96f0] Heap_lock - owner thread: 0x000001e6423cbce0

Heap address: 0x00000000e0000000, size: 512 MB, Compressed Oops mode: 32-bit

CDS archive(s) mapped at: [0x0000000000000000-0x0000000000000000-0x0000000000000000), size 0, SharedBaseAddress: 0x0000000800000000, ArchiveRelocationMode: 0.
Narrow klass base: 0x0000000000000000, Narrow klass shift: 0, Narrow klass range: 0x0

GC Precious Log:
<Empty>

Heap:
 garbage-first heap   total 0K, used 0K [0x00000000e0000000, 0x0000000100000000)
  region size 1024K, 0 young (0K), 0 survivors (0K)

[error occurred during error reporting (printing heap information), id 0xc0000005, EXCEPTION_ACCESS_VIOLATION (0xc0000005) at pc=0x00007fff308c24ed]

GC Heap History (0 events):
No events

Deoptimization events (0 events):
No events

Classes unloaded (0 events):
No events

Classes redefined (0 events):
No events

Internal exceptions (0 events):
No events

Events (1 events):
Event: 0.019 Loaded shared library C:\Program Files\Java\jdk-16.0.1\bin\java.dll


Dynamic libraries:
0x00007ff7c2c90000 - 0x00007ff7c2ca0000 	C:\Program Files\Java\jdk-16.0.1\bin\java.exe
0x00007fff6ccf0000 - 0x00007fff6cee8000 	C:\WINDOWS\SYSTEM32\ntdll.dll
0x00007fff6ad50000 - 0x00007fff6ae0f000 	C:\WINDOWS\System32\KERNEL32.DLL
0x00007fff6a6e0000 - 0x00007fff6a9b2000 	C:\WINDOWS\System32\KERNELBASE.dll
0x00007fff6abd0000 - 0x00007fff6acd0000 	C:\WINDOWS\System32\ucrtbase.dll
0x00007fff54690000 - 0x00007fff546a8000 	C:\Program Files\Java\jdk-16.0.1\bin\jli.dll
0x00007fff51d30000 - 0x00007fff51d49000 	C:\Program Files\Java\jdk-16.0.1\bin\VCRUNTIME140.dll
0x00007fff6af40000 - 0x00007fff6afee000 	C:\WINDOWS\System32\ADVAPI32.dll
0x00007fff6c560000 - 0x00007fff6c5fe000 	C:\WINDOWS\System32\msvcrt.dll
0x00007fff6c6d0000 - 0x00007fff6c76c000 	C:\WINDOWS\System32\sechost.dll
0x00007fff6b850000 - 0x00007fff6b974000 	C:\WINDOWS\System32\RPCRT4.dll
0x00007fff6c780000 - 0x00007fff6c921000 	C:\WINDOWS\System32\USER32.dll
0x00007fff4d9b0000 - 0x00007fff4dc4a000 	C:\WINDOWS\WinSxS\amd64_microsoft.windows.common-controls_6595b64144ccf1df_6.0.19041.1110_none_60b5254171f9507e\COMCTL32.dll
0x00007fff6a9c0000 - 0x00007fff6a9e2000 	C:\WINDOWS\System32\win32u.dll
0x00007fff6bfb0000 - 0x00007fff6bfdb000 	C:\WINDOWS\System32\GDI32.dll
0x00007fff6a540000 - 0x00007fff6a64f000 	C:\WINDOWS\System32\gdi32full.dll
0x00007fff6a4a0000 - 0x00007fff6a53d000 	C:\WINDOWS\System32\msvcp_win.dll
0x00007fff62140000 - 0x00007fff6214a000 	C:\WINDOWS\SYSTEM32\VERSION.dll
0x00007fff6cc80000 - 0x00007fff6ccb0000 	C:\WINDOWS\System32\IMM32.DLL
0x00007fff584c0000 - 0x00007fff584cc000 	C:\Program Files\Java\jdk-16.0.1\bin\vcruntime140_1.dll
0x00007fff3d2e0000 - 0x00007fff3d371000 	C:\Program Files\Java\jdk-16.0.1\bin\msvcp140.dll
0x00007fff30200000 - 0x00007fff30dab000 	C:\Program Files\Java\jdk-16.0.1\bin\server\jvm.dll
0x00007fff6ad40000 - 0x00007fff6ad48000 	C:\WINDOWS\System32\PSAPI.DLL
0x00007fff48170000 - 0x00007fff48179000 	C:\WINDOWS\SYSTEM32\WSOCK32.dll
0x00007fff61e50000 - 0x00007fff61e77000 	C:\WINDOWS\SYSTEM32\WINMM.dll
0x00007fff6c470000 - 0x00007fff6c4db000 	C:\WINDOWS\System32\WS2_32.dll
0x00007fff68c30000 - 0x00007fff68c42000 	C:\WINDOWS\SYSTEM32\kernel.appcore.dll
0x00007fff58420000 - 0x00007fff5842a000 	C:\Program Files\Java\jdk-16.0.1\bin\jimage.dll
0x00007fff689e0000 - 0x00007fff68bc4000 	C:\WINDOWS\SYSTEM32\DBGHELP.DLL
0x00007fff66c70000 - 0x00007fff66ca5000 	C:\WINDOWS\SYSTEM32\dbgcore.DLL
0x00007fff6a650000 - 0x00007fff6a6d2000 	C:\WINDOWS\System32\bcryptPrimitives.dll
0x00007fff4bfd0000 - 0x00007fff4bff5000 	C:\Program Files\Java\jdk-16.0.1\bin\java.dll

dbghelp: loaded successfully - version: 4.0.5 - missing functions: none
symbol engine: initialized successfully - sym options: 0x614 - pdb path: .;C:\Program Files\Java\jdk-16.0.1\bin;C:\WINDOWS\SYSTEM32;C:\WINDOWS\WinSxS\amd64_microsoft.windows.common-controls_6595b64144ccf1df_6.0.19041.1110_none_60b5254171f9507e;C:\Program Files\Java\jdk-16.0.1\bin\server

VM Arguments:
jvm_args: -Dorg.gradle.internal.worker.tmpdir=C:\Users\Florian\Downloads\ktor\ktor-order-management\build\tmp\test\work -Dorg.gradle.native=false -Xmx512m -Dfile.encoding=windows-1252 -Duser.country=DE -Duser.language=de -Duser.variant -ea 
java_command: worker.org.gradle.process.internal.worker.GradleWorkerMain 'Gradle Test Executor 17'
java_class_path (initial): C:\\Users\\Florian\\.gradle\\caches\\7.5.1\\workerMain\\gradle-worker.jar;C:\\Users\\Florian\\Downloads\\ktor\\ktor-order-management\\build\\classes\\kotlin\\test;C:\\Users\\Florian\\Downloads\\ktor\\ktor-order-management\\build\\classes\\kotlin\\main;C:\\Users\\Florian\\Downloads\\ktor\\ktor-order-management\\build\\resources\\main;C:\\Users\\Florian\\.gradle\\caches\\modules-2\\files-2.1\\io.ktor\\ktor-server-tests-jvm\\2.2.4\\51ce5572a80b8e334fa94a80ac09c94be30ed88a\\ktor-server-tests-jvm-2.2.4.jar;C:\\Users\\Florian\\.gradle\\caches\\modules-2\\files-2.1\\io.ktor\\ktor-server-jvm\\2.2.4\\5e7233b60e266cbab47ebedb848839d8183e641a\\ktor-server-jvm-2.2.4.jar;C:\\Users\\Florian\\.gradle\\caches\\modules-2\\files-2.1\\io.ktor\\ktor-server-content-negotiation-jvm\\2.2.4\\e1112e49ae6ea1a4b8aef6e6950f7d3fe4897ccb\\ktor-server-content-negotiation-jvm-2.2.4.jar;C:\\Users\\Florian\\.gradle\\caches\\modules-2\\files-2.1\\io.ktor\\ktor-server-test-host-jvm\\2.2.4\\45c053826edacbdedb478031a7cde22ddf7ebd93\\ktor-server-test-host-jvm-2.2.4.jar;C:\\Users\\Florian\\.gradle\\caches\\modules-2\\files-2.1\\io.ktor\\ktor-server-netty-jvm\\2.2.4\\c1c38d575c80e17b252d9caf811a09d395316901\\ktor-server-netty-jvm-2.2.4.jar;C:\\Users\\Florian\\.gradle\\caches\\modules-2\\files-2.1\\io.ktor\\ktor-server-host-common-jvm\\2.2.4\\7a7dff7672a67e10293c887b4232ea3722824b3\\ktor-server-host-common-jvm-2.2.4.jar;C:\\Users\\Florian\\.gradle\\caches\\modules-2\\files-2.1\\io.ktor\\ktor-server-rate-limit-jvm\\2.2.4\\5ddc1313e677979fe5163a958e31d8be2e2ccd\\ktor-server-rate-limit-jvm-2.2.4.jar;C:\\Users\\Florian\\.gradle\\caches\\modules-2\\files-2.1\\io.ktor\\ktor-server-call-id-jvm\\2.2.4\\51d8e9eb2f0067580dbbf90649d7e3e4afa7bf88\\ktor-server-call-id-jvm-2.2.4.jar;C:\\Users\\Florian\\.gradle\\caches\\modules-2\\files-2.1\\io.ktor\\ktor-server-call-logging-jvm\\2.2.4\\358930f1e77f558be8f105e4e60644cc817bf870\\ktor-server-call-logging-jvm-2.2.4.jar;C:\\Users\\Florian\\.gradle
Launcher Type: SUN_STANDARD

[Global flags]
     intx CICompilerCount                          = 4                                         {product} {ergonomic}
     uint ConcGCThreads                            = 2                                         {product} {ergonomic}
     uint G1ConcRefinementThreads                  = 8                                         {product} {ergonomic}
   size_t G1HeapRegionSize                         = 1048576                                   {product} {ergonomic}
    uintx GCDrainStackTargetSize                   = 64                                        {product} {ergonomic}
   size_t InitialHeapSize                          = 234881024                                 {product} {ergonomic}
   size_t MarkStackSize                            = 4194304                                   {product} {ergonomic}
   size_t MaxHeapSize                              = 536870912                                 {product} {command line}
   size_t MinHeapDeltaBytes                        = 1048576                                   {product} {ergonomic}
   size_t MinHeapSize                              = 8388608                                   {product} {ergonomic}
    uintx NonNMethodCodeHeapSize                   = 5839372                                {pd product} {ergonomic}
    uintx NonProfiledCodeHeapSize                  = 122909434                              {pd product} {ergonomic}
    uintx ProfiledCodeHeapSize                     = 122909434                              {pd product} {ergonomic}
    uintx ReservedCodeCacheSize                    = 251658240                              {pd product} {ergonomic}
     bool SegmentedCodeCache                       = true                                      {product} {ergonomic}
   size_t SoftMaxHeapSize                          = 536870912                              {manageable} {ergonomic}
     bool UseCompressedClassPointers               = true                           {product lp64_product} {ergonomic}
     bool UseCompressedOops                        = true                           {product lp64_product} {ergonomic}
     bool UseG1GC                                  = true                                      {product} {ergonomic}
     bool UseLargePagesIndividualAllocation        = false                                  {pd product} {ergonomic}

Logging:
Log output configuration:
 #0: stdout all=warning uptime,level,tags
 #1: stderr all=off uptime,level,tags

Environment Variables:
JAVA_HOME=C:\Program Files\Java\jdk-16.0.1
PATH=C:\Program Files\Java\jdk-16.0.1\bin;C:\Program Files (x86)\Common Files\Oracle\Java\javapath;C:\Program Files\Common Files\Oracle\Java\javapath;C:\WINDOWS\system32;C:\WINDOWS;C:\WINDOWS\System32\Wbem;C:\WINDOWS\System32\WindowsPowerShell\v1.0\;C:\WINDOWS\System32\OpenSSH\;C:\Program Files\Git\cmd;C:\Program Files\Java\apache-maven-3.6.3-bin\apache-maven-3.6.3\bin;C:\Users\Florian\Desktop\Masterarbeit\masterarbeit-trustedshops\DOLAR\frascati-runtime-1.6 (1)\frascati-runtime-1.6\bin;C:\Program Files\Java\jdk-15.0.2\bin;C:\Program Files (x86)\dotnet\;C:\Program Files\dotnet\;C:\Program Files\nuget\;C:\Program Files\nodejs\;C:\Windows\Microsoft.NET\Framework\v4.0.30319;C:\Program Files\Go\bin;C:\Program Files\PuTTY\;C:\Users\Florian\AppData\Local\Microsoft\WindowsApps;C:\Users\Florian\AppData\Local\Programs\Microsoft VS Code\bin;C:\Users\Florian\AppData\Local\Programs\MiKTeX\miktex\bin\x64\;C:\Users\Florian\.dotnet\tools;C:\Users\Florian\AppData\Roaming\npm;C:\Users\Florian\go\bin;
USERNAME=Florian
OS=Windows_NT
PROCESSOR_IDENTIFIER=AMD64 Family 23 Model 24 Stepping 1, AuthenticAMD



---------------  S Y S T E M  ---------------

OS:
 Windows 10 , 64 bit Build 19041 (10.0.19041.2546)
OS uptime: 2 days 2:12 hours
Hyper-V role detected

CPU: total 8 (initial active 8) (8 cores per cpu, 2 threads per core) family 23 model 24 stepping 1 microcode 0x0, cx8, cmov, fxsr, ht, mmx, 3dnowpref, sse, sse2, sse3, ssse3, sse4a, sse4.1, sse4.2, popcnt, lzcnt, tsc, tscinvbit, avx, avx2, aes, clmul, bmi1, bmi2, adx, sha, fma, vzeroupper, clflush, clflushopt, hv

Memory: 4k page, system-wide physical 14213M (2590M free)
TotalPageFile size 14213M (AvailPageFile size 6M)
current process WorkingSet (physical memory assigned to process): 10M, peak: 10M
current process commit charge ("private bytes"): 287M, peak: 291M

vm_info: Java HotSpot(TM) 64-Bit Server VM (16.0.1+9-24) for windows-amd64 JRE (16.0.1+9-24), built on Mar 26 2021 19:31:42 by "mach5one" with MS VC++ 16.7 (VS2019)

END.
