#
# There is insufficient memory for the Java Runtime Environment to continue.
# Native memory allocation (malloc) failed to allocate 50496 bytes for Chunk::new
# Possible reasons:
#   The system is out of physical RAM or swap space
#   The process is running with CompressedOops enabled, and the Java Heap may be blocking the growth of the native heap
# Possible solutions:
#   Reduce memory load on the system
#   Increase physical memory or swap space
#   Check if swap backing store is full
#   Decrease Java heap size (-Xmx/-Xms)
#   Decrease number of Java threads
#   Decrease Java thread stack sizes (-Xss)
#   Set larger code cache with -XX:ReservedCodeCacheSize=
#   JVM is running with Zero Based Compressed Oops mode in which the Java heap is
#     placed in the first 32GB address space. The Java Heap base address is the
#     maximum limit for the native heap growth. Please use -XX:HeapBaseMinAddress
#     to set the Java Heap base and to place the Java Heap above 32GB virtual address.
# This output file may be truncated or incomplete.
#
#  Out of Memory Error (arena.cpp:195), pid=17648, tid=11672
#
# JRE version: Java(TM) SE Runtime Environment (16.0.1+9) (build 16.0.1+9-24)
# Java VM: Java HotSpot(TM) 64-Bit Server VM (16.0.1+9-24, mixed mode, sharing, tiered, compressed oops, compressed class ptrs, g1 gc, windows-amd64)
# No core dump will be written. Minidumps are not enabled by default on client versions of Windows
#

---------------  S U M M A R Y ------------

Command Line: -Dio.ktor.development=false -Dfile.encoding=windows-1252 -Duser.country=DE -Duser.language=de -Duser.variant com.example.ApplicationKt

Host: AMD Ryzen 5 3500U with Radeon Vega Mobile Gfx  , 8 cores, 13G,  Windows 10 , 64 bit Build 19041 (10.0.19041.2546)
Time: Sun Apr 16 12:13:01 2023 Mitteleuropäische Sommerzeit elapsed time: 0.268779 seconds (0d 0h 0m 0s)

---------------  T H R E A D  ---------------

Current thread (0x0000012b7a230410):  JavaThread "C2 CompilerThread0" daemon [_thread_in_native, id=11672, stack(0x000000063d600000,0x000000063d700000)]


Current CompileTask:
C2:    268  263 %     4       java.lang.StringLatin1::indexOf @ 30 (121 bytes)

Stack: [0x000000063d600000,0x000000063d700000]
Native frames: (J=compiled Java code, j=interpreted, Vv=VM code, C=native code)
V  [jvm.dll+0x6687ca]
V  [jvm.dll+0x7ca3c9]
V  [jvm.dll+0x7cbb53]
V  [jvm.dll+0x7cc1b3]
V  [jvm.dll+0x242ea5]
V  [jvm.dll+0xadeca]
V  [jvm.dll+0xae5ac]
V  [jvm.dll+0x2a52cf]
V  [jvm.dll+0x574359]
V  [jvm.dll+0x21eb55]
V  [jvm.dll+0x217e51]
V  [jvm.dll+0x21524c]
V  [jvm.dll+0x1a1d9b]
V  [jvm.dll+0x2253a8]
V  [jvm.dll+0x2233ec]
V  [jvm.dll+0x780002]
V  [jvm.dll+0x779b4a]
V  [jvm.dll+0x667666]
C  [ucrtbase.dll+0x21bb2]
C  [KERNEL32.DLL+0x17614]
C  [ntdll.dll+0x526a1]


---------------  P R O C E S S  ---------------

Threads class SMR info:
_java_thread_list=0x0000012b7acf1260, length=12, elements={
0x0000012b5892a240, 0x0000012b7a20eb10, 0x0000012b7a20f8e0, 0x0000012b7a227ba0,
0x0000012b7a22a4c0, 0x0000012b7a22add0, 0x0000012b7a22cf00, 0x0000012b7a230410,
0x0000012b7a239b60, 0x0000012b7a23a4b0, 0x0000012b7ad0ad80, 0x0000012b7ad0bd70
}

Java Threads: ( => current thread )
  0x0000012b5892a240 JavaThread "main" [_thread_in_Java, id=10356, stack(0x000000063c900000,0x000000063ca00000)]
  0x0000012b7a20eb10 JavaThread "Reference Handler" daemon [_thread_blocked, id=9308, stack(0x000000063d000000,0x000000063d100000)]
  0x0000012b7a20f8e0 JavaThread "Finalizer" daemon [_thread_blocked, id=8932, stack(0x000000063d100000,0x000000063d200000)]
  0x0000012b7a227ba0 JavaThread "Signal Dispatcher" daemon [_thread_blocked, id=8944, stack(0x000000063d200000,0x000000063d300000)]
  0x0000012b7a22a4c0 JavaThread "Attach Listener" daemon [_thread_blocked, id=17632, stack(0x000000063d300000,0x000000063d400000)]
  0x0000012b7a22add0 JavaThread "Service Thread" daemon [_thread_blocked, id=20904, stack(0x000000063d400000,0x000000063d500000)]
  0x0000012b7a22cf00 JavaThread "Monitor Deflation Thread" daemon [_thread_blocked, id=10908, stack(0x000000063d500000,0x000000063d600000)]
=>0x0000012b7a230410 JavaThread "C2 CompilerThread0" daemon [_thread_in_native, id=11672, stack(0x000000063d600000,0x000000063d700000)]
  0x0000012b7a239b60 JavaThread "C1 CompilerThread0" daemon [_thread_blocked, id=18356, stack(0x000000063d700000,0x000000063d800000)]
  0x0000012b7a23a4b0 JavaThread "Sweeper thread" daemon [_thread_blocked, id=16000, stack(0x000000063d800000,0x000000063d900000)]
  0x0000012b7ad0ad80 JavaThread "Notification Thread" daemon [_thread_blocked, id=9160, stack(0x000000063d900000,0x000000063da00000)]
  0x0000012b7ad0bd70 JavaThread "Common-Cleaner" daemon [_thread_blocked, id=9036, stack(0x000000063db00000,0x000000063dc00000)]

Other Threads:
  0x0000012b7a20bfc0 VMThread "VM Thread" [stack: 0x000000063cf00000,0x000000063d000000] [id=2068]
  0x0000012b7ad16030 WatcherThread [stack: 0x000000063da00000,0x000000063db00000] [id=5024]
  0x0000012b589767f0 GCTaskThread "GC Thread#0" [stack: 0x000000063ca00000,0x000000063cb00000] [id=4128]
  0x0000012b58985740 ConcurrentGCThread "G1 Main Marker" [stack: 0x000000063cb00000,0x000000063cc00000] [id=11740]
  0x0000012b58986230 ConcurrentGCThread "G1 Conc#0" [stack: 0x000000063cc00000,0x000000063cd00000] [id=19208]
  0x0000012b589f9c70 ConcurrentGCThread "G1 Refine#0" [stack: 0x000000063cd00000,0x000000063ce00000] [id=15648]
  0x0000012b7a0c2780 ConcurrentGCThread "G1 Service" [stack: 0x000000063ce00000,0x000000063cf00000] [id=9852]

Threads with active compile tasks:
C2 CompilerThread0      290  263 %     4       java.lang.StringLatin1::indexOf @ 30 (121 bytes)

VM state: not at safepoint (normal execution)

VM Mutex/Monitor currently owned by a thread: None

Heap address: 0x0000000721e00000, size: 3554 MB, Compressed Oops mode: Zero based, Oop shift amount: 3

CDS archive(s) mapped at: [0x0000000800000000-0x0000000800bb0000-0x0000000800bb0000), size 12255232, SharedBaseAddress: 0x0000000800000000, ArchiveRelocationMode: 0.
Compressed class space mapped at: 0x0000000800c00000-0x0000000840c00000, reserved size: 1073741824
Narrow klass base: 0x0000000800000000, Narrow klass shift: 3, Narrow klass range: 0x100000000

GC Precious Log:
 CPUs: 8 total, 8 available
 Memory: 14213M
 Large Page Support: Disabled
 NUMA Support: Disabled
 Compressed Oops: Enabled (Zero based)
 Heap Region Size: 2M
 Heap Min Capacity: 8M
 Heap Initial Capacity: 224M
 Heap Max Capacity: 3554M
 Pre-touch: Disabled
 Parallel Workers: 8
 Concurrent Workers: 2
 Concurrent Refinement Workers: 8
 Periodic GC: Disabled

Heap:
 garbage-first heap   total 229376K, used 2048K [0x0000000721e00000, 0x0000000800000000)
  region size 2048K, 3 young (6144K), 0 survivors (0K)
 Metaspace       used 843K, committed 960K, reserved 1056768K
  class space    used 55K, committed 128K, reserved 1048576K

Heap Regions: E=young(eden), S=young(survivor), O=old, HS=humongous(starts), HC=humongous(continues), CS=collection set, F=free, OA=open archive, CA=closed archive, TAMS=top-at-mark-start (previous, next)
|   0|0x0000000721e00000, 0x0000000721e00000, 0x0000000722000000|  0%| F|  |TAMS 0x0000000721e00000, 0x0000000721e00000| Untracked 
|   1|0x0000000722000000, 0x0000000722000000, 0x0000000722200000|  0%| F|  |TAMS 0x0000000722000000, 0x0000000722000000| Untracked 
|   2|0x0000000722200000, 0x0000000722200000, 0x0000000722400000|  0%| F|  |TAMS 0x0000000722200000, 0x0000000722200000| Untracked 
|   3|0x0000000722400000, 0x0000000722400000, 0x0000000722600000|  0%| F|  |TAMS 0x0000000722400000, 0x0000000722400000| Untracked 
|   4|0x0000000722600000, 0x0000000722600000, 0x0000000722800000|  0%| F|  |TAMS 0x0000000722600000, 0x0000000722600000| Untracked 
|   5|0x0000000722800000, 0x0000000722800000, 0x0000000722a00000|  0%| F|  |TAMS 0x0000000722800000, 0x0000000722800000| Untracked 
|   6|0x0000000722a00000, 0x0000000722a00000, 0x0000000722c00000|  0%| F|  |TAMS 0x0000000722a00000, 0x0000000722a00000| Untracked 
|   7|0x0000000722c00000, 0x0000000722c00000, 0x0000000722e00000|  0%| F|  |TAMS 0x0000000722c00000, 0x0000000722c00000| Untracked 
|   8|0x0000000722e00000, 0x0000000722e00000, 0x0000000723000000|  0%| F|  |TAMS 0x0000000722e00000, 0x0000000722e00000| Untracked 
|   9|0x0000000723000000, 0x0000000723000000, 0x0000000723200000|  0%| F|  |TAMS 0x0000000723000000, 0x0000000723000000| Untracked 
|  10|0x0000000723200000, 0x0000000723200000, 0x0000000723400000|  0%| F|  |TAMS 0x0000000723200000, 0x0000000723200000| Untracked 
|  11|0x0000000723400000, 0x0000000723400000, 0x0000000723600000|  0%| F|  |TAMS 0x0000000723400000, 0x0000000723400000| Untracked 
|  12|0x0000000723600000, 0x0000000723600000, 0x0000000723800000|  0%| F|  |TAMS 0x0000000723600000, 0x0000000723600000| Untracked 
|  13|0x0000000723800000, 0x0000000723800000, 0x0000000723a00000|  0%| F|  |TAMS 0x0000000723800000, 0x0000000723800000| Untracked 
|  14|0x0000000723a00000, 0x0000000723a00000, 0x0000000723c00000|  0%| F|  |TAMS 0x0000000723a00000, 0x0000000723a00000| Untracked 
|  15|0x0000000723c00000, 0x0000000723c00000, 0x0000000723e00000|  0%| F|  |TAMS 0x0000000723c00000, 0x0000000723c00000| Untracked 
|  16|0x0000000723e00000, 0x0000000723e00000, 0x0000000724000000|  0%| F|  |TAMS 0x0000000723e00000, 0x0000000723e00000| Untracked 
|  17|0x0000000724000000, 0x0000000724000000, 0x0000000724200000|  0%| F|  |TAMS 0x0000000724000000, 0x0000000724000000| Untracked 
|  18|0x0000000724200000, 0x0000000724200000, 0x0000000724400000|  0%| F|  |TAMS 0x0000000724200000, 0x0000000724200000| Untracked 
|  19|0x0000000724400000, 0x0000000724400000, 0x0000000724600000|  0%| F|  |TAMS 0x0000000724400000, 0x0000000724400000| Untracked 
|  20|0x0000000724600000, 0x0000000724600000, 0x0000000724800000|  0%| F|  |TAMS 0x0000000724600000, 0x0000000724600000| Untracked 
|  21|0x0000000724800000, 0x0000000724800000, 0x0000000724a00000|  0%| F|  |TAMS 0x0000000724800000, 0x0000000724800000| Untracked 
|  22|0x0000000724a00000, 0x0000000724a00000, 0x0000000724c00000|  0%| F|  |TAMS 0x0000000724a00000, 0x0000000724a00000| Untracked 
|  23|0x0000000724c00000, 0x0000000724c00000, 0x0000000724e00000|  0%| F|  |TAMS 0x0000000724c00000, 0x0000000724c00000| Untracked 
|  24|0x0000000724e00000, 0x0000000724e00000, 0x0000000725000000|  0%| F|  |TAMS 0x0000000724e00000, 0x0000000724e00000| Untracked 
|  25|0x0000000725000000, 0x0000000725000000, 0x0000000725200000|  0%| F|  |TAMS 0x0000000725000000, 0x0000000725000000| Untracked 
|  26|0x0000000725200000, 0x0000000725200000, 0x0000000725400000|  0%| F|  |TAMS 0x0000000725200000, 0x0000000725200000| Untracked 
|  27|0x0000000725400000, 0x0000000725400000, 0x0000000725600000|  0%| F|  |TAMS 0x0000000725400000, 0x0000000725400000| Untracked 
|  28|0x0000000725600000, 0x0000000725600000, 0x0000000725800000|  0%| F|  |TAMS 0x0000000725600000, 0x0000000725600000| Untracked 
|  29|0x0000000725800000, 0x0000000725800000, 0x0000000725a00000|  0%| F|  |TAMS 0x0000000725800000, 0x0000000725800000| Untracked 
|  30|0x0000000725a00000, 0x0000000725a00000, 0x0000000725c00000|  0%| F|  |TAMS 0x0000000725a00000, 0x0000000725a00000| Untracked 
|  31|0x0000000725c00000, 0x0000000725c00000, 0x0000000725e00000|  0%| F|  |TAMS 0x0000000725c00000, 0x0000000725c00000| Untracked 
|  32|0x0000000725e00000, 0x0000000725e00000, 0x0000000726000000|  0%| F|  |TAMS 0x0000000725e00000, 0x0000000725e00000| Untracked 
|  33|0x0000000726000000, 0x0000000726000000, 0x0000000726200000|  0%| F|  |TAMS 0x0000000726000000, 0x0000000726000000| Untracked 
|  34|0x0000000726200000, 0x0000000726200000, 0x0000000726400000|  0%| F|  |TAMS 0x0000000726200000, 0x0000000726200000| Untracked 
|  35|0x0000000726400000, 0x0000000726400000, 0x0000000726600000|  0%| F|  |TAMS 0x0000000726400000, 0x0000000726400000| Untracked 
|  36|0x0000000726600000, 0x0000000726600000, 0x0000000726800000|  0%| F|  |TAMS 0x0000000726600000, 0x0000000726600000| Untracked 
|  37|0x0000000726800000, 0x0000000726800000, 0x0000000726a00000|  0%| F|  |TAMS 0x0000000726800000, 0x0000000726800000| Untracked 
|  38|0x0000000726a00000, 0x0000000726a00000, 0x0000000726c00000|  0%| F|  |TAMS 0x0000000726a00000, 0x0000000726a00000| Untracked 
|  39|0x0000000726c00000, 0x0000000726c00000, 0x0000000726e00000|  0%| F|  |TAMS 0x0000000726c00000, 0x0000000726c00000| Untracked 
|  40|0x0000000726e00000, 0x0000000726e00000, 0x0000000727000000|  0%| F|  |TAMS 0x0000000726e00000, 0x0000000726e00000| Untracked 
|  41|0x0000000727000000, 0x0000000727000000, 0x0000000727200000|  0%| F|  |TAMS 0x0000000727000000, 0x0000000727000000| Untracked 
|  42|0x0000000727200000, 0x0000000727200000, 0x0000000727400000|  0%| F|  |TAMS 0x0000000727200000, 0x0000000727200000| Untracked 
|  43|0x0000000727400000, 0x0000000727400000, 0x0000000727600000|  0%| F|  |TAMS 0x0000000727400000, 0x0000000727400000| Untracked 
|  44|0x0000000727600000, 0x0000000727600000, 0x0000000727800000|  0%| F|  |TAMS 0x0000000727600000, 0x0000000727600000| Untracked 
|  45|0x0000000727800000, 0x0000000727800000, 0x0000000727a00000|  0%| F|  |TAMS 0x0000000727800000, 0x0000000727800000| Untracked 
|  46|0x0000000727a00000, 0x0000000727a00000, 0x0000000727c00000|  0%| F|  |TAMS 0x0000000727a00000, 0x0000000727a00000| Untracked 
|  47|0x0000000727c00000, 0x0000000727c00000, 0x0000000727e00000|  0%| F|  |TAMS 0x0000000727c00000, 0x0000000727c00000| Untracked 
|  48|0x0000000727e00000, 0x0000000727e00000, 0x0000000728000000|  0%| F|  |TAMS 0x0000000727e00000, 0x0000000727e00000| Untracked 
|  49|0x0000000728000000, 0x0000000728000000, 0x0000000728200000|  0%| F|  |TAMS 0x0000000728000000, 0x0000000728000000| Untracked 
|  50|0x0000000728200000, 0x0000000728200000, 0x0000000728400000|  0%| F|  |TAMS 0x0000000728200000, 0x0000000728200000| Untracked 
|  51|0x0000000728400000, 0x0000000728400000, 0x0000000728600000|  0%| F|  |TAMS 0x0000000728400000, 0x0000000728400000| Untracked 
|  52|0x0000000728600000, 0x0000000728600000, 0x0000000728800000|  0%| F|  |TAMS 0x0000000728600000, 0x0000000728600000| Untracked 
|  53|0x0000000728800000, 0x0000000728800000, 0x0000000728a00000|  0%| F|  |TAMS 0x0000000728800000, 0x0000000728800000| Untracked 
|  54|0x0000000728a00000, 0x0000000728a00000, 0x0000000728c00000|  0%| F|  |TAMS 0x0000000728a00000, 0x0000000728a00000| Untracked 
|  55|0x0000000728c00000, 0x0000000728c00000, 0x0000000728e00000|  0%| F|  |TAMS 0x0000000728c00000, 0x0000000728c00000| Untracked 
|  56|0x0000000728e00000, 0x0000000728e00000, 0x0000000729000000|  0%| F|  |TAMS 0x0000000728e00000, 0x0000000728e00000| Untracked 
|  57|0x0000000729000000, 0x0000000729000000, 0x0000000729200000|  0%| F|  |TAMS 0x0000000729000000, 0x0000000729000000| Untracked 
|  58|0x0000000729200000, 0x0000000729200000, 0x0000000729400000|  0%| F|  |TAMS 0x0000000729200000, 0x0000000729200000| Untracked 
|  59|0x0000000729400000, 0x0000000729400000, 0x0000000729600000|  0%| F|  |TAMS 0x0000000729400000, 0x0000000729400000| Untracked 
|  60|0x0000000729600000, 0x0000000729600000, 0x0000000729800000|  0%| F|  |TAMS 0x0000000729600000, 0x0000000729600000| Untracked 
|  61|0x0000000729800000, 0x0000000729800000, 0x0000000729a00000|  0%| F|  |TAMS 0x0000000729800000, 0x0000000729800000| Untracked 
|  62|0x0000000729a00000, 0x0000000729a00000, 0x0000000729c00000|  0%| F|  |TAMS 0x0000000729a00000, 0x0000000729a00000| Untracked 
|  63|0x0000000729c00000, 0x0000000729c00000, 0x0000000729e00000|  0%| F|  |TAMS 0x0000000729c00000, 0x0000000729c00000| Untracked 
|  64|0x0000000729e00000, 0x0000000729e00000, 0x000000072a000000|  0%| F|  |TAMS 0x0000000729e00000, 0x0000000729e00000| Untracked 
|  65|0x000000072a000000, 0x000000072a000000, 0x000000072a200000|  0%| F|  |TAMS 0x000000072a000000, 0x000000072a000000| Untracked 
|  66|0x000000072a200000, 0x000000072a200000, 0x000000072a400000|  0%| F|  |TAMS 0x000000072a200000, 0x000000072a200000| Untracked 
|  67|0x000000072a400000, 0x000000072a400000, 0x000000072a600000|  0%| F|  |TAMS 0x000000072a400000, 0x000000072a400000| Untracked 
|  68|0x000000072a600000, 0x000000072a600000, 0x000000072a800000|  0%| F|  |TAMS 0x000000072a600000, 0x000000072a600000| Untracked 
|  69|0x000000072a800000, 0x000000072a800000, 0x000000072aa00000|  0%| F|  |TAMS 0x000000072a800000, 0x000000072a800000| Untracked 
|  70|0x000000072aa00000, 0x000000072aa00000, 0x000000072ac00000|  0%| F|  |TAMS 0x000000072aa00000, 0x000000072aa00000| Untracked 
|  71|0x000000072ac00000, 0x000000072ac00000, 0x000000072ae00000|  0%| F|  |TAMS 0x000000072ac00000, 0x000000072ac00000| Untracked 
|  72|0x000000072ae00000, 0x000000072ae00000, 0x000000072b000000|  0%| F|  |TAMS 0x000000072ae00000, 0x000000072ae00000| Untracked 
|  73|0x000000072b000000, 0x000000072b000000, 0x000000072b200000|  0%| F|  |TAMS 0x000000072b000000, 0x000000072b000000| Untracked 
|  74|0x000000072b200000, 0x000000072b200000, 0x000000072b400000|  0%| F|  |TAMS 0x000000072b200000, 0x000000072b200000| Untracked 
|  75|0x000000072b400000, 0x000000072b400000, 0x000000072b600000|  0%| F|  |TAMS 0x000000072b400000, 0x000000072b400000| Untracked 
|  76|0x000000072b600000, 0x000000072b600000, 0x000000072b800000|  0%| F|  |TAMS 0x000000072b600000, 0x000000072b600000| Untracked 
|  77|0x000000072b800000, 0x000000072b800000, 0x000000072ba00000|  0%| F|  |TAMS 0x000000072b800000, 0x000000072b800000| Untracked 
|  78|0x000000072ba00000, 0x000000072ba00000, 0x000000072bc00000|  0%| F|  |TAMS 0x000000072ba00000, 0x000000072ba00000| Untracked 
|  79|0x000000072bc00000, 0x000000072bc00000, 0x000000072be00000|  0%| F|  |TAMS 0x000000072bc00000, 0x000000072bc00000| Untracked 
|  80|0x000000072be00000, 0x000000072be00000, 0x000000072c000000|  0%| F|  |TAMS 0x000000072be00000, 0x000000072be00000| Untracked 
|  81|0x000000072c000000, 0x000000072c000000, 0x000000072c200000|  0%| F|  |TAMS 0x000000072c000000, 0x000000072c000000| Untracked 
|  82|0x000000072c200000, 0x000000072c200000, 0x000000072c400000|  0%| F|  |TAMS 0x000000072c200000, 0x000000072c200000| Untracked 
|  83|0x000000072c400000, 0x000000072c400000, 0x000000072c600000|  0%| F|  |TAMS 0x000000072c400000, 0x000000072c400000| Untracked 
|  84|0x000000072c600000, 0x000000072c600000, 0x000000072c800000|  0%| F|  |TAMS 0x000000072c600000, 0x000000072c600000| Untracked 
|  85|0x000000072c800000, 0x000000072c800000, 0x000000072ca00000|  0%| F|  |TAMS 0x000000072c800000, 0x000000072c800000| Untracked 
|  86|0x000000072ca00000, 0x000000072ca00000, 0x000000072cc00000|  0%| F|  |TAMS 0x000000072ca00000, 0x000000072ca00000| Untracked 
|  87|0x000000072cc00000, 0x000000072cc00000, 0x000000072ce00000|  0%| F|  |TAMS 0x000000072cc00000, 0x000000072cc00000| Untracked 
|  88|0x000000072ce00000, 0x000000072ce00000, 0x000000072d000000|  0%| F|  |TAMS 0x000000072ce00000, 0x000000072ce00000| Untracked 
|  89|0x000000072d000000, 0x000000072d000000, 0x000000072d200000|  0%| F|  |TAMS 0x000000072d000000, 0x000000072d000000| Untracked 
|  90|0x000000072d200000, 0x000000072d200000, 0x000000072d400000|  0%| F|  |TAMS 0x000000072d200000, 0x000000072d200000| Untracked 
|  91|0x000000072d400000, 0x000000072d400000, 0x000000072d600000|  0%| F|  |TAMS 0x000000072d400000, 0x000000072d400000| Untracked 
|  92|0x000000072d600000, 0x000000072d600000, 0x000000072d800000|  0%| F|  |TAMS 0x000000072d600000, 0x000000072d600000| Untracked 
|  93|0x000000072d800000, 0x000000072d800000, 0x000000072da00000|  0%| F|  |TAMS 0x000000072d800000, 0x000000072d800000| Untracked 
|  94|0x000000072da00000, 0x000000072da00000, 0x000000072dc00000|  0%| F|  |TAMS 0x000000072da00000, 0x000000072da00000| Untracked 
|  95|0x000000072dc00000, 0x000000072dc00000, 0x000000072de00000|  0%| F|  |TAMS 0x000000072dc00000, 0x000000072dc00000| Untracked 
|  96|0x000000072de00000, 0x000000072de00000, 0x000000072e000000|  0%| F|  |TAMS 0x000000072de00000, 0x000000072de00000| Untracked 
|  97|0x000000072e000000, 0x000000072e000000, 0x000000072e200000|  0%| F|  |TAMS 0x000000072e000000, 0x000000072e000000| Untracked 
|  98|0x000000072e200000, 0x000000072e200000, 0x000000072e400000|  0%| F|  |TAMS 0x000000072e200000, 0x000000072e200000| Untracked 
|  99|0x000000072e400000, 0x000000072e400000, 0x000000072e600000|  0%| F|  |TAMS 0x000000072e400000, 0x000000072e400000| Untracked 
| 100|0x000000072e600000, 0x000000072e600000, 0x000000072e800000|  0%| F|  |TAMS 0x000000072e600000, 0x000000072e600000| Untracked 
| 101|0x000000072e800000, 0x000000072e800000, 0x000000072ea00000|  0%| F|  |TAMS 0x000000072e800000, 0x000000072e800000| Untracked 
| 102|0x000000072ea00000, 0x000000072ea00000, 0x000000072ec00000|  0%| F|  |TAMS 0x000000072ea00000, 0x000000072ea00000| Untracked 
| 103|0x000000072ec00000, 0x000000072ec00000, 0x000000072ee00000|  0%| F|  |TAMS 0x000000072ec00000, 0x000000072ec00000| Untracked 
| 104|0x000000072ee00000, 0x000000072ee00000, 0x000000072f000000|  0%| F|  |TAMS 0x000000072ee00000, 0x000000072ee00000| Untracked 
| 105|0x000000072f000000, 0x000000072f000000, 0x000000072f200000|  0%| F|  |TAMS 0x000000072f000000, 0x000000072f000000| Untracked 
| 106|0x000000072f200000, 0x000000072f200000, 0x000000072f400000|  0%| F|  |TAMS 0x000000072f200000, 0x000000072f200000| Untracked 
| 107|0x000000072f400000, 0x000000072f400000, 0x000000072f600000|  0%| F|  |TAMS 0x000000072f400000, 0x000000072f400000| Untracked 
| 108|0x000000072f600000, 0x000000072f600000, 0x000000072f800000|  0%| F|  |TAMS 0x000000072f600000, 0x000000072f600000| Untracked 
| 109|0x000000072f800000, 0x000000072f990c98, 0x000000072fa00000| 78%| E|  |TAMS 0x000000072f800000, 0x000000072f800000| Complete 
| 110|0x000000072fa00000, 0x000000072fc00000, 0x000000072fc00000|100%| E|  |TAMS 0x000000072fa00000, 0x000000072fa00000| Complete 
| 111|0x000000072fc00000, 0x000000072fe00000, 0x000000072fe00000|100%| E|CS|TAMS 0x000000072fc00000, 0x000000072fc00000| Complete 

Card table byte_map: [0x0000012b6fad0000,0x0000012b701d0000] _byte_map_base: 0x0000012b6c1c1000

Marking Bits (Prev, Next): (CMBitMap*) 0x0000012b58976ee0, (CMBitMap*) 0x0000012b58976f20
 Prev Bits: [0x0000012b708d0000, 0x0000012b74058000)
 Next Bits: [0x0000012b74060000, 0x0000012b777e8000)

Polling page: 0x0000012b58100000

Metaspace:

Usage:
  Non-class:    791.11 KB used.
      Class:     55.20 KB used.
       Both:    846.31 KB used.

Virtual space:
  Non-class space:        8.00 MB reserved,     832.00 KB ( 10%) committed,  1 nodes.
      Class space:        1.00 GB reserved,     128.00 KB ( <1%) committed,  1 nodes.
              Both:        1.01 GB reserved,     960.00 KB ( <1%) committed. 

Chunk freelists:
   Non-Class:  3.70 MB
       Class:  3.70 MB
        Both:  7.41 MB

MaxMetaspaceSize: 17179869184.00 GB
CompressedClassSpaceSize: 1.00 GB
 - commit_granule_bytes: 65536.
 - commit_granule_words: 8192.
 - virtual_space_node_default_size: 1048576.
 - enlarge_chunks_in_place: 1.
 - new_chunks_are_fully_committed: 0.
 - uncommit_free_chunks: 1.
 - use_allocation_guard: 0.
 - handle_deallocations: 1.


Internal statistics:

num_allocs_failed_limit: 0.
num_arena_births: 4.
num_arena_deaths: 0.
num_vsnodes_births: 2.
num_vsnodes_deaths: 0.
num_space_committed: 15.
num_space_uncommitted: 0.
num_chunks_returned_to_freelist: 0.
num_chunks_taken_from_freelist: 21.
num_chunk_merges: 0.
num_chunk_splits: 14.
num_chunks_enlarged: 13.
num_purges: 0.

CodeHeap 'non-profiled nmethods': size=120000Kb used=72Kb max_used=72Kb free=119927Kb
 bounds [0x0000012b67b70000, 0x0000012b67de0000, 0x0000012b6f0a0000]
CodeHeap 'profiled nmethods': size=120000Kb used=450Kb max_used=450Kb free=119549Kb
 bounds [0x0000012b60640000, 0x0000012b608b0000, 0x0000012b67b70000]
CodeHeap 'non-nmethods': size=5760Kb used=1085Kb max_used=1097Kb free=4674Kb
 bounds [0x0000012b600a0000, 0x0000012b60310000, 0x0000012b60640000]
 total_blobs=637 nmethods=288 adapters=261
 compilation: enabled
              stopped_count=0, restarted_count=0
 full_count=0

Compilation events (20 events):
Event: 0.250 Thread 0x0000012b7a239b60  250       3       java.util.WeakHashMap::maskNull (12 bytes)
Event: 0.250 Thread 0x0000012b7a239b60 nmethod 250 0x0000012b60698b10 code [0x0000012b60698ca0, 0x0000012b60698dd8]
Event: 0.250 Thread 0x0000012b7a239b60  251       3       java.util.WeakHashMap::hash (28 bytes)
Event: 0.250 Thread 0x0000012b7a239b60 nmethod 251 0x0000012b60698e90 code [0x0000012b60699040, 0x0000012b60699248]
Event: 0.250 Thread 0x0000012b7a239b60  252       3       java.util.WeakHashMap::getTable (9 bytes)
Event: 0.250 Thread 0x0000012b7a239b60 nmethod 252 0x0000012b60699310 code [0x0000012b606994c0, 0x0000012b60699608]
Event: 0.253 Thread 0x0000012b7a239b60  253       1       java.security.CodeSource::getLocationNoFragString (5 bytes)
Event: 0.253 Thread 0x0000012b7a239b60 nmethod 253 0x0000012b67b80810 code [0x0000012b67b809a0, 0x0000012b67b80a78]
Event: 0.255 Thread 0x0000012b7a239b60  254       3       java.lang.String::indexOf (18 bytes)
Event: 0.255 Thread 0x0000012b7a239b60 nmethod 254 0x0000012b60699690 code [0x0000012b60699860, 0x0000012b60699b28]
Event: 0.255 Thread 0x0000012b7a239b60  256       3       java.util.zip.ZipUtils::CENLEN (9 bytes)
Event: 0.255 Thread 0x0000012b7a239b60 nmethod 256 0x0000012b60699c90 code [0x0000012b60699e40, 0x0000012b6069a118]
Event: 0.255 Thread 0x0000012b7a239b60  255       3       java.lang.String::indexOf (113 bytes)
Event: 0.256 Thread 0x0000012b7a239b60 nmethod 255 0x0000012b6069a290 code [0x0000012b6069a4c0, 0x0000012b6069aae8]
Event: 0.256 Thread 0x0000012b7a239b60  257       3       java.util.HashMap::get (19 bytes)
Event: 0.257 Thread 0x0000012b7a239b60 nmethod 257 0x0000012b6069ac90 code [0x0000012b6069ae40, 0x0000012b6069b008]
Event: 0.257 Thread 0x0000012b7a239b60  258   !   3       java.util.zip.Inflater::inflate (418 bytes)
Event: 0.259 Thread 0x0000012b7a239b60 nmethod 258 0x0000012b6069b110 code [0x0000012b6069b3e0, 0x0000012b6069c5e8]
Event: 0.260 Thread 0x0000012b7a239b60  261   !   3       java.net.URL::<init> (543 bytes)
Event: 0.264 Thread 0x0000012b7a230410  263 %     4       java.lang.StringLatin1::indexOf @ 30 (121 bytes)

GC Heap History (0 events):
No events

Deoptimization events (14 events):
Event: 0.127 Thread 0x0000012b5892a240 Uncommon trap: trap_request=0xffffff45 fr.pc=0x0000012b67b71118 relative=0x0000000000000078
Event: 0.127 Thread 0x0000012b5892a240 Uncommon trap: reason=unstable_if action=reinterpret pc=0x0000012b67b71118 method=java.lang.String.isLatin1()Z @ 10 c2
Event: 0.127 Thread 0x0000012b5892a240 DEOPT PACKING pc=0x0000012b67b71118 sp=0x000000063c9fee40
Event: 0.127 Thread 0x0000012b5892a240 DEOPT UNPACKING pc=0x0000012b600ed72e sp=0x000000063c9fed80 mode 2
Event: 0.164 Thread 0x0000012b5892a240 DEOPT PACKING pc=0x0000012b606493e7 sp=0x000000063c9fb9b0
Event: 0.164 Thread 0x0000012b5892a240 DEOPT UNPACKING pc=0x0000012b600edece sp=0x000000063c9fadd0 mode 0
Event: 0.165 Thread 0x0000012b5892a240 DEOPT PACKING pc=0x0000012b6065dcc6 sp=0x000000063c9fbb90
Event: 0.165 Thread 0x0000012b5892a240 DEOPT UNPACKING pc=0x0000012b600edece sp=0x000000063c9fb0b0 mode 0
Event: 0.168 Thread 0x0000012b5892a240 DEOPT PACKING pc=0x0000012b6065dcc6 sp=0x000000063c9fbb90
Event: 0.168 Thread 0x0000012b5892a240 DEOPT UNPACKING pc=0x0000012b600edece sp=0x000000063c9fb0b0 mode 0
Event: 0.168 Thread 0x0000012b5892a240 DEOPT PACKING pc=0x0000012b6065dcc6 sp=0x000000063c9fbb90
Event: 0.168 Thread 0x0000012b5892a240 DEOPT UNPACKING pc=0x0000012b600edece sp=0x000000063c9fb0b0 mode 0
Event: 0.171 Thread 0x0000012b5892a240 DEOPT PACKING pc=0x0000012b606478d1 sp=0x000000063c9fb970
Event: 0.171 Thread 0x0000012b5892a240 DEOPT UNPACKING pc=0x0000012b600edece sp=0x000000063c9fade8 mode 0

Classes unloaded (0 events):
No events

Classes redefined (0 events):
No events

Internal exceptions (0 events):
No events

Events (20 events):
Event: 0.129 loading class jdk/internal/loader/URLClassPath$FileLoader$1
Event: 0.129 loading class jdk/internal/loader/URLClassPath$FileLoader$1 done
Event: 0.130 Thread 0x0000012b7ad0bd70 Thread added: 0x0000012b7ad0bd70
Event: 0.138 Loaded shared library C:\Program Files\Java\jdk-16.0.1\bin\net.dll
Event: 0.139 Loaded shared library C:\Program Files\Java\jdk-16.0.1\bin\nio.dll
Event: 0.143 Loaded shared library C:\Program Files\Java\jdk-16.0.1\bin\zip.dll
Event: 0.150 Executing  VM operation: HandshakeAllThreads
Event: 0.150 Executing  VM operation: HandshakeAllThreads done
Event: 0.228 loading class java/lang/AssertionError
Event: 0.228 loading class java/lang/AssertionError done
Event: 0.228 loading class java/lang/IllegalStateException
Event: 0.228 loading class java/lang/IllegalStateException done
Event: 0.229 loading class java/lang/UnsupportedOperationException
Event: 0.229 loading class java/lang/UnsupportedOperationException done
Event: 0.242 loading class java/util/Collections$SingletonList
Event: 0.242 loading class java/util/Collections$SingletonList done
Event: 0.259 Loaded shared library C:\Program Files\Java\jdk-16.0.1\bin\verify.dll
Event: 0.260 loading class java/lang/NoSuchFieldError
Event: 0.260 loading class java/lang/NoSuchFieldError done
Event: 0.266 loading class java/util/concurrent/LinkedBlockingQueue


Dynamic libraries:
0x00007ff67f0d0000 - 0x00007ff67f0e0000 	C:\Program Files\Java\jdk-16.0.1\bin\java.exe
0x00007fff6ccf0000 - 0x00007fff6cee8000 	C:\WINDOWS\SYSTEM32\ntdll.dll
0x00007fff6ad50000 - 0x00007fff6ae0f000 	C:\WINDOWS\System32\KERNEL32.DLL
0x00007fff6a6e0000 - 0x00007fff6a9b2000 	C:\WINDOWS\System32\KERNELBASE.dll
0x00007fff6abd0000 - 0x00007fff6acd0000 	C:\WINDOWS\System32\ucrtbase.dll
0x00007fff440f0000 - 0x00007fff44108000 	C:\Program Files\Java\jdk-16.0.1\bin\jli.dll
0x00007fff4f170000 - 0x00007fff4f189000 	C:\Program Files\Java\jdk-16.0.1\bin\VCRUNTIME140.dll
0x00007fff6af40000 - 0x00007fff6afee000 	C:\WINDOWS\System32\ADVAPI32.dll
0x00007fff6c560000 - 0x00007fff6c5fe000 	C:\WINDOWS\System32\msvcrt.dll
0x00007fff6c6d0000 - 0x00007fff6c76c000 	C:\WINDOWS\System32\sechost.dll
0x00007fff6b850000 - 0x00007fff6b974000 	C:\WINDOWS\System32\RPCRT4.dll
0x00007fff6c780000 - 0x00007fff6c921000 	C:\WINDOWS\System32\USER32.dll
0x00007fff4d9b0000 - 0x00007fff4dc4a000 	C:\WINDOWS\WinSxS\amd64_microsoft.windows.common-controls_6595b64144ccf1df_6.0.19041.1110_none_60b5254171f9507e\COMCTL32.dll
0x00007fff6a9c0000 - 0x00007fff6a9e2000 	C:\WINDOWS\System32\win32u.dll
0x00007fff6bfb0000 - 0x00007fff6bfdb000 	C:\WINDOWS\System32\GDI32.dll
0x00007fff6a540000 - 0x00007fff6a64f000 	C:\WINDOWS\System32\gdi32full.dll
0x00007fff6a4a0000 - 0x00007fff6a53d000 	C:\WINDOWS\System32\msvcp_win.dll
0x00007fff62140000 - 0x00007fff6214a000 	C:\WINDOWS\SYSTEM32\VERSION.dll
0x00007fff6cc80000 - 0x00007fff6ccb0000 	C:\WINDOWS\System32\IMM32.DLL
0x00007fff534d0000 - 0x00007fff534dc000 	C:\Program Files\Java\jdk-16.0.1\bin\vcruntime140_1.dll
0x00007fff335d0000 - 0x00007fff33661000 	C:\Program Files\Java\jdk-16.0.1\bin\msvcp140.dll
0x00007fff2b7b0000 - 0x00007fff2c35b000 	C:\Program Files\Java\jdk-16.0.1\bin\server\jvm.dll
0x00007fff6ad40000 - 0x00007fff6ad48000 	C:\WINDOWS\System32\PSAPI.DLL
0x00007fff61e50000 - 0x00007fff61e77000 	C:\WINDOWS\SYSTEM32\WINMM.dll
0x00007fff48170000 - 0x00007fff48179000 	C:\WINDOWS\SYSTEM32\WSOCK32.dll
0x00007fff6c470000 - 0x00007fff6c4db000 	C:\WINDOWS\System32\WS2_32.dll
0x00007fff68c30000 - 0x00007fff68c42000 	C:\WINDOWS\SYSTEM32\kernel.appcore.dll
0x00007fff51ec0000 - 0x00007fff51eca000 	C:\Program Files\Java\jdk-16.0.1\bin\jimage.dll
0x00007fff689e0000 - 0x00007fff68bc4000 	C:\WINDOWS\SYSTEM32\DBGHELP.DLL
0x00007fff66c70000 - 0x00007fff66ca5000 	C:\WINDOWS\SYSTEM32\dbgcore.DLL
0x00007fff6a650000 - 0x00007fff6a6d2000 	C:\WINDOWS\System32\bcryptPrimitives.dll
0x00007fff40f70000 - 0x00007fff40f95000 	C:\Program Files\Java\jdk-16.0.1\bin\java.dll
0x00007fff6b100000 - 0x00007fff6b845000 	C:\WINDOWS\System32\SHELL32.dll
0x00007fff68170000 - 0x00007fff68902000 	C:\WINDOWS\SYSTEM32\windows.storage.dll
0x00007fff6c110000 - 0x00007fff6c465000 	C:\WINDOWS\System32\combase.dll
0x00007fff69d00000 - 0x00007fff69d30000 	C:\WINDOWS\SYSTEM32\Wldp.dll
0x00007fff6ae10000 - 0x00007fff6aebd000 	C:\WINDOWS\System32\SHCORE.dll
0x00007fff6cb40000 - 0x00007fff6cb95000 	C:\WINDOWS\System32\shlwapi.dll
0x00007fff6a330000 - 0x00007fff6a34f000 	C:\WINDOWS\SYSTEM32\profapi.dll
0x00007fff42300000 - 0x00007fff42319000 	C:\Program Files\Java\jdk-16.0.1\bin\net.dll
0x00007fff60890000 - 0x00007fff6099a000 	C:\WINDOWS\SYSTEM32\WINHTTP.dll
0x00007fff69ae0000 - 0x00007fff69b4a000 	C:\WINDOWS\system32\mswsock.dll
0x00007fff40070000 - 0x00007fff40083000 	C:\Program Files\Java\jdk-16.0.1\bin\nio.dll
0x00007fff40050000 - 0x00007fff40068000 	C:\Program Files\Java\jdk-16.0.1\bin\zip.dll
0x00007fff4e050000 - 0x00007fff4e060000 	C:\Program Files\Java\jdk-16.0.1\bin\verify.dll

dbghelp: loaded successfully - version: 4.0.5 - missing functions: none
symbol engine: initialized successfully - sym options: 0x614 - pdb path: .;C:\Program Files\Java\jdk-16.0.1\bin;C:\WINDOWS\SYSTEM32;C:\WINDOWS\WinSxS\amd64_microsoft.windows.common-controls_6595b64144ccf1df_6.0.19041.1110_none_60b5254171f9507e;C:\Program Files\Java\jdk-16.0.1\bin\server

VM Arguments:
jvm_args: -Dio.ktor.development=false -Dfile.encoding=windows-1252 -Duser.country=DE -Duser.language=de -Duser.variant 
java_command: com.example.ApplicationKt
java_class_path (initial): C:\Users\Florian\Downloads\ktor\ktor-order-management\build\classes\java\main;C:\Users\Florian\Downloads\ktor\ktor-order-management\build\classes\kotlin\main;C:\Users\Florian\Downloads\ktor\ktor-order-management\build\resources\main;C:\Users\Florian\.gradle\caches\modules-2\files-2.1\io.ktor\ktor-server-content-negotiation-jvm\2.2.4\e1112e49ae6ea1a4b8aef6e6950f7d3fe4897ccb\ktor-server-content-negotiation-jvm-2.2.4.jar;C:\Users\Florian\.gradle\caches\modules-2\files-2.1\io.ktor\ktor-server-netty-jvm\2.2.4\c1c38d575c80e17b252d9caf811a09d395316901\ktor-server-netty-jvm-2.2.4.jar;C:\Users\Florian\.gradle\caches\modules-2\files-2.1\io.ktor\ktor-server-host-common-jvm\2.2.4\7a7dff7672a67e10293c887b4232ea3722824b3\ktor-server-host-common-jvm-2.2.4.jar;C:\Users\Florian\.gradle\caches\modules-2\files-2.1\io.ktor\ktor-server-core-jvm\2.2.4\74c77c5cf1b6c7fb8394eb7d1251b68b39497c7\ktor-server-core-jvm-2.2.4.jar;C:\Users\Florian\.gradle\caches\modules-2\files-2.1\org.jetbrains.exposed\exposed-dao\0.41.1\a125d583f35b0611953de7607e1fecffa1bc8685\exposed-dao-0.41.1.jar;C:\Users\Florian\.gradle\caches\modules-2\files-2.1\org.jetbrains.exposed\exposed-jdbc\0.41.1\13aa3881ac29ae4890196d74812cfded1fae4b90\exposed-jdbc-0.41.1.jar;C:\Users\Florian\.gradle\caches\modules-2\files-2.1\io.ktor\ktor-serialization-jackson-jvm\2.2.4\decee3cf6eb19e4fc34f5367f906003f45d11a51\ktor-serialization-jackson-jvm-2.2.4.jar;C:\Users\Florian\.gradle\caches\modules-2\files-2.1\io.ktor\ktor-client-cio-jvm\2.2.4\f42433246a8425edda4250e7ff5c3995d5f451fa\ktor-client-cio-jvm-2.2.4.jar;C:\Users\Florian\.gradle\caches\modules-2\files-2.1\io.ktor\ktor-client-core-jvm\2.2.4\76d9e7a8dccbed982e9df919e5f525a4f5515ced\ktor-client-core-jvm-2.2.4.jar;C:\Users\Florian\.gradle\caches\modules-2\files-2.1\io.ktor\ktor-websocket-serialization-jvm\2.2.4\4ffbd85ba77e16bb61a90239fc94a7fd7b2c6c0e\ktor-websocket-serialization-jvm-2.2.4.jar;C:\Users\Florian\.gradle\caches\modules-2\files-2.1\io.ktor\ktor
Launcher Type: SUN_STANDARD

[Global flags]
     intx CICompilerCount                          = 4                                         {product} {ergonomic}
     uint ConcGCThreads                            = 2                                         {product} {ergonomic}
     uint G1ConcRefinementThreads                  = 8                                         {product} {ergonomic}
   size_t G1HeapRegionSize                         = 2097152                                   {product} {ergonomic}
    uintx GCDrainStackTargetSize                   = 64                                        {product} {ergonomic}
   size_t InitialHeapSize                          = 234881024                                 {product} {ergonomic}
   size_t MarkStackSize                            = 4194304                                   {product} {ergonomic}
   size_t MaxHeapSize                              = 3726639104                                {product} {ergonomic}
   size_t MaxNewSize                               = 2235564032                                {product} {ergonomic}
   size_t MinHeapDeltaBytes                        = 2097152                                   {product} {ergonomic}
   size_t MinHeapSize                              = 8388608                                   {product} {ergonomic}
    uintx NonNMethodCodeHeapSize                   = 5839372                                {pd product} {ergonomic}
    uintx NonProfiledCodeHeapSize                  = 122909434                              {pd product} {ergonomic}
    uintx ProfiledCodeHeapSize                     = 122909434                              {pd product} {ergonomic}
    uintx ReservedCodeCacheSize                    = 251658240                              {pd product} {ergonomic}
     bool SegmentedCodeCache                       = true                                      {product} {ergonomic}
   size_t SoftMaxHeapSize                          = 3726639104                             {manageable} {ergonomic}
     bool UseCompressedClassPointers               = true                           {product lp64_product} {ergonomic}
     bool UseCompressedOops                        = true                           {product lp64_product} {ergonomic}
     bool UseG1GC                                  = true                                      {product} {ergonomic}
     bool UseLargePagesIndividualAllocation        = false                                  {pd product} {ergonomic}

Logging:
Log output configuration:
 #0: stdout all=warning uptime,level,tags
 #1: stderr all=off uptime,level,tags

Environment Variables:
JAVA_HOME=C:\Program Files\Java\jdk-16.0.1
PATH=C:\Program Files\Java\jdk-16.0.1\bin;C:\Program Files (x86)\Common Files\Oracle\Java\javapath;C:\Program Files\Common Files\Oracle\Java\javapath;C:\WINDOWS\system32;C:\WINDOWS;C:\WINDOWS\System32\Wbem;C:\WINDOWS\System32\WindowsPowerShell\v1.0\;C:\WINDOWS\System32\OpenSSH\;C:\Program Files\Git\cmd;C:\Program Files\Java\apache-maven-3.6.3-bin\apache-maven-3.6.3\bin;C:\Users\Florian\Desktop\Masterarbeit\masterarbeit-trustedshops\DOLAR\frascati-runtime-1.6 (1)\frascati-runtime-1.6\bin;C:\Program Files\Java\jdk-15.0.2\bin;C:\Program Files (x86)\dotnet\;C:\Program Files\dotnet\;C:\Program Files\nuget\;C:\Program Files\nodejs\;C:\Windows\Microsoft.NET\Framework\v4.0.30319;C:\Program Files\Go\bin;C:\Program Files\PuTTY\;C:\Users\Florian\AppData\Local\Microsoft\WindowsApps;C:\Users\Florian\AppData\Local\Programs\Microsoft VS Code\bin;C:\Users\Florian\AppData\Local\Programs\MiKTeX\miktex\bin\x64\;C:\Users\Florian\.dotnet\tools;C:\Users\Florian\AppData\Roaming\npm;C:\Users\Florian\go\bin;
USERNAME=Florian
OS=Windows_NT
PROCESSOR_IDENTIFIER=AMD64 Family 23 Model 24 Stepping 1, AuthenticAMD



---------------  S Y S T E M  ---------------

OS:
 Windows 10 , 64 bit Build 19041 (10.0.19041.2546)
OS uptime: 1 days 19:45 hours
Hyper-V role detected

CPU: total 8 (initial active 8) (8 cores per cpu, 2 threads per core) family 23 model 24 stepping 1 microcode 0x0, cx8, cmov, fxsr, ht, mmx, 3dnowpref, sse, sse2, sse3, ssse3, sse4a, sse4.1, sse4.2, popcnt, lzcnt, tsc, tscinvbit, avx, avx2, aes, clmul, bmi1, bmi2, adx, sha, fma, vzeroupper, clflush, clflushopt, hv

Memory: 4k page, system-wide physical 14213M (3102M free)
TotalPageFile size 14213M (AvailPageFile size 4M)
current process WorkingSet (physical memory assigned to process): 38M, peak: 38M
current process commit charge ("private bytes"): 313M, peak: 313M

vm_info: Java HotSpot(TM) 64-Bit Server VM (16.0.1+9-24) for windows-amd64 JRE (16.0.1+9-24), built on Mar 26 2021 19:31:42 by "mach5one" with MS VC++ 16.7 (VS2019)

END.
