#
# There is insufficient memory for the Java Runtime Environment to continue.
# Native memory allocation (malloc) failed to allocate 2338528 bytes for Chunk::new
# Possible reasons:
#   The system is out of physical RAM or swap space
#   The process is running with CompressedOops enabled, and the Java Heap may be blocking the growth of the native heap
# Possible solutions:
#   Reduce memory load on the system
#   Increase physical memory or swap space
#   Check if swap backing store is full
#   Decrease Java heap size (-Xmx/-Xms)
#   Decrease number of Java threads
#   Decrease Java thread stack sizes (-Xss)
#   Set larger code cache with -XX:ReservedCodeCacheSize=
#   JVM is running with Unscaled Compressed Oops mode in which the Java heap is
#     placed in the first 4GB address space. The Java Heap base address is the
#     maximum limit for the native heap growth. Please use -XX:HeapBaseMinAddress
#     to set the Java Heap base and to place the Java Heap above 4GB virtual address.
# This output file may be truncated or incomplete.
#
#  Out of Memory Error (arena.cpp:195), pid=7348, tid=5832
#
# JRE version: Java(TM) SE Runtime Environment (16.0.1+9) (build 16.0.1+9-24)
# Java VM: Java HotSpot(TM) 64-Bit Server VM (16.0.1+9-24, mixed mode, sharing, tiered, compressed oops, compressed class ptrs, g1 gc, windows-amd64)
# No core dump will be written. Minidumps are not enabled by default on client versions of Windows
#

---------------  S U M M A R Y ------------

Command Line: --add-opens=java.base/java.util=ALL-UNNAMED --add-opens=java.base/java.lang=ALL-UNNAMED --add-opens=java.base/java.lang.invoke=ALL-UNNAMED --add-opens=java.base/java.util=ALL-UNNAMED --add-opens=java.prefs/java.util.prefs=ALL-UNNAMED --add-opens=java.prefs/java.util.prefs=ALL-UNNAMED --add-opens=java.base/java.nio.charset=ALL-UNNAMED --add-opens=java.base/java.net=ALL-UNNAMED --add-opens=java.base/java.util.concurrent.atomic=ALL-UNNAMED -XX:MaxMetaspaceSize=256m -XX:+HeapDumpOnOutOfMemoryError -Xms256m -Xmx512m -Dfile.encoding=windows-1252 -Duser.country=DE -Duser.language=de -Duser.variant org.gradle.launcher.daemon.bootstrap.GradleDaemon 7.5.1

Host: AMD Ryzen 5 3500U with Radeon Vega Mobile Gfx  , 8 cores, 13G,  Windows 10 , 64 bit Build 19041 (10.0.19041.2546)
Time: Sun Apr 16 12:35:50 2023 Mitteleuropäische Sommerzeit elapsed time: 10.723795 seconds (0d 0h 0m 10s)

---------------  T H R E A D  ---------------

Current thread (0x0000020f39deb890):  JavaThread "C2 CompilerThread2" daemon [_thread_in_native, id=5832, stack(0x000000f685100000,0x000000f685200000)]


Current CompileTask:
C2:  10723 6391 %     4       groovy.lang.MetaClassImpl::inheritInterfaceNewMetaMethods @ 100 (195 bytes)

Stack: [0x000000f685100000,0x000000f685200000]
Native frames: (J=compiled Java code, j=interpreted, Vv=VM code, C=native code)
V  [jvm.dll+0x6687ca]
V  [jvm.dll+0x7ca3c9]
V  [jvm.dll+0x7cbb53]
V  [jvm.dll+0x7cc1b3]
V  [jvm.dll+0x242ea5]
V  [jvm.dll+0xadeca]
V  [jvm.dll+0xae5ac]
V  [jvm.dll+0x35af27]
V  [jvm.dll+0x3253d1]
V  [jvm.dll+0x32487a]
V  [jvm.dll+0x215f3c]
V  [jvm.dll+0x215350]
V  [jvm.dll+0x1a1d9b]
V  [jvm.dll+0x2253a8]
V  [jvm.dll+0x2233ec]
V  [jvm.dll+0x780002]
V  [jvm.dll+0x779b4a]
V  [jvm.dll+0x667666]
C  [ucrtbase.dll+0x21bb2]
C  [KERNEL32.DLL+0x17614]
C  [ntdll.dll+0x526a1]


---------------  P R O C E S S  ---------------

Threads class SMR info:
_java_thread_list=0x0000020f3b1d06a0, length=124, elements={
0x0000020f19d80ab0, 0x0000020f3457b050, 0x0000020f3457c040, 0x0000020f34593ec0,
0x0000020f34596900, 0x0000020f34597030, 0x0000020f3459b560, 0x0000020f3459d280,
0x0000020f3459d890, 0x0000020f345aa9e0, 0x0000020f3510bf50, 0x0000020f35117480,
0x0000020f3712cf30, 0x0000020f36a96e70, 0x0000020f3728c240, 0x0000020f36829070,
0x0000020f36af0290, 0x0000020f35b70820, 0x0000020f35b71810, 0x0000020f35b6fd80,
0x0000020f35b6f2e0, 0x0000020f35b702d0, 0x0000020f35b71d60, 0x0000020f35b722b0,
0x0000020f35b6ed90, 0x0000020f36989b00, 0x0000020f3698dac0, 0x0000020f3698a050,
0x0000020f36988070, 0x0000020f3698d570, 0x0000020f36987b20, 0x0000020f3698b040,
0x0000020f3698a5a0, 0x0000020f3698c580, 0x0000020f369875d0, 0x0000020f3698d020,
0x0000020f3698cad0, 0x0000020f369865e0, 0x0000020f369885c0, 0x0000020f36986090,
0x0000020f3698c030, 0x0000020f3698aaf0, 0x0000020f3ab740d0, 0x0000020f3ab77b40,
0x0000020f3ab74b70, 0x0000020f3ab730e0, 0x0000020f3ab73630, 0x0000020f3ab74620,
0x0000020f3ab750c0, 0x0000020f3ab770a0, 0x0000020f3ab70bb0, 0x0000020f3ab775f0,
0x0000020f3ab785e0, 0x0000020f3ab76b50, 0x0000020f3ab71650, 0x0000020f3ab71100,
0x0000020f3ab73b80, 0x0000020f3ab71ba0, 0x0000020f3ab75610, 0x0000020f3ab72640,
0x0000020f3ab720f0, 0x0000020f3ab72b90, 0x0000020f3ab75b60, 0x0000020f3ab760b0,
0x0000020f3ab76600, 0x0000020f35b6f830, 0x0000020f35b70d70, 0x0000020f35b712c0,
0x0000020f36986b30, 0x0000020f392385c0, 0x0000020f3923b590, 0x0000020f392375d0,
0x0000020f3923c580, 0x0000020f3923aaf0, 0x0000020f3923e010, 0x0000020f3923bae0,
0x0000020f3923dac0, 0x0000020f3923d020, 0x0000020f3923c030, 0x0000020f3923eab0,
0x0000020f39238070, 0x0000020f3923e560, 0x0000020f3923cad0, 0x0000020f3923d570,
0x0000020f39237080, 0x0000020f39239b00, 0x0000020f3923a050, 0x0000020f39237b20,
0x0000020f392395b0, 0x0000020f3923a5a0, 0x0000020f39238b10, 0x0000020f39239060,
0x0000020f3923b040, 0x0000020f3aba51c0, 0x0000020f3aba2c90, 0x0000020f3aba1750,
0x0000020f3aba0cb0, 0x0000020f3aba1200, 0x0000020f3aba8190, 0x0000020f3aba1ca0,
0x0000020f3aba61b0, 0x0000020f3aba41d0, 0x0000020f3aba86e0, 0x0000020f3aba5710,
0x0000020f3aba21f0, 0x0000020f3aba6c50, 0x0000020f3aba2740, 0x0000020f3aba5c60,
0x0000020f3aba6700, 0x0000020f3aba31e0, 0x0000020f3aba3730, 0x0000020f3aba71a0,
0x0000020f3aba3c80, 0x0000020f3aba76f0, 0x0000020f3aba4720, 0x0000020f3aba4c70,
0x0000020f3aba7c40, 0x0000020f39ee7c20, 0x0000020f39ee86c0, 0x0000020f39ee9160,
0x0000020f39ee8170, 0x0000020f39ee96b0, 0x0000020f39deb300, 0x0000020f39deb890
}

Java Threads: ( => current thread )
  0x0000020f19d80ab0 JavaThread "main" [_thread_blocked, id=13972, stack(0x000000f6fc000000,0x000000f6fc100000)]
  0x0000020f3457b050 JavaThread "Reference Handler" daemon [_thread_blocked, id=3380, stack(0x000000f6fc700000,0x000000f6fc800000)]
  0x0000020f3457c040 JavaThread "Finalizer" daemon [_thread_blocked, id=10416, stack(0x000000f6fc800000,0x000000f6fc900000)]
  0x0000020f34593ec0 JavaThread "Signal Dispatcher" daemon [_thread_blocked, id=11300, stack(0x000000f6fc900000,0x000000f6fca00000)]
  0x0000020f34596900 JavaThread "Attach Listener" daemon [_thread_blocked, id=17240, stack(0x000000f6fca00000,0x000000f6fcb00000)]
  0x0000020f34597030 JavaThread "Service Thread" daemon [_thread_blocked, id=10964, stack(0x000000f6fcb00000,0x000000f6fcc00000)]
  0x0000020f3459b560 JavaThread "Monitor Deflation Thread" daemon [_thread_blocked, id=2636, stack(0x000000f6fcc00000,0x000000f6fcd00000)]
  0x0000020f3459d280 JavaThread "C2 CompilerThread0" daemon [_thread_in_native, id=17984, stack(0x000000f6fcd00000,0x000000f6fce00000)]
  0x0000020f3459d890 JavaThread "C1 CompilerThread0" daemon [_thread_in_vm, id=20800, stack(0x000000f6fce00000,0x000000f6fcf00000)]
  0x0000020f345aa9e0 JavaThread "Sweeper thread" daemon [_thread_blocked, id=11832, stack(0x000000f6fcf00000,0x000000f6fd000000)]
  0x0000020f3510bf50 JavaThread "Common-Cleaner" daemon [_thread_blocked, id=4616, stack(0x000000f6fd000000,0x000000f6fd100000)]
  0x0000020f35117480 JavaThread "Notification Thread" daemon [_thread_blocked, id=7264, stack(0x000000f6fd100000,0x000000f6fd200000)]
  0x0000020f3712cf30 JavaThread "Daemon health stats" [_thread_blocked, id=16452, stack(0x000000f6fd400000,0x000000f6fd500000)]
  0x0000020f36a96e70 JavaThread "Incoming local TCP Connector on port 59997" [_thread_in_native, id=14028, stack(0x000000f6fd300000,0x000000f6fd400000)]
  0x0000020f3728c240 JavaThread "Daemon periodic checks" [_thread_blocked, id=732, stack(0x000000f6fdc00000,0x000000f6fdd00000)]
  0x0000020f36829070 JavaThread "Daemon" [_thread_blocked, id=21080, stack(0x000000f6fdd00000,0x000000f6fde00000)]
  0x0000020f36af0290 JavaThread "Handler for socket connection from /127.0.0.1:59997 to /127.0.0.1:59998" [_thread_in_native, id=14980, stack(0x000000f6fde00000,0x000000f6fdf00000)]
  0x0000020f35b70820 JavaThread "Cancel handler" [_thread_blocked, id=11940, stack(0x000000f6fdf00000,0x000000f6fe000000)]
  0x0000020f35b71810 JavaThread "Daemon worker" [_thread_blocked, id=292, stack(0x000000f6fe000000,0x000000f6fe100000)]
  0x0000020f35b6fd80 JavaThread "Asynchronous log dispatcher for DefaultDaemonConnection: socket connection from /127.0.0.1:59997 to /127.0.0.1:59998" [_thread_blocked, id=18716, stack(0x000000f6fe100000,0x000000f6fe200000)]
  0x0000020f35b6f2e0 JavaThread "Stdin handler" [_thread_blocked, id=20388, stack(0x000000f6fe200000,0x000000f6fe300000)]
  0x0000020f35b702d0 JavaThread "Daemon client event forwarder" [_thread_blocked, id=8668, stack(0x000000f6fe300000,0x000000f6fe400000)]
  0x0000020f35b71d60 JavaThread "Cache worker for journal cache (C:\Users\Florian\.gradle\caches\journal-1)" [_thread_blocked, id=16188, stack(0x000000f6fe400000,0x000000f6fe500000)]
  0x0000020f35b722b0 JavaThread "File lock request listener" [_thread_in_native, id=3528, stack(0x000000f6fe500000,0x000000f6fe600000)]
  0x0000020f35b6ed90 JavaThread "Cache worker for file hash cache (C:\Users\Florian\.gradle\caches\7.5.1\fileHashes)" [_thread_blocked, id=11328, stack(0x000000f6fe600000,0x000000f6fe700000)]
  0x0000020f36989b00 JavaThread "File watcher server" daemon [_thread_in_native, id=20916, stack(0x000000f6fe800000,0x000000f6fe900000)]
  0x0000020f3698dac0 JavaThread "File watcher consumer" daemon [_thread_blocked, id=9052, stack(0x000000f6fe900000,0x000000f6fea00000)]
  0x0000020f3698a050 JavaThread "jar transforms" [_thread_blocked, id=688, stack(0x000000f6fea00000,0x000000f6feb00000)]
  0x0000020f36988070 JavaThread "jar transforms Thread 2" [_thread_blocked, id=20024, stack(0x000000f6feb00000,0x000000f6fec00000)]
  0x0000020f3698d570 JavaThread "jar transforms Thread 3" [_thread_blocked, id=9160, stack(0x000000f6fec00000,0x000000f6fed00000)]
  0x0000020f36987b20 JavaThread "jar transforms Thread 4" [_thread_blocked, id=17592, stack(0x000000f6fed00000,0x000000f6fee00000)]
  0x0000020f3698b040 JavaThread "jar transforms Thread 5" [_thread_blocked, id=18164, stack(0x000000f6fee00000,0x000000f6fef00000)]
  0x0000020f3698a5a0 JavaThread "jar transforms Thread 6" [_thread_blocked, id=5412, stack(0x000000f6fef00000,0x000000f6ff000000)]
  0x0000020f3698c580 JavaThread "jar transforms Thread 7" [_thread_blocked, id=6204, stack(0x000000f6ff000000,0x000000f6ff100000)]
  0x0000020f369875d0 JavaThread "jar transforms Thread 8" [_thread_blocked, id=14216, stack(0x000000f6ff100000,0x000000f6ff200000)]
  0x0000020f3698d020 JavaThread "Cache worker for checksums cache (C:\Users\Florian\Downloads\ktor\ktor-order-management\.gradle\7.5.1\checksums)" [_thread_blocked, id=640, stack(0x000000f6ff500000,0x000000f6ff600000)]
  0x0000020f3698cad0 JavaThread "Cache worker for cache directory md-rule (C:\Users\Florian\.gradle\caches\7.5.1\md-rule)" [_thread_blocked, id=4688, stack(0x000000f6ff600000,0x000000f6ff700000)]
  0x0000020f369865e0 JavaThread "Cache worker for file content cache (C:\Users\Florian\.gradle\caches\7.5.1\fileContent)" [_thread_blocked, id=15520, stack(0x000000f6ff700000,0x000000f6ff800000)]
  0x0000020f369885c0 JavaThread "Cache worker for file hash cache (C:\Users\Florian\Downloads\ktor\ktor-order-management\.gradle\7.5.1\fileHashes)" [_thread_blocked, id=1708, stack(0x000000f6ff800000,0x000000f6ff900000)]
  0x0000020f36986090 JavaThread "Cache worker for cache directory md-supplier (C:\Users\Florian\.gradle\caches\7.5.1\md-supplier)" [_thread_blocked, id=16980, stack(0x000000f6ff900000,0x000000f6ffa00000)]
  0x0000020f3698c030 JavaThread "Cache worker for execution history cache (C:\Users\Florian\.gradle\caches\7.5.1\executionHistory)" [_thread_blocked, id=16824, stack(0x000000f6ffa00000,0x000000f6ffb00000)]
  0x0000020f3698aaf0 JavaThread "Cache worker for kotlin-dsl (C:\Users\Florian\.gradle\caches\7.5.1\kotlin-dsl)" [_thread_blocked, id=5984, stack(0x000000f6ffc00000,0x000000f6ffd00000)]
  0x0000020f3ab740d0 JavaThread "Cache worker for dependencies-accessors (C:\Users\Florian\Downloads\ktor\ktor-order-management\.gradle\7.5.1\dependencies-accessors)" [_thread_blocked, id=6832, stack(0x000000f6ffd00000,0x000000f6ffe00000)]
  0x0000020f3ab77b40 JavaThread "Cache worker for Build Output Cleanup Cache (C:\Users\Florian\Downloads\ktor\ktor-order-management\.gradle\buildOutputCleanup)" [_thread_blocked, id=17968, stack(0x000000f6ffe00000,0x000000f6fff00000)]
  0x0000020f3ab74b70 JavaThread "Unconstrained build operations" [_thread_blocked, id=9096, stack(0x000000f6fff00000,0x000000f700000000)]
  0x0000020f3ab730e0 JavaThread "Unconstrained build operations Thread 2" [_thread_blocked, id=16180, stack(0x000000f680000000,0x000000f680100000)]
  0x0000020f3ab73630 JavaThread "Unconstrained build operations Thread 3" [_thread_blocked, id=17800, stack(0x000000f680100000,0x000000f680200000)]
  0x0000020f3ab74620 JavaThread "Unconstrained build operations Thread 4" [_thread_blocked, id=17080, stack(0x000000f680200000,0x000000f680300000)]
  0x0000020f3ab750c0 JavaThread "Unconstrained build operations Thread 5" [_thread_blocked, id=5712, stack(0x000000f680300000,0x000000f680400000)]
  0x0000020f3ab770a0 JavaThread "Unconstrained build operations Thread 6" [_thread_blocked, id=11196, stack(0x000000f680400000,0x000000f680500000)]
  0x0000020f3ab70bb0 JavaThread "Unconstrained build operations Thread 7" [_thread_blocked, id=11148, stack(0x000000f680500000,0x000000f680600000)]
  0x0000020f3ab775f0 JavaThread "Unconstrained build operations Thread 8" [_thread_blocked, id=14712, stack(0x000000f680600000,0x000000f680700000)]
  0x0000020f3ab785e0 JavaThread "Unconstrained build operations Thread 9" [_thread_blocked, id=18856, stack(0x000000f680700000,0x000000f680800000)]
  0x0000020f3ab76b50 JavaThread "Unconstrained build operations Thread 10" [_thread_blocked, id=18764, stack(0x000000f680800000,0x000000f680900000)]
  0x0000020f3ab71650 JavaThread "Unconstrained build operations Thread 11" [_thread_blocked, id=15660, stack(0x000000f680900000,0x000000f680a00000)]
  0x0000020f3ab71100 JavaThread "Unconstrained build operations Thread 12" [_thread_blocked, id=21380, stack(0x000000f680a00000,0x000000f680b00000)]
  0x0000020f3ab73b80 JavaThread "Unconstrained build operations Thread 13" [_thread_blocked, id=14168, stack(0x000000f680b00000,0x000000f680c00000)]
  0x0000020f3ab71ba0 JavaThread "Unconstrained build operations Thread 14" [_thread_blocked, id=21292, stack(0x000000f680c00000,0x000000f680d00000)]
  0x0000020f3ab75610 JavaThread "Unconstrained build operations Thread 15" [_thread_blocked, id=1376, stack(0x000000f680d00000,0x000000f680e00000)]
  0x0000020f3ab72640 JavaThread "Unconstrained build operations Thread 16" [_thread_blocked, id=15080, stack(0x000000f680e00000,0x000000f680f00000)]
  0x0000020f3ab720f0 JavaThread "Unconstrained build operations Thread 17" [_thread_blocked, id=4748, stack(0x000000f680f00000,0x000000f681000000)]
  0x0000020f3ab72b90 JavaThread "Unconstrained build operations Thread 18" [_thread_blocked, id=21100, stack(0x000000f681000000,0x000000f681100000)]
  0x0000020f3ab75b60 JavaThread "Unconstrained build operations Thread 19" [_thread_blocked, id=7920, stack(0x000000f681100000,0x000000f681200000)]
  0x0000020f3ab760b0 JavaThread "Unconstrained build operations Thread 20" [_thread_blocked, id=18136, stack(0x000000f681200000,0x000000f681300000)]
  0x0000020f3ab76600 JavaThread "Unconstrained build operations Thread 21" [_thread_blocked, id=20148, stack(0x000000f681300000,0x000000f681400000)]
  0x0000020f35b6f830 JavaThread "Unconstrained build operations Thread 22" [_thread_blocked, id=20996, stack(0x000000f681400000,0x000000f681500000)]
  0x0000020f35b70d70 JavaThread "Unconstrained build operations Thread 23" [_thread_blocked, id=15288, stack(0x000000f681500000,0x000000f681600000)]
  0x0000020f35b712c0 JavaThread "Unconstrained build operations Thread 24" [_thread_blocked, id=3240, stack(0x000000f681600000,0x000000f681700000)]
  0x0000020f36986b30 JavaThread "Unconstrained build operations Thread 25" [_thread_blocked, id=15620, stack(0x000000f681700000,0x000000f681800000)]
  0x0000020f392385c0 JavaThread "Unconstrained build operations Thread 26" [_thread_blocked, id=15996, stack(0x000000f681800000,0x000000f681900000)]
  0x0000020f3923b590 JavaThread "Unconstrained build operations Thread 27" [_thread_blocked, id=16708, stack(0x000000f681900000,0x000000f681a00000)]
  0x0000020f392375d0 JavaThread "Unconstrained build operations Thread 28" [_thread_blocked, id=21248, stack(0x000000f681a00000,0x000000f681b00000)]
  0x0000020f3923c580 JavaThread "Unconstrained build operations Thread 29" [_thread_blocked, id=11020, stack(0x000000f681b00000,0x000000f681c00000)]
  0x0000020f3923aaf0 JavaThread "Unconstrained build operations Thread 30" [_thread_blocked, id=5308, stack(0x000000f681c00000,0x000000f681d00000)]
  0x0000020f3923e010 JavaThread "Unconstrained build operations Thread 31" [_thread_blocked, id=284, stack(0x000000f681d00000,0x000000f681e00000)]
  0x0000020f3923bae0 JavaThread "Unconstrained build operations Thread 32" [_thread_blocked, id=20748, stack(0x000000f681e00000,0x000000f681f00000)]
  0x0000020f3923dac0 JavaThread "Unconstrained build operations Thread 33" [_thread_blocked, id=4372, stack(0x000000f681f00000,0x000000f682000000)]
  0x0000020f3923d020 JavaThread "Unconstrained build operations Thread 34" [_thread_blocked, id=3868, stack(0x000000f682000000,0x000000f682100000)]
  0x0000020f3923c030 JavaThread "Unconstrained build operations Thread 35" [_thread_blocked, id=14956, stack(0x000000f682100000,0x000000f682200000)]
  0x0000020f3923eab0 JavaThread "Unconstrained build operations Thread 36" [_thread_blocked, id=19172, stack(0x000000f682200000,0x000000f682300000)]
  0x0000020f39238070 JavaThread "Unconstrained build operations Thread 37" [_thread_blocked, id=4336, stack(0x000000f682300000,0x000000f682400000)]
  0x0000020f3923e560 JavaThread "Unconstrained build operations Thread 38" [_thread_blocked, id=19916, stack(0x000000f682400000,0x000000f682500000)]
  0x0000020f3923cad0 JavaThread "Unconstrained build operations Thread 39" [_thread_blocked, id=21304, stack(0x000000f682500000,0x000000f682600000)]
  0x0000020f3923d570 JavaThread "Unconstrained build operations Thread 40" [_thread_blocked, id=11756, stack(0x000000f682600000,0x000000f682700000)]
  0x0000020f39237080 JavaThread "Unconstrained build operations Thread 41" [_thread_blocked, id=15856, stack(0x000000f682700000,0x000000f682800000)]
  0x0000020f39239b00 JavaThread "Unconstrained build operations Thread 42" [_thread_blocked, id=14888, stack(0x000000f682800000,0x000000f682900000)]
  0x0000020f3923a050 JavaThread "Unconstrained build operations Thread 43" [_thread_blocked, id=4836, stack(0x000000f682900000,0x000000f682a00000)]
  0x0000020f39237b20 JavaThread "Unconstrained build operations Thread 44" [_thread_blocked, id=17652, stack(0x000000f682a00000,0x000000f682b00000)]
  0x0000020f392395b0 JavaThread "Unconstrained build operations Thread 45" [_thread_blocked, id=6092, stack(0x000000f682b00000,0x000000f682c00000)]
  0x0000020f3923a5a0 JavaThread "Unconstrained build operations Thread 46" [_thread_blocked, id=13648, stack(0x000000f682c00000,0x000000f682d00000)]
  0x0000020f39238b10 JavaThread "Unconstrained build operations Thread 47" [_thread_blocked, id=20420, stack(0x000000f682d00000,0x000000f682e00000)]
  0x0000020f39239060 JavaThread "Unconstrained build operations Thread 48" [_thread_blocked, id=4004, stack(0x000000f682e00000,0x000000f682f00000)]
  0x0000020f3923b040 JavaThread "Unconstrained build operations Thread 49" [_thread_blocked, id=17600, stack(0x000000f682f00000,0x000000f683000000)]
  0x0000020f3aba51c0 JavaThread "Unconstrained build operations Thread 50" [_thread_blocked, id=20496, stack(0x000000f683000000,0x000000f683100000)]
  0x0000020f3aba2c90 JavaThread "Unconstrained build operations Thread 51" [_thread_blocked, id=17812, stack(0x000000f683100000,0x000000f683200000)]
  0x0000020f3aba1750 JavaThread "Unconstrained build operations Thread 52" [_thread_blocked, id=10256, stack(0x000000f683200000,0x000000f683300000)]
  0x0000020f3aba0cb0 JavaThread "Unconstrained build operations Thread 53" [_thread_blocked, id=9728, stack(0x000000f683300000,0x000000f683400000)]
  0x0000020f3aba1200 JavaThread "Unconstrained build operations Thread 54" [_thread_blocked, id=19616, stack(0x000000f683400000,0x000000f683500000)]
  0x0000020f3aba8190 JavaThread "Unconstrained build operations Thread 55" [_thread_blocked, id=5512, stack(0x000000f683500000,0x000000f683600000)]
  0x0000020f3aba1ca0 JavaThread "Unconstrained build operations Thread 56" [_thread_blocked, id=15736, stack(0x000000f683600000,0x000000f683700000)]
  0x0000020f3aba61b0 JavaThread "Unconstrained build operations Thread 57" [_thread_blocked, id=7904, stack(0x000000f683700000,0x000000f683800000)]
  0x0000020f3aba41d0 JavaThread "Unconstrained build operations Thread 58" [_thread_blocked, id=6612, stack(0x000000f683800000,0x000000f683900000)]
  0x0000020f3aba86e0 JavaThread "Unconstrained build operations Thread 59" [_thread_blocked, id=16508, stack(0x000000f683900000,0x000000f683a00000)]
  0x0000020f3aba5710 JavaThread "Unconstrained build operations Thread 60" [_thread_blocked, id=17292, stack(0x000000f683a00000,0x000000f683b00000)]
  0x0000020f3aba21f0 JavaThread "Unconstrained build operations Thread 61" [_thread_blocked, id=948, stack(0x000000f683b00000,0x000000f683c00000)]
  0x0000020f3aba6c50 JavaThread "Unconstrained build operations Thread 62" [_thread_blocked, id=11556, stack(0x000000f683c00000,0x000000f683d00000)]
  0x0000020f3aba2740 JavaThread "Unconstrained build operations Thread 63" [_thread_blocked, id=20464, stack(0x000000f683d00000,0x000000f683e00000)]
  0x0000020f3aba5c60 JavaThread "Unconstrained build operations Thread 64" [_thread_blocked, id=11576, stack(0x000000f683e00000,0x000000f683f00000)]
  0x0000020f3aba6700 JavaThread "Unconstrained build operations Thread 65" [_thread_blocked, id=2820, stack(0x000000f683f00000,0x000000f684000000)]
  0x0000020f3aba31e0 JavaThread "Unconstrained build operations Thread 66" [_thread_blocked, id=18984, stack(0x000000f684000000,0x000000f684100000)]
  0x0000020f3aba3730 JavaThread "Unconstrained build operations Thread 67" [_thread_blocked, id=412, stack(0x000000f684100000,0x000000f684200000)]
  0x0000020f3aba71a0 JavaThread "Unconstrained build operations Thread 68" [_thread_blocked, id=18596, stack(0x000000f684200000,0x000000f684300000)]
  0x0000020f3aba3c80 JavaThread "Unconstrained build operations Thread 69" [_thread_blocked, id=11876, stack(0x000000f684300000,0x000000f684400000)]
  0x0000020f3aba76f0 JavaThread "Unconstrained build operations Thread 70" [_thread_blocked, id=12032, stack(0x000000f684400000,0x000000f684500000)]
  0x0000020f3aba4720 JavaThread "Unconstrained build operations Thread 71" [_thread_blocked, id=11000, stack(0x000000f684500000,0x000000f684600000)]
  0x0000020f3aba4c70 JavaThread "Unconstrained build operations Thread 72" [_thread_blocked, id=20652, stack(0x000000f684600000,0x000000f684700000)]
  0x0000020f3aba7c40 JavaThread "Unconstrained build operations Thread 73" [_thread_blocked, id=18084, stack(0x000000f684700000,0x000000f684800000)]
  0x0000020f39ee7c20 JavaThread "Unconstrained build operations Thread 74" [_thread_blocked, id=16684, stack(0x000000f684800000,0x000000f684900000)]
  0x0000020f39ee86c0 JavaThread "Unconstrained build operations Thread 75" [_thread_blocked, id=8260, stack(0x000000f684900000,0x000000f684a00000)]
  0x0000020f39ee9160 JavaThread "Unconstrained build operations Thread 76" [_thread_blocked, id=10088, stack(0x000000f684a00000,0x000000f684b00000)]
  0x0000020f39ee8170 JavaThread "Unconstrained build operations Thread 77" [_thread_blocked, id=19768, stack(0x000000f684b00000,0x000000f684c00000)]
  0x0000020f39ee96b0 JavaThread "Memory manager" [_thread_blocked, id=15412, stack(0x000000f684f00000,0x000000f685000000)]
  0x0000020f39deb300 JavaThread "C2 CompilerThread1" daemon [_thread_in_native, id=8820, stack(0x000000f685000000,0x000000f685100000)]
=>0x0000020f39deb890 JavaThread "C2 CompilerThread2" daemon [_thread_in_native, id=5832, stack(0x000000f685100000,0x000000f685200000)]

Other Threads:
  0x0000020f34576500 VMThread "VM Thread" [stack: 0x000000f6fc600000,0x000000f6fc700000] [id=8296]
  0x0000020f35110500 WatcherThread [stack: 0x000000f6fd200000,0x000000f6fd300000] [id=3076]
  0x0000020f19da6960 GCTaskThread "GC Thread#0" [stack: 0x000000f6fc100000,0x000000f6fc200000] [id=956]
  0x0000020f35b73560 GCTaskThread "GC Thread#1" [stack: 0x000000f6fd500000,0x000000f6fd600000] [id=20628]
  0x0000020f36167ac0 GCTaskThread "GC Thread#2" [stack: 0x000000f6fd600000,0x000000f6fd700000] [id=2892]
  0x0000020f35f762b0 GCTaskThread "GC Thread#3" [stack: 0x000000f6fd700000,0x000000f6fd800000] [id=15664]
  0x0000020f35f765c0 GCTaskThread "GC Thread#4" [stack: 0x000000f6fd800000,0x000000f6fd900000] [id=18296]
  0x0000020f3579ccc0 GCTaskThread "GC Thread#5" [stack: 0x000000f6fd900000,0x000000f6fda00000] [id=19396]
  0x0000020f36ac7dc0 GCTaskThread "GC Thread#6" [stack: 0x000000f6ff200000,0x000000f6ff300000] [id=13916]
  0x0000020f36ac80d0 GCTaskThread "GC Thread#7" [stack: 0x000000f6ff300000,0x000000f6ff400000] [id=6528]
  0x0000020f19dbc8d0 ConcurrentGCThread "G1 Main Marker" [stack: 0x000000f6fc200000,0x000000f6fc300000] [id=2212]
  0x0000020f19dbd250 ConcurrentGCThread "G1 Conc#0" [stack: 0x000000f6fc300000,0x000000f6fc400000] [id=13732]
  0x0000020f36ac7490 ConcurrentGCThread "G1 Conc#1" [stack: 0x000000f6ff400000,0x000000f6ff500000] [id=1304]
  0x0000020f19e5e170 ConcurrentGCThread "G1 Refine#0" [stack: 0x000000f6fc400000,0x000000f6fc500000] [id=15148]
  0x0000020f35f8d3e0 ConcurrentGCThread "G1 Refine#1" [stack: 0x000000f6fda00000,0x000000f6fdb00000] [id=12924]
  0x0000020f38e8d050 ConcurrentGCThread "G1 Refine#2" [stack: 0x000000f6ffb00000,0x000000f6ffc00000] [id=3108]
  0x0000020f39b31d10 ConcurrentGCThread "G1 Refine#3" [stack: 0x000000f684c00000,0x000000f684d00000] [id=15680]
  0x0000020f39b33a50 ConcurrentGCThread "G1 Refine#4" [stack: 0x000000f684d00000,0x000000f684e00000] [id=17676]
  0x0000020f39b33710 ConcurrentGCThread "G1 Refine#5" [stack: 0x000000f684e00000,0x000000f684f00000] [id=17136]
  0x0000020f19e5e710 ConcurrentGCThread "G1 Service" [stack: 0x000000f6fc500000,0x000000f6fc600000] [id=9848]

Threads with active compile tasks:
C2 CompilerThread0    10748 6384       4       com.sun.beans.TypeResolver::resolve (37 bytes)
C1 CompilerThread0    10748 6792       3       com.esotericsoftware.kryo.io.Output::writeBytes (90 bytes)
C2 CompilerThread1    10748 6783       4       java.util.concurrent.ConcurrentLinkedQueue::poll (84 bytes)
C2 CompilerThread2    10748 6391 %     4       groovy.lang.MetaClassImpl::inheritInterfaceNewMetaMethods @ 100 (195 bytes)

VM state: not at safepoint (normal execution)

VM Mutex/Monitor currently owned by a thread: None

Heap address: 0x00000000e0000000, size: 512 MB, Compressed Oops mode: 32-bit

CDS archive(s) mapped at: [0x0000000800000000-0x0000000800bb0000-0x0000000800bb0000), size 12255232, SharedBaseAddress: 0x0000000800000000, ArchiveRelocationMode: 0.
Compressed class space mapped at: 0x0000000800c00000-0x000000080dc00000, reserved size: 218103808
Narrow klass base: 0x0000000800000000, Narrow klass shift: 3, Narrow klass range: 0x100000000

GC Precious Log:
 CPUs: 8 total, 8 available
 Memory: 14213M
 Large Page Support: Disabled
 NUMA Support: Disabled
 Compressed Oops: Enabled (32-bit)
 Heap Region Size: 1M
 Heap Min Capacity: 256M
 Heap Initial Capacity: 256M
 Heap Max Capacity: 512M
 Pre-touch: Disabled
 Parallel Workers: 8
 Concurrent Workers: 2
 Concurrent Refinement Workers: 8
 Periodic GC: Disabled

Heap:
 garbage-first heap   total 262144K, used 121423K [0x00000000e0000000, 0x0000000100000000)
  region size 1024K, 40 young (40960K), 8 survivors (8192K)
 Metaspace       used 57567K, committed 58240K, reserved 270336K
  class space    used 7950K, committed 8256K, reserved 212992K

Heap Regions: E=young(eden), S=young(survivor), O=old, HS=humongous(starts), HC=humongous(continues), CS=collection set, F=free, OA=open archive, CA=closed archive, TAMS=top-at-mark-start (previous, next)
|   0|0x00000000e0000000, 0x00000000e0100000, 0x00000000e0100000|100%| O|  |TAMS 0x00000000e0100000, 0x00000000e0000000| Untracked 
|   1|0x00000000e0100000, 0x00000000e0200000, 0x00000000e0200000|100%| O|  |TAMS 0x00000000e0200000, 0x00000000e0100000| Untracked 
|   2|0x00000000e0200000, 0x00000000e0300000, 0x00000000e0300000|100%| O|  |TAMS 0x00000000e025c800, 0x00000000e0200000| Untracked 
|   3|0x00000000e0300000, 0x00000000e0400000, 0x00000000e0400000|100%|HS|  |TAMS 0x00000000e0400000, 0x00000000e0300000| Complete 
|   4|0x00000000e0400000, 0x00000000e0500000, 0x00000000e0500000|100%|HC|  |TAMS 0x00000000e0500000, 0x00000000e0400000| Complete 
|   5|0x00000000e0500000, 0x00000000e0600000, 0x00000000e0600000|100%|HC|  |TAMS 0x00000000e0600000, 0x00000000e0500000| Complete 
|   6|0x00000000e0600000, 0x00000000e0700000, 0x00000000e0700000|100%| O|  |TAMS 0x00000000e0700000, 0x00000000e0600000| Untracked 
|   7|0x00000000e0700000, 0x00000000e0800000, 0x00000000e0800000|100%| O|  |TAMS 0x00000000e0800000, 0x00000000e0700000| Untracked 
|   8|0x00000000e0800000, 0x00000000e0900000, 0x00000000e0900000|100%| O|  |TAMS 0x00000000e0900000, 0x00000000e0800000| Untracked 
|   9|0x00000000e0900000, 0x00000000e0a00000, 0x00000000e0a00000|100%| O|  |TAMS 0x00000000e0a00000, 0x00000000e0900000| Untracked 
|  10|0x00000000e0a00000, 0x00000000e0b00000, 0x00000000e0b00000|100%| O|  |TAMS 0x00000000e0a00000, 0x00000000e0a00000| Untracked 
|  11|0x00000000e0b00000, 0x00000000e0c00000, 0x00000000e0c00000|100%|HS|  |TAMS 0x00000000e0c00000, 0x00000000e0b00000| Complete 
|  12|0x00000000e0c00000, 0x00000000e0d00000, 0x00000000e0d00000|100%|HC|  |TAMS 0x00000000e0d00000, 0x00000000e0c00000| Complete 
|  13|0x00000000e0d00000, 0x00000000e0e00000, 0x00000000e0e00000|100%|HS|  |TAMS 0x00000000e0e00000, 0x00000000e0d00000| Complete 
|  14|0x00000000e0e00000, 0x00000000e0f00000, 0x00000000e0f00000|100%|HC|  |TAMS 0x00000000e0f00000, 0x00000000e0e00000| Complete 
|  15|0x00000000e0f00000, 0x00000000e1000000, 0x00000000e1000000|100%|HC|  |TAMS 0x00000000e1000000, 0x00000000e0f00000| Complete 
|  16|0x00000000e1000000, 0x00000000e1100000, 0x00000000e1100000|100%|HS|  |TAMS 0x00000000e1100000, 0x00000000e1000000| Complete 
|  17|0x00000000e1100000, 0x00000000e1200000, 0x00000000e1200000|100%|HC|  |TAMS 0x00000000e1200000, 0x00000000e1100000| Complete 
|  18|0x00000000e1200000, 0x00000000e1300000, 0x00000000e1300000|100%|HS|  |TAMS 0x00000000e1300000, 0x00000000e1200000| Complete 
|  19|0x00000000e1300000, 0x00000000e1400000, 0x00000000e1400000|100%|HC|  |TAMS 0x00000000e1400000, 0x00000000e1300000| Complete 
|  20|0x00000000e1400000, 0x00000000e1500000, 0x00000000e1500000|100%|HC|  |TAMS 0x00000000e1500000, 0x00000000e1400000| Complete 
|  21|0x00000000e1500000, 0x00000000e1600000, 0x00000000e1600000|100%|HC|  |TAMS 0x00000000e1600000, 0x00000000e1500000| Complete 
|  22|0x00000000e1600000, 0x00000000e1700000, 0x00000000e1700000|100%|HC|  |TAMS 0x00000000e1700000, 0x00000000e1600000| Complete 
|  23|0x00000000e1700000, 0x00000000e1800000, 0x00000000e1800000|100%|HC|  |TAMS 0x00000000e1800000, 0x00000000e1700000| Complete 
|  24|0x00000000e1800000, 0x00000000e1900000, 0x00000000e1900000|100%|HC|  |TAMS 0x00000000e1900000, 0x00000000e1800000| Complete 
|  25|0x00000000e1900000, 0x00000000e1a00000, 0x00000000e1a00000|100%|HC|  |TAMS 0x00000000e1a00000, 0x00000000e1900000| Complete 
|  26|0x00000000e1a00000, 0x00000000e1b00000, 0x00000000e1b00000|100%|HC|  |TAMS 0x00000000e1b00000, 0x00000000e1a00000| Complete 
|  27|0x00000000e1b00000, 0x00000000e1c00000, 0x00000000e1c00000|100%|HC|  |TAMS 0x00000000e1c00000, 0x00000000e1b00000| Complete 
|  28|0x00000000e1c00000, 0x00000000e1d00000, 0x00000000e1d00000|100%|HC|  |TAMS 0x00000000e1d00000, 0x00000000e1c00000| Complete 
|  29|0x00000000e1d00000, 0x00000000e1e00000, 0x00000000e1e00000|100%|HS|  |TAMS 0x00000000e1e00000, 0x00000000e1d00000| Complete 
|  30|0x00000000e1e00000, 0x00000000e1f00000, 0x00000000e1f00000|100%|HC|  |TAMS 0x00000000e1f00000, 0x00000000e1e00000| Complete 
|  31|0x00000000e1f00000, 0x00000000e2000000, 0x00000000e2000000|100%|HS|  |TAMS 0x00000000e2000000, 0x00000000e1f00000| Complete 
|  32|0x00000000e2000000, 0x00000000e2100000, 0x00000000e2100000|100%|HC|  |TAMS 0x00000000e2100000, 0x00000000e2000000| Complete 
|  33|0x00000000e2100000, 0x00000000e2200000, 0x00000000e2200000|100%|HC|  |TAMS 0x00000000e2200000, 0x00000000e2100000| Complete 
|  34|0x00000000e2200000, 0x00000000e2300000, 0x00000000e2300000|100%|HC|  |TAMS 0x00000000e2300000, 0x00000000e2200000| Complete 
|  35|0x00000000e2300000, 0x00000000e2400000, 0x00000000e2400000|100%|HC|  |TAMS 0x00000000e2400000, 0x00000000e2300000| Complete 
|  36|0x00000000e2400000, 0x00000000e2500000, 0x00000000e2500000|100%|HC|  |TAMS 0x00000000e2500000, 0x00000000e2400000| Complete 
|  37|0x00000000e2500000, 0x00000000e2600000, 0x00000000e2600000|100%|HS|  |TAMS 0x00000000e2600000, 0x00000000e2500000| Complete 
|  38|0x00000000e2600000, 0x00000000e2700000, 0x00000000e2700000|100%|HS|  |TAMS 0x00000000e2600000, 0x00000000e2600000| Complete 
|  39|0x00000000e2700000, 0x00000000e2800000, 0x00000000e2800000|100%|HC|  |TAMS 0x00000000e2700000, 0x00000000e2700000| Complete 
|  40|0x00000000e2800000, 0x00000000e2900000, 0x00000000e2900000|100%| O|  |TAMS 0x00000000e2800000, 0x00000000e2800000| Untracked 
|  41|0x00000000e2900000, 0x00000000e2a00000, 0x00000000e2a00000|100%| O|  |TAMS 0x00000000e2900000, 0x00000000e2900000| Untracked 
|  42|0x00000000e2a00000, 0x00000000e2b00000, 0x00000000e2b00000|100%| O|  |TAMS 0x00000000e2a00000, 0x00000000e2a00000| Untracked 
|  43|0x00000000e2b00000, 0x00000000e2c00000, 0x00000000e2c00000|100%| O|  |TAMS 0x00000000e2b00000, 0x00000000e2b00000| Untracked 
|  44|0x00000000e2c00000, 0x00000000e2d00000, 0x00000000e2d00000|100%| O|  |TAMS 0x00000000e2c00000, 0x00000000e2c00000| Untracked 
|  45|0x00000000e2d00000, 0x00000000e2e00000, 0x00000000e2e00000|100%| O|  |TAMS 0x00000000e2d00000, 0x00000000e2d00000| Untracked 
|  46|0x00000000e2e00000, 0x00000000e2f00000, 0x00000000e2f00000|100%| O|  |TAMS 0x00000000e2e00000, 0x00000000e2e00000| Untracked 
|  47|0x00000000e2f00000, 0x00000000e3000000, 0x00000000e3000000|100%| O|  |TAMS 0x00000000e2f00000, 0x00000000e2f00000| Untracked 
|  48|0x00000000e3000000, 0x00000000e3100000, 0x00000000e3100000|100%| O|  |TAMS 0x00000000e3000000, 0x00000000e3000000| Untracked 
|  49|0x00000000e3100000, 0x00000000e3200000, 0x00000000e3200000|100%| O|  |TAMS 0x00000000e3100000, 0x00000000e3100000| Untracked 
|  50|0x00000000e3200000, 0x00000000e3300000, 0x00000000e3300000|100%| O|  |TAMS 0x00000000e3200000, 0x00000000e3200000| Untracked 
|  51|0x00000000e3300000, 0x00000000e3400000, 0x00000000e3400000|100%| O|  |TAMS 0x00000000e3300000, 0x00000000e3300000| Untracked 
|  52|0x00000000e3400000, 0x00000000e3500000, 0x00000000e3500000|100%| O|  |TAMS 0x00000000e3400000, 0x00000000e3400000| Untracked 
|  53|0x00000000e3500000, 0x00000000e3600000, 0x00000000e3600000|100%|HS|  |TAMS 0x00000000e3500000, 0x00000000e3500000| Complete 
|  54|0x00000000e3600000, 0x00000000e3700000, 0x00000000e3700000|100%|HC|  |TAMS 0x00000000e3600000, 0x00000000e3600000| Complete 
|  55|0x00000000e3700000, 0x00000000e3800000, 0x00000000e3800000|100%|HC|  |TAMS 0x00000000e3700000, 0x00000000e3700000| Complete 
|  56|0x00000000e3800000, 0x00000000e3900000, 0x00000000e3900000|100%|HS|  |TAMS 0x00000000e3800000, 0x00000000e3800000| Complete 
|  57|0x00000000e3900000, 0x00000000e3a00000, 0x00000000e3a00000|100%|HC|  |TAMS 0x00000000e3900000, 0x00000000e3900000| Complete 
|  58|0x00000000e3a00000, 0x00000000e3b00000, 0x00000000e3b00000|100%|HS|  |TAMS 0x00000000e3a00000, 0x00000000e3a00000| Complete 
|  59|0x00000000e3b00000, 0x00000000e3c00000, 0x00000000e3c00000|100%|HC|  |TAMS 0x00000000e3b00000, 0x00000000e3b00000| Complete 
|  60|0x00000000e3c00000, 0x00000000e3d00000, 0x00000000e3d00000|100%|HC|  |TAMS 0x00000000e3c00000, 0x00000000e3c00000| Complete 
|  61|0x00000000e3d00000, 0x00000000e3e00000, 0x00000000e3e00000|100%|HC|  |TAMS 0x00000000e3d00000, 0x00000000e3d00000| Complete 
|  62|0x00000000e3e00000, 0x00000000e3f00000, 0x00000000e3f00000|100%| O|  |TAMS 0x00000000e3e00000, 0x00000000e3e00000| Untracked 
|  63|0x00000000e3f00000, 0x00000000e4000000, 0x00000000e4000000|100%| O|  |TAMS 0x00000000e3f00000, 0x00000000e3f00000| Untracked 
|  64|0x00000000e4000000, 0x00000000e4100000, 0x00000000e4100000|100%| O|  |TAMS 0x00000000e4000000, 0x00000000e4000000| Untracked 
|  65|0x00000000e4100000, 0x00000000e4200000, 0x00000000e4200000|100%| O|  |TAMS 0x00000000e4100000, 0x00000000e4100000| Untracked 
|  66|0x00000000e4200000, 0x00000000e4300000, 0x00000000e4300000|100%| O|  |TAMS 0x00000000e4200000, 0x00000000e4200000| Untracked 
|  67|0x00000000e4300000, 0x00000000e4400000, 0x00000000e4400000|100%| O|  |TAMS 0x00000000e4300000, 0x00000000e4300000| Untracked 
|  68|0x00000000e4400000, 0x00000000e4500000, 0x00000000e4500000|100%| O|  |TAMS 0x00000000e4400000, 0x00000000e4400000| Untracked 
|  69|0x00000000e4500000, 0x00000000e4600000, 0x00000000e4600000|100%| O|  |TAMS 0x00000000e4500000, 0x00000000e4500000| Untracked 
|  70|0x00000000e4600000, 0x00000000e4700000, 0x00000000e4700000|100%| O|  |TAMS 0x00000000e4600000, 0x00000000e4600000| Untracked 
|  71|0x00000000e4700000, 0x00000000e4800000, 0x00000000e4800000|100%| O|  |TAMS 0x00000000e4700000, 0x00000000e4700000| Untracked 
|  72|0x00000000e4800000, 0x00000000e4900000, 0x00000000e4900000|100%| O|  |TAMS 0x00000000e4800000, 0x00000000e4800000| Untracked 
|  73|0x00000000e4900000, 0x00000000e4a00000, 0x00000000e4a00000|100%| O|  |TAMS 0x00000000e4900000, 0x00000000e4900000| Untracked 
|  74|0x00000000e4a00000, 0x00000000e4b00000, 0x00000000e4b00000|100%| O|  |TAMS 0x00000000e4a00000, 0x00000000e4a00000| Untracked 
|  75|0x00000000e4b00000, 0x00000000e4c00000, 0x00000000e4c00000|100%| O|  |TAMS 0x00000000e4b00000, 0x00000000e4b00000| Untracked 
|  76|0x00000000e4c00000, 0x00000000e4d00000, 0x00000000e4d00000|100%| O|  |TAMS 0x00000000e4c00000, 0x00000000e4c00000| Untracked 
|  77|0x00000000e4d00000, 0x00000000e4e00000, 0x00000000e4e00000|100%| O|  |TAMS 0x00000000e4d00000, 0x00000000e4d00000| Untracked 
|  78|0x00000000e4e00000, 0x00000000e4f00000, 0x00000000e4f00000|100%| O|  |TAMS 0x00000000e4e00000, 0x00000000e4e00000| Untracked 
|  79|0x00000000e4f00000, 0x00000000e5000000, 0x00000000e5000000|100%| O|  |TAMS 0x00000000e4f00000, 0x00000000e4f00000| Untracked 
|  80|0x00000000e5000000, 0x00000000e5045800, 0x00000000e5100000| 27%| O|  |TAMS 0x00000000e5000000, 0x00000000e5000000| Untracked 
|  81|0x00000000e5100000, 0x00000000e5100000, 0x00000000e5200000|  0%| F|  |TAMS 0x00000000e5100000, 0x00000000e5100000| Untracked 
|  82|0x00000000e5200000, 0x00000000e5200000, 0x00000000e5300000|  0%| F|  |TAMS 0x00000000e5200000, 0x00000000e5200000| Untracked 
|  83|0x00000000e5300000, 0x00000000e5300000, 0x00000000e5400000|  0%| F|  |TAMS 0x00000000e5300000, 0x00000000e5300000| Untracked 
|  84|0x00000000e5400000, 0x00000000e5400000, 0x00000000e5500000|  0%| F|  |TAMS 0x00000000e5400000, 0x00000000e5400000| Untracked 
|  85|0x00000000e5500000, 0x00000000e5500000, 0x00000000e5600000|  0%| F|  |TAMS 0x00000000e5500000, 0x00000000e5500000| Untracked 
|  86|0x00000000e5600000, 0x00000000e5600000, 0x00000000e5700000|  0%| F|  |TAMS 0x00000000e5600000, 0x00000000e5600000| Untracked 
|  87|0x00000000e5700000, 0x00000000e5700000, 0x00000000e5800000|  0%| F|  |TAMS 0x00000000e5700000, 0x00000000e5700000| Untracked 
|  88|0x00000000e5800000, 0x00000000e5800000, 0x00000000e5900000|  0%| F|  |TAMS 0x00000000e5800000, 0x00000000e5800000| Untracked 
|  89|0x00000000e5900000, 0x00000000e5900000, 0x00000000e5a00000|  0%| F|  |TAMS 0x00000000e5900000, 0x00000000e5900000| Untracked 
|  90|0x00000000e5a00000, 0x00000000e5a00000, 0x00000000e5b00000|  0%| F|  |TAMS 0x00000000e5a00000, 0x00000000e5a00000| Untracked 
|  91|0x00000000e5b00000, 0x00000000e5b00000, 0x00000000e5c00000|  0%| F|  |TAMS 0x00000000e5b00000, 0x00000000e5b00000| Untracked 
|  92|0x00000000e5c00000, 0x00000000e5c00000, 0x00000000e5d00000|  0%| F|  |TAMS 0x00000000e5c00000, 0x00000000e5c00000| Untracked 
|  93|0x00000000e5d00000, 0x00000000e5d00000, 0x00000000e5e00000|  0%| F|  |TAMS 0x00000000e5d00000, 0x00000000e5d00000| Untracked 
|  94|0x00000000e5e00000, 0x00000000e5e00000, 0x00000000e5f00000|  0%| F|  |TAMS 0x00000000e5e00000, 0x00000000e5e00000| Untracked 
|  95|0x00000000e5f00000, 0x00000000e5f00000, 0x00000000e6000000|  0%| F|  |TAMS 0x00000000e5f00000, 0x00000000e5f00000| Untracked 
|  96|0x00000000e6000000, 0x00000000e6000000, 0x00000000e6100000|  0%| F|  |TAMS 0x00000000e6000000, 0x00000000e6000000| Untracked 
|  97|0x00000000e6100000, 0x00000000e6100000, 0x00000000e6200000|  0%| F|  |TAMS 0x00000000e6100000, 0x00000000e6100000| Untracked 
|  98|0x00000000e6200000, 0x00000000e6200000, 0x00000000e6300000|  0%| F|  |TAMS 0x00000000e6200000, 0x00000000e6200000| Untracked 
|  99|0x00000000e6300000, 0x00000000e6300000, 0x00000000e6400000|  0%| F|  |TAMS 0x00000000e6300000, 0x00000000e6300000| Untracked 
| 100|0x00000000e6400000, 0x00000000e6400000, 0x00000000e6500000|  0%| F|  |TAMS 0x00000000e6400000, 0x00000000e6400000| Untracked 
| 101|0x00000000e6500000, 0x00000000e6500000, 0x00000000e6600000|  0%| F|  |TAMS 0x00000000e6500000, 0x00000000e6500000| Untracked 
| 102|0x00000000e6600000, 0x00000000e6600000, 0x00000000e6700000|  0%| F|  |TAMS 0x00000000e6600000, 0x00000000e6600000| Untracked 
| 103|0x00000000e6700000, 0x00000000e6700000, 0x00000000e6800000|  0%| F|  |TAMS 0x00000000e6700000, 0x00000000e6700000| Untracked 
| 104|0x00000000e6800000, 0x00000000e6800000, 0x00000000e6900000|  0%| F|  |TAMS 0x00000000e6800000, 0x00000000e6800000| Untracked 
| 105|0x00000000e6900000, 0x00000000e6900000, 0x00000000e6a00000|  0%| F|  |TAMS 0x00000000e6900000, 0x00000000e6900000| Untracked 
| 106|0x00000000e6a00000, 0x00000000e6a00000, 0x00000000e6b00000|  0%| F|  |TAMS 0x00000000e6a00000, 0x00000000e6a00000| Untracked 
| 107|0x00000000e6b00000, 0x00000000e6b00000, 0x00000000e6c00000|  0%| F|  |TAMS 0x00000000e6b00000, 0x00000000e6b00000| Untracked 
| 108|0x00000000e6c00000, 0x00000000e6c00000, 0x00000000e6d00000|  0%| F|  |TAMS 0x00000000e6c00000, 0x00000000e6c00000| Untracked 
| 109|0x00000000e6d00000, 0x00000000e6d00000, 0x00000000e6e00000|  0%| F|  |TAMS 0x00000000e6d00000, 0x00000000e6d00000| Untracked 
| 110|0x00000000e6e00000, 0x00000000e6e00000, 0x00000000e6f00000|  0%| F|  |TAMS 0x00000000e6e00000, 0x00000000e6e00000| Untracked 
| 111|0x00000000e6f00000, 0x00000000e6f00000, 0x00000000e7000000|  0%| F|  |TAMS 0x00000000e6f00000, 0x00000000e6f00000| Untracked 
| 112|0x00000000e7000000, 0x00000000e7000000, 0x00000000e7100000|  0%| F|  |TAMS 0x00000000e7000000, 0x00000000e7000000| Untracked 
| 113|0x00000000e7100000, 0x00000000e7100000, 0x00000000e7200000|  0%| F|  |TAMS 0x00000000e7100000, 0x00000000e7100000| Untracked 
| 114|0x00000000e7200000, 0x00000000e7200000, 0x00000000e7300000|  0%| F|  |TAMS 0x00000000e7200000, 0x00000000e7200000| Untracked 
| 115|0x00000000e7300000, 0x00000000e7300000, 0x00000000e7400000|  0%| F|  |TAMS 0x00000000e7300000, 0x00000000e7300000| Untracked 
| 116|0x00000000e7400000, 0x00000000e7400000, 0x00000000e7500000|  0%| F|  |TAMS 0x00000000e7400000, 0x00000000e7400000| Untracked 
| 117|0x00000000e7500000, 0x00000000e7500000, 0x00000000e7600000|  0%| F|  |TAMS 0x00000000e7500000, 0x00000000e7500000| Untracked 
| 118|0x00000000e7600000, 0x00000000e7600000, 0x00000000e7700000|  0%| F|  |TAMS 0x00000000e7600000, 0x00000000e7600000| Untracked 
| 119|0x00000000e7700000, 0x00000000e7700000, 0x00000000e7800000|  0%| F|  |TAMS 0x00000000e7700000, 0x00000000e7700000| Untracked 
| 120|0x00000000e7800000, 0x00000000e7800000, 0x00000000e7900000|  0%| F|  |TAMS 0x00000000e7800000, 0x00000000e7800000| Untracked 
| 121|0x00000000e7900000, 0x00000000e7900000, 0x00000000e7a00000|  0%| F|  |TAMS 0x00000000e7900000, 0x00000000e7900000| Untracked 
| 122|0x00000000e7a00000, 0x00000000e7a00000, 0x00000000e7b00000|  0%| F|  |TAMS 0x00000000e7a00000, 0x00000000e7a00000| Untracked 
| 123|0x00000000e7b00000, 0x00000000e7b00000, 0x00000000e7c00000|  0%| F|  |TAMS 0x00000000e7b00000, 0x00000000e7b00000| Untracked 
| 124|0x00000000e7c00000, 0x00000000e7c00000, 0x00000000e7d00000|  0%| F|  |TAMS 0x00000000e7c00000, 0x00000000e7c00000| Untracked 
| 125|0x00000000e7d00000, 0x00000000e7d00000, 0x00000000e7e00000|  0%| F|  |TAMS 0x00000000e7d00000, 0x00000000e7d00000| Untracked 
| 126|0x00000000e7e00000, 0x00000000e7e00000, 0x00000000e7f00000|  0%| F|  |TAMS 0x00000000e7e00000, 0x00000000e7e00000| Untracked 
| 127|0x00000000e7f00000, 0x00000000e7f00000, 0x00000000e8000000|  0%| F|  |TAMS 0x00000000e7f00000, 0x00000000e7f00000| Untracked 
| 128|0x00000000e8000000, 0x00000000e8000000, 0x00000000e8100000|  0%| F|  |TAMS 0x00000000e8000000, 0x00000000e8000000| Untracked 
| 129|0x00000000e8100000, 0x00000000e8100000, 0x00000000e8200000|  0%| F|  |TAMS 0x00000000e8100000, 0x00000000e8100000| Untracked 
| 130|0x00000000e8200000, 0x00000000e8200000, 0x00000000e8300000|  0%| F|  |TAMS 0x00000000e8200000, 0x00000000e8200000| Untracked 
| 131|0x00000000e8300000, 0x00000000e8300000, 0x00000000e8400000|  0%| F|  |TAMS 0x00000000e8300000, 0x00000000e8300000| Untracked 
| 132|0x00000000e8400000, 0x00000000e8400000, 0x00000000e8500000|  0%| F|  |TAMS 0x00000000e8400000, 0x00000000e8400000| Untracked 
| 133|0x00000000e8500000, 0x00000000e8500000, 0x00000000e8600000|  0%| F|  |TAMS 0x00000000e8500000, 0x00000000e8500000| Untracked 
| 134|0x00000000e8600000, 0x00000000e8600000, 0x00000000e8700000|  0%| F|  |TAMS 0x00000000e8600000, 0x00000000e8600000| Untracked 
| 135|0x00000000e8700000, 0x00000000e874e780, 0x00000000e8800000| 30%| S|CS|TAMS 0x00000000e8700000, 0x00000000e8700000| Complete 
| 136|0x00000000e8800000, 0x00000000e8900000, 0x00000000e8900000|100%| S|CS|TAMS 0x00000000e8800000, 0x00000000e8800000| Complete 
| 137|0x00000000e8900000, 0x00000000e8a00000, 0x00000000e8a00000|100%| S|CS|TAMS 0x00000000e8900000, 0x00000000e8900000| Complete 
| 138|0x00000000e8a00000, 0x00000000e8b00000, 0x00000000e8b00000|100%| S|CS|TAMS 0x00000000e8a00000, 0x00000000e8a00000| Complete 
| 139|0x00000000e8b00000, 0x00000000e8c00000, 0x00000000e8c00000|100%| S|CS|TAMS 0x00000000e8b00000, 0x00000000e8b00000| Complete 
| 140|0x00000000e8c00000, 0x00000000e8d00000, 0x00000000e8d00000|100%| S|CS|TAMS 0x00000000e8c00000, 0x00000000e8c00000| Complete 
| 141|0x00000000e8d00000, 0x00000000e8e00000, 0x00000000e8e00000|100%| S|CS|TAMS 0x00000000e8d00000, 0x00000000e8d00000| Complete 
| 142|0x00000000e8e00000, 0x00000000e8f00000, 0x00000000e8f00000|100%| S|CS|TAMS 0x00000000e8e00000, 0x00000000e8e00000| Complete 
| 143|0x00000000e8f00000, 0x00000000e8f00000, 0x00000000e9000000|  0%| F|  |TAMS 0x00000000e8f00000, 0x00000000e8f00000| Untracked 
| 144|0x00000000e9000000, 0x00000000e9000000, 0x00000000e9100000|  0%| F|  |TAMS 0x00000000e9000000, 0x00000000e9000000| Untracked 
| 145|0x00000000e9100000, 0x00000000e9100000, 0x00000000e9200000|  0%| F|  |TAMS 0x00000000e9100000, 0x00000000e9100000| Untracked 
| 146|0x00000000e9200000, 0x00000000e9200000, 0x00000000e9300000|  0%| F|  |TAMS 0x00000000e9200000, 0x00000000e9200000| Untracked 
| 147|0x00000000e9300000, 0x00000000e9300000, 0x00000000e9400000|  0%| F|  |TAMS 0x00000000e9300000, 0x00000000e9300000| Untracked 
| 148|0x00000000e9400000, 0x00000000e9400000, 0x00000000e9500000|  0%| F|  |TAMS 0x00000000e9400000, 0x00000000e9400000| Untracked 
| 149|0x00000000e9500000, 0x00000000e9500000, 0x00000000e9600000|  0%| F|  |TAMS 0x00000000e9500000, 0x00000000e9500000| Untracked 
| 150|0x00000000e9600000, 0x00000000e9600000, 0x00000000e9700000|  0%| F|  |TAMS 0x00000000e9600000, 0x00000000e9600000| Untracked 
| 151|0x00000000e9700000, 0x00000000e9700000, 0x00000000e9800000|  0%| F|  |TAMS 0x00000000e9700000, 0x00000000e9700000| Untracked 
| 152|0x00000000e9800000, 0x00000000e9800000, 0x00000000e9900000|  0%| F|  |TAMS 0x00000000e9800000, 0x00000000e9800000| Untracked 
| 153|0x00000000e9900000, 0x00000000e9900000, 0x00000000e9a00000|  0%| F|  |TAMS 0x00000000e9900000, 0x00000000e9900000| Untracked 
| 154|0x00000000e9a00000, 0x00000000e9a00000, 0x00000000e9b00000|  0%| F|  |TAMS 0x00000000e9a00000, 0x00000000e9a00000| Untracked 
| 155|0x00000000e9b00000, 0x00000000e9b00000, 0x00000000e9c00000|  0%| F|  |TAMS 0x00000000e9b00000, 0x00000000e9b00000| Untracked 
| 156|0x00000000e9c00000, 0x00000000e9c00000, 0x00000000e9d00000|  0%| F|  |TAMS 0x00000000e9c00000, 0x00000000e9c00000| Untracked 
| 157|0x00000000e9d00000, 0x00000000e9d00000, 0x00000000e9e00000|  0%| F|  |TAMS 0x00000000e9d00000, 0x00000000e9d00000| Untracked 
| 158|0x00000000e9e00000, 0x00000000e9e00000, 0x00000000e9f00000|  0%| F|  |TAMS 0x00000000e9e00000, 0x00000000e9e00000| Untracked 
| 159|0x00000000e9f00000, 0x00000000e9f00000, 0x00000000ea000000|  0%| F|  |TAMS 0x00000000e9f00000, 0x00000000e9f00000| Untracked 
| 160|0x00000000ea000000, 0x00000000ea000000, 0x00000000ea100000|  0%| F|  |TAMS 0x00000000ea000000, 0x00000000ea000000| Untracked 
| 161|0x00000000ea100000, 0x00000000ea100000, 0x00000000ea200000|  0%| F|  |TAMS 0x00000000ea100000, 0x00000000ea100000| Untracked 
| 162|0x00000000ea200000, 0x00000000ea200000, 0x00000000ea300000|  0%| F|  |TAMS 0x00000000ea200000, 0x00000000ea200000| Untracked 
| 163|0x00000000ea300000, 0x00000000ea300000, 0x00000000ea400000|  0%| F|  |TAMS 0x00000000ea300000, 0x00000000ea300000| Untracked 
| 164|0x00000000ea400000, 0x00000000ea400000, 0x00000000ea500000|  0%| F|  |TAMS 0x00000000ea400000, 0x00000000ea400000| Untracked 
| 165|0x00000000ea500000, 0x00000000ea500000, 0x00000000ea600000|  0%| F|  |TAMS 0x00000000ea500000, 0x00000000ea500000| Untracked 
| 166|0x00000000ea600000, 0x00000000ea600000, 0x00000000ea700000|  0%| F|  |TAMS 0x00000000ea600000, 0x00000000ea600000| Untracked 
| 167|0x00000000ea700000, 0x00000000ea700000, 0x00000000ea800000|  0%| F|  |TAMS 0x00000000ea700000, 0x00000000ea700000| Untracked 
| 168|0x00000000ea800000, 0x00000000ea800000, 0x00000000ea900000|  0%| F|  |TAMS 0x00000000ea800000, 0x00000000ea800000| Untracked 
| 169|0x00000000ea900000, 0x00000000ea900000, 0x00000000eaa00000|  0%| F|  |TAMS 0x00000000ea900000, 0x00000000ea900000| Untracked 
| 170|0x00000000eaa00000, 0x00000000eaa00000, 0x00000000eab00000|  0%| F|  |TAMS 0x00000000eaa00000, 0x00000000eaa00000| Untracked 
| 171|0x00000000eab00000, 0x00000000eab00000, 0x00000000eac00000|  0%| F|  |TAMS 0x00000000eab00000, 0x00000000eab00000| Untracked 
| 172|0x00000000eac00000, 0x00000000eac00000, 0x00000000ead00000|  0%| F|  |TAMS 0x00000000eac00000, 0x00000000eac00000| Untracked 
| 173|0x00000000ead00000, 0x00000000ead00000, 0x00000000eae00000|  0%| F|  |TAMS 0x00000000ead00000, 0x00000000ead00000| Untracked 
| 174|0x00000000eae00000, 0x00000000eae00000, 0x00000000eaf00000|  0%| F|  |TAMS 0x00000000eae00000, 0x00000000eae00000| Untracked 
| 175|0x00000000eaf00000, 0x00000000eaf00000, 0x00000000eb000000|  0%| F|  |TAMS 0x00000000eaf00000, 0x00000000eaf00000| Untracked 
| 176|0x00000000eb000000, 0x00000000eb000000, 0x00000000eb100000|  0%| F|  |TAMS 0x00000000eb000000, 0x00000000eb000000| Untracked 
| 177|0x00000000eb100000, 0x00000000eb100000, 0x00000000eb200000|  0%| F|  |TAMS 0x00000000eb100000, 0x00000000eb100000| Untracked 
| 178|0x00000000eb200000, 0x00000000eb200000, 0x00000000eb300000|  0%| F|  |TAMS 0x00000000eb200000, 0x00000000eb200000| Untracked 
| 179|0x00000000eb300000, 0x00000000eb300000, 0x00000000eb400000|  0%| F|  |TAMS 0x00000000eb300000, 0x00000000eb300000| Untracked 
| 180|0x00000000eb400000, 0x00000000eb400000, 0x00000000eb500000|  0%| F|  |TAMS 0x00000000eb400000, 0x00000000eb400000| Untracked 
| 181|0x00000000eb500000, 0x00000000eb500000, 0x00000000eb600000|  0%| F|  |TAMS 0x00000000eb500000, 0x00000000eb500000| Untracked 
| 182|0x00000000eb600000, 0x00000000eb600000, 0x00000000eb700000|  0%| F|  |TAMS 0x00000000eb600000, 0x00000000eb600000| Untracked 
| 183|0x00000000eb700000, 0x00000000eb700000, 0x00000000eb800000|  0%| F|  |TAMS 0x00000000eb700000, 0x00000000eb700000| Untracked 
| 184|0x00000000eb800000, 0x00000000eb800000, 0x00000000eb900000|  0%| F|  |TAMS 0x00000000eb800000, 0x00000000eb800000| Untracked 
| 185|0x00000000eb900000, 0x00000000eb900000, 0x00000000eba00000|  0%| F|  |TAMS 0x00000000eb900000, 0x00000000eb900000| Untracked 
| 186|0x00000000eba00000, 0x00000000eba00000, 0x00000000ebb00000|  0%| F|  |TAMS 0x00000000eba00000, 0x00000000eba00000| Untracked 
| 187|0x00000000ebb00000, 0x00000000ebb00000, 0x00000000ebc00000|  0%| F|  |TAMS 0x00000000ebb00000, 0x00000000ebb00000| Untracked 
| 188|0x00000000ebc00000, 0x00000000ebc00000, 0x00000000ebd00000|  0%| F|  |TAMS 0x00000000ebc00000, 0x00000000ebc00000| Untracked 
| 189|0x00000000ebd00000, 0x00000000ebd00000, 0x00000000ebe00000|  0%| F|  |TAMS 0x00000000ebd00000, 0x00000000ebd00000| Untracked 
| 190|0x00000000ebe00000, 0x00000000ebe00000, 0x00000000ebf00000|  0%| F|  |TAMS 0x00000000ebe00000, 0x00000000ebe00000| Untracked 
| 191|0x00000000ebf00000, 0x00000000ebf00000, 0x00000000ec000000|  0%| F|  |TAMS 0x00000000ebf00000, 0x00000000ebf00000| Untracked 
| 192|0x00000000ec000000, 0x00000000ec000000, 0x00000000ec100000|  0%| F|  |TAMS 0x00000000ec000000, 0x00000000ec000000| Untracked 
| 193|0x00000000ec100000, 0x00000000ec100000, 0x00000000ec200000|  0%| F|  |TAMS 0x00000000ec100000, 0x00000000ec100000| Untracked 
| 194|0x00000000ec200000, 0x00000000ec200000, 0x00000000ec300000|  0%| F|  |TAMS 0x00000000ec200000, 0x00000000ec200000| Untracked 
| 195|0x00000000ec300000, 0x00000000ec300000, 0x00000000ec400000|  0%| F|  |TAMS 0x00000000ec300000, 0x00000000ec300000| Untracked 
| 196|0x00000000ec400000, 0x00000000ec400000, 0x00000000ec500000|  0%| F|  |TAMS 0x00000000ec400000, 0x00000000ec400000| Untracked 
| 197|0x00000000ec500000, 0x00000000ec500000, 0x00000000ec600000|  0%| F|  |TAMS 0x00000000ec500000, 0x00000000ec500000| Untracked 
| 198|0x00000000ec600000, 0x00000000ec600000, 0x00000000ec700000|  0%| F|  |TAMS 0x00000000ec600000, 0x00000000ec600000| Untracked 
| 199|0x00000000ec700000, 0x00000000ec700000, 0x00000000ec800000|  0%| F|  |TAMS 0x00000000ec700000, 0x00000000ec700000| Untracked 
| 200|0x00000000ec800000, 0x00000000ec800000, 0x00000000ec900000|  0%| F|  |TAMS 0x00000000ec800000, 0x00000000ec800000| Untracked 
| 201|0x00000000ec900000, 0x00000000ec900000, 0x00000000eca00000|  0%| F|  |TAMS 0x00000000ec900000, 0x00000000ec900000| Untracked 
| 202|0x00000000eca00000, 0x00000000eca00000, 0x00000000ecb00000|  0%| F|  |TAMS 0x00000000eca00000, 0x00000000eca00000| Untracked 
| 203|0x00000000ecb00000, 0x00000000ecb00000, 0x00000000ecc00000|  0%| F|  |TAMS 0x00000000ecb00000, 0x00000000ecb00000| Untracked 
| 204|0x00000000ecc00000, 0x00000000ecc00000, 0x00000000ecd00000|  0%| F|  |TAMS 0x00000000ecc00000, 0x00000000ecc00000| Untracked 
| 205|0x00000000ecd00000, 0x00000000ecd00000, 0x00000000ece00000|  0%| F|  |TAMS 0x00000000ecd00000, 0x00000000ecd00000| Untracked 
| 206|0x00000000ece00000, 0x00000000ece00000, 0x00000000ecf00000|  0%| F|  |TAMS 0x00000000ece00000, 0x00000000ece00000| Untracked 
| 207|0x00000000ecf00000, 0x00000000ecf00000, 0x00000000ed000000|  0%| F|  |TAMS 0x00000000ecf00000, 0x00000000ecf00000| Untracked 
| 208|0x00000000ed000000, 0x00000000ed000000, 0x00000000ed100000|  0%| F|  |TAMS 0x00000000ed000000, 0x00000000ed000000| Untracked 
| 209|0x00000000ed100000, 0x00000000ed100000, 0x00000000ed200000|  0%| F|  |TAMS 0x00000000ed100000, 0x00000000ed100000| Untracked 
| 210|0x00000000ed200000, 0x00000000ed200000, 0x00000000ed300000|  0%| F|  |TAMS 0x00000000ed200000, 0x00000000ed200000| Untracked 
| 211|0x00000000ed300000, 0x00000000ed300000, 0x00000000ed400000|  0%| F|  |TAMS 0x00000000ed300000, 0x00000000ed300000| Untracked 
| 212|0x00000000ed400000, 0x00000000ed400000, 0x00000000ed500000|  0%| F|  |TAMS 0x00000000ed400000, 0x00000000ed400000| Untracked 
| 213|0x00000000ed500000, 0x00000000ed500000, 0x00000000ed600000|  0%| F|  |TAMS 0x00000000ed500000, 0x00000000ed500000| Untracked 
| 214|0x00000000ed600000, 0x00000000ed600000, 0x00000000ed700000|  0%| F|  |TAMS 0x00000000ed600000, 0x00000000ed600000| Untracked 
| 215|0x00000000ed700000, 0x00000000ed700000, 0x00000000ed800000|  0%| F|  |TAMS 0x00000000ed700000, 0x00000000ed700000| Untracked 
| 216|0x00000000ed800000, 0x00000000ed800000, 0x00000000ed900000|  0%| F|  |TAMS 0x00000000ed800000, 0x00000000ed800000| Untracked 
| 217|0x00000000ed900000, 0x00000000ed900000, 0x00000000eda00000|  0%| F|  |TAMS 0x00000000ed900000, 0x00000000ed900000| Untracked 
| 218|0x00000000eda00000, 0x00000000eda00000, 0x00000000edb00000|  0%| F|  |TAMS 0x00000000eda00000, 0x00000000eda00000| Untracked 
| 219|0x00000000edb00000, 0x00000000edb00000, 0x00000000edc00000|  0%| F|  |TAMS 0x00000000edb00000, 0x00000000edb00000| Untracked 
| 220|0x00000000edc00000, 0x00000000edc00000, 0x00000000edd00000|  0%| F|  |TAMS 0x00000000edc00000, 0x00000000edc00000| Untracked 
| 221|0x00000000edd00000, 0x00000000edd00000, 0x00000000ede00000|  0%| F|  |TAMS 0x00000000edd00000, 0x00000000edd00000| Untracked 
| 222|0x00000000ede00000, 0x00000000ede00000, 0x00000000edf00000|  0%| F|  |TAMS 0x00000000ede00000, 0x00000000ede00000| Untracked 
| 223|0x00000000edf00000, 0x00000000edf00000, 0x00000000ee000000|  0%| F|  |TAMS 0x00000000edf00000, 0x00000000edf00000| Untracked 
| 224|0x00000000ee000000, 0x00000000ee100000, 0x00000000ee100000|100%| E|  |TAMS 0x00000000ee000000, 0x00000000ee000000| Complete 
| 225|0x00000000ee100000, 0x00000000ee200000, 0x00000000ee200000|100%| E|CS|TAMS 0x00000000ee100000, 0x00000000ee100000| Complete 
| 226|0x00000000ee200000, 0x00000000ee300000, 0x00000000ee300000|100%| E|CS|TAMS 0x00000000ee200000, 0x00000000ee200000| Complete 
| 227|0x00000000ee300000, 0x00000000ee400000, 0x00000000ee400000|100%| E|CS|TAMS 0x00000000ee300000, 0x00000000ee300000| Complete 
| 228|0x00000000ee400000, 0x00000000ee500000, 0x00000000ee500000|100%| E|CS|TAMS 0x00000000ee400000, 0x00000000ee400000| Complete 
| 229|0x00000000ee500000, 0x00000000ee600000, 0x00000000ee600000|100%| E|CS|TAMS 0x00000000ee500000, 0x00000000ee500000| Complete 
| 230|0x00000000ee600000, 0x00000000ee700000, 0x00000000ee700000|100%| E|CS|TAMS 0x00000000ee600000, 0x00000000ee600000| Complete 
| 231|0x00000000ee700000, 0x00000000ee800000, 0x00000000ee800000|100%| E|CS|TAMS 0x00000000ee700000, 0x00000000ee700000| Complete 
| 232|0x00000000ee800000, 0x00000000ee900000, 0x00000000ee900000|100%| E|CS|TAMS 0x00000000ee800000, 0x00000000ee800000| Complete 
| 233|0x00000000ee900000, 0x00000000eea00000, 0x00000000eea00000|100%| E|CS|TAMS 0x00000000ee900000, 0x00000000ee900000| Complete 
| 234|0x00000000eea00000, 0x00000000eeb00000, 0x00000000eeb00000|100%| E|CS|TAMS 0x00000000eea00000, 0x00000000eea00000| Complete 
| 235|0x00000000eeb00000, 0x00000000eec00000, 0x00000000eec00000|100%| E|CS|TAMS 0x00000000eeb00000, 0x00000000eeb00000| Complete 
| 236|0x00000000eec00000, 0x00000000eed00000, 0x00000000eed00000|100%| E|CS|TAMS 0x00000000eec00000, 0x00000000eec00000| Complete 
| 237|0x00000000eed00000, 0x00000000eee00000, 0x00000000eee00000|100%| E|CS|TAMS 0x00000000eed00000, 0x00000000eed00000| Complete 
| 238|0x00000000eee00000, 0x00000000eef00000, 0x00000000eef00000|100%| E|CS|TAMS 0x00000000eee00000, 0x00000000eee00000| Complete 
| 239|0x00000000eef00000, 0x00000000ef000000, 0x00000000ef000000|100%| E|CS|TAMS 0x00000000eef00000, 0x00000000eef00000| Complete 
| 240|0x00000000ef000000, 0x00000000ef100000, 0x00000000ef100000|100%| E|CS|TAMS 0x00000000ef000000, 0x00000000ef000000| Complete 
| 241|0x00000000ef100000, 0x00000000ef200000, 0x00000000ef200000|100%| E|CS|TAMS 0x00000000ef100000, 0x00000000ef100000| Complete 
| 242|0x00000000ef200000, 0x00000000ef300000, 0x00000000ef300000|100%| E|CS|TAMS 0x00000000ef200000, 0x00000000ef200000| Complete 
| 243|0x00000000ef300000, 0x00000000ef400000, 0x00000000ef400000|100%| E|CS|TAMS 0x00000000ef300000, 0x00000000ef300000| Complete 
| 244|0x00000000ef400000, 0x00000000ef500000, 0x00000000ef500000|100%| E|CS|TAMS 0x00000000ef400000, 0x00000000ef400000| Complete 
| 245|0x00000000ef500000, 0x00000000ef600000, 0x00000000ef600000|100%| E|CS|TAMS 0x00000000ef500000, 0x00000000ef500000| Complete 
| 246|0x00000000ef600000, 0x00000000ef700000, 0x00000000ef700000|100%| E|CS|TAMS 0x00000000ef600000, 0x00000000ef600000| Complete 
| 247|0x00000000ef700000, 0x00000000ef800000, 0x00000000ef800000|100%| E|CS|TAMS 0x00000000ef700000, 0x00000000ef700000| Complete 
| 248|0x00000000ef800000, 0x00000000ef900000, 0x00000000ef900000|100%| E|CS|TAMS 0x00000000ef800000, 0x00000000ef800000| Complete 
| 249|0x00000000ef900000, 0x00000000efa00000, 0x00000000efa00000|100%| E|CS|TAMS 0x00000000ef900000, 0x00000000ef900000| Complete 
| 250|0x00000000efa00000, 0x00000000efb00000, 0x00000000efb00000|100%| E|CS|TAMS 0x00000000efa00000, 0x00000000efa00000| Complete 
| 251|0x00000000efb00000, 0x00000000efc00000, 0x00000000efc00000|100%| E|CS|TAMS 0x00000000efb00000, 0x00000000efb00000| Complete 
| 252|0x00000000efc00000, 0x00000000efd00000, 0x00000000efd00000|100%| E|CS|TAMS 0x00000000efc00000, 0x00000000efc00000| Complete 
| 253|0x00000000efd00000, 0x00000000efe00000, 0x00000000efe00000|100%| E|CS|TAMS 0x00000000efd00000, 0x00000000efd00000| Complete 
| 254|0x00000000efe00000, 0x00000000eff00000, 0x00000000eff00000|100%| E|CS|TAMS 0x00000000efe00000, 0x00000000efe00000| Complete 
| 255|0x00000000eff00000, 0x00000000f0000000, 0x00000000f0000000|100%| E|CS|TAMS 0x00000000eff00000, 0x00000000eff00000| Complete 

Card table byte_map: [0x0000020f30930000,0x0000020f30a30000] _byte_map_base: 0x0000020f30230000

Marking Bits (Prev, Next): (CMBitMap*) 0x0000020f19da6ee0, (CMBitMap*) 0x0000020f19da6f20
 Prev Bits: [0x0000020f30b30000, 0x0000020f31330000)
 Next Bits: [0x0000020f31330000, 0x0000020f31b30000)

Polling page: 0x0000020f19560000

Metaspace:

Usage:
  Non-class:     48.47 MB used.
      Class:      7.77 MB used.
       Both:     56.23 MB used.

Virtual space:
  Non-class space:       56.00 MB reserved,      48.81 MB ( 87%) committed,  7 nodes.
      Class space:      208.00 MB reserved,       8.06 MB (  4%) committed,  1 nodes.
              Both:      264.00 MB reserved,      56.88 MB ( 22%) committed. 

Chunk freelists:
   Non-Class:  2.83 MB
       Class:  3.94 MB
        Both:  6.77 MB

MaxMetaspaceSize: 256.00 MB
CompressedClassSpaceSize: 208.00 MB
 - commit_granule_bytes: 65536.
 - commit_granule_words: 8192.
 - virtual_space_node_default_size: 1048576.
 - enlarge_chunks_in_place: 1.
 - new_chunks_are_fully_committed: 0.
 - uncommit_free_chunks: 1.
 - use_allocation_guard: 0.
 - handle_deallocations: 1.


Internal statistics:

num_allocs_failed_limit: 6.
num_arena_births: 774.
num_arena_deaths: 0.
num_vsnodes_births: 8.
num_vsnodes_deaths: 0.
num_space_committed: 910.
num_space_uncommitted: 0.
num_chunks_returned_to_freelist: 6.
num_chunks_taken_from_freelist: 3118.
num_chunk_merges: 6.
num_chunk_splits: 2047.
num_chunks_enlarged: 1338.
num_purges: 0.

CodeHeap 'non-profiled nmethods': size=120000Kb used=3452Kb max_used=3452Kb free=116547Kb
 bounds [0x0000020f28fd0000, 0x0000020f29330000, 0x0000020f30500000]
CodeHeap 'profiled nmethods': size=120000Kb used=12103Kb max_used=12103Kb free=107896Kb
 bounds [0x0000020f21aa0000, 0x0000020f22680000, 0x0000020f28fd0000]
CodeHeap 'non-nmethods': size=5760Kb used=2378Kb max_used=2426Kb free=3381Kb
 bounds [0x0000020f21500000, 0x0000020f21780000, 0x0000020f21aa0000]
 total_blobs=6924 nmethods=6032 adapters=803
 compilation: enabled
              stopped_count=0, restarted_count=0
 full_count=0

Compilation events (20 events):
Event: 10.683 Thread 0x0000020f3459d890 6700       3       org.gradle.internal.snapshot.impl.DirectorySnapshotterStatistics$CollectingFileVisitor::visitFile (10 bytes)
Event: 10.684 Thread 0x0000020f3459d890 nmethod 6700 0x0000020f22637a10 code [0x0000020f22637be0, 0x0000020f22638018]
Event: 10.690 Thread 0x0000020f3459d890 6701       3       org.gradle.api.internal.changedetection.state.CachingFileHasher::hash (12 bytes)
Event: 10.690 Thread 0x0000020f3459d890 nmethod 6701 0x0000020f22638190 code [0x0000020f22638340, 0x0000020f226384a8]
Event: 10.690 Thread 0x0000020f3459d890 6702       3       org.gradle.api.internal.changedetection.state.CachingFileHasher::snapshot (122 bytes)
Event: 10.691 Thread 0x0000020f3459d890 nmethod 6702 0x0000020f22638590 code [0x0000020f22638820, 0x0000020f22639518]
Event: 10.691 Thread 0x0000020f3459d890 6703   !   3       org.gradle.api.internal.changedetection.state.GradleUserHomeScopeFileTimeStampInspector::timestampCanBeUsedToDetectFileChange (94 bytes)
Event: 10.692 Thread 0x0000020f3459d890 nmethod 6703 0x0000020f22639a90 code [0x0000020f22639ca0, 0x0000020f2263a508]
Event: 10.692 Thread 0x0000020f3459d890 6704       3       org.gradle.api.internal.changedetection.state.GradleUserHomeScopeFileTimeStampInspector::isReliableTimestampPrecision (20 bytes)
Event: 10.692 Thread 0x0000020f3459d890 nmethod 6704 0x0000020f2263a810 code [0x0000020f2263a9c0, 0x0000020f2263ac58]
Event: 10.692 Thread 0x0000020f3459d890 6705       3       org.gradle.api.internal.changedetection.state.FileTimeStampInspector::timestampCanBeUsedToDetectFileChange (15 bytes)
Event: 10.693 Thread 0x0000020f3459d890 nmethod 6705 0x0000020f2263ad10 code [0x0000020f2263aea0, 0x0000020f2263b018]
Event: 10.693 Thread 0x0000020f3459d890 6706       3       org.gradle.internal.serialize.InterningStringSerializer::write (10 bytes)
Event: 10.693 Thread 0x0000020f3459d890 nmethod 6706 0x0000020f2263b090 code [0x0000020f2263b240, 0x0000020f2263b588]
Event: 10.693 Thread 0x0000020f3459d890 6707       3       org.gradle.internal.serialize.InterningStringSerializer::write (8 bytes)
Event: 10.693 Thread 0x0000020f3459d890 nmethod 6707 0x0000020f2263b690 code [0x0000020f2263b840, 0x0000020f2263ba28]
Event: 10.693 Thread 0x0000020f3459d890 6708       3       org.gradle.api.internal.changedetection.state.CachingFileHasher$FileInfoSerializer::read (6 bytes)
Event: 10.693 Thread 0x0000020f3459d890 nmethod 6708 0x0000020f2263bb10 code [0x0000020f2263bcc0, 0x0000020f2263be08]
Event: 10.693 Thread 0x0000020f3459d890 6709       3       org.gradle.api.internal.changedetection.state.CachingFileHasher$FileInfoSerializer::read (36 bytes)
Event: 10.694 Thread 0x0000020f3459d890 nmethod 6709 0x0000020f2263be90 code [0x0000020f2263c0a0, 0x0000020f2263c7c8]

GC Heap History (12 events):
Event: 0.828 GC heap before
{Heap before GC invocations=0 (full 0):
 garbage-first heap   total 262144K, used 28672K [0x00000000e0000000, 0x0000000100000000)
  region size 1024K, 23 young (23552K), 0 survivors (0K)
 Metaspace       used 3203K, committed 3328K, reserved 221184K
  class space    used 391K, committed 448K, reserved 212992K
}
Event: 0.832 GC heap after
{Heap after GC invocations=1 (full 0):
 garbage-first heap   total 262144K, used 9683K [0x00000000e0000000, 0x0000000100000000)
  region size 1024K, 3 young (3072K), 3 survivors (3072K)
 Metaspace       used 3203K, committed 3328K, reserved 221184K
  class space    used 391K, committed 448K, reserved 212992K
}
Event: 1.284 GC heap before
{Heap before GC invocations=1 (full 0):
 garbage-first heap   total 262144K, used 35283K [0x00000000e0000000, 0x0000000100000000)
  region size 1024K, 28 young (28672K), 3 survivors (3072K)
 Metaspace       used 4109K, committed 4224K, reserved 221184K
  class space    used 485K, committed 576K, reserved 212992K
}
Event: 1.287 GC heap after
{Heap after GC invocations=2 (full 0):
 garbage-first heap   total 262144K, used 10215K [0x00000000e0000000, 0x0000000100000000)
  region size 1024K, 1 young (1024K), 1 survivors (1024K)
 Metaspace       used 4109K, committed 4224K, reserved 221184K
  class space    used 485K, committed 576K, reserved 212992K
}
Event: 3.997 GC heap before
{Heap before GC invocations=2 (full 0):
 garbage-first heap   total 262144K, used 153575K [0x00000000e0000000, 0x0000000100000000)
  region size 1024K, 115 young (117760K), 1 survivors (1024K)
 Metaspace       used 20919K, committed 21248K, reserved 237568K
  class space    used 3080K, committed 3264K, reserved 212992K
}
Event: 4.007 GC heap after
{Heap after GC invocations=3 (full 0):
 garbage-first heap   total 262144K, used 51995K [0x00000000e0000000, 0x0000000100000000)
  region size 1024K, 15 young (15360K), 15 survivors (15360K)
 Metaspace       used 20919K, committed 21248K, reserved 237568K
  class space    used 3080K, committed 3264K, reserved 212992K
}
Event: 6.246 GC heap before
{Heap before GC invocations=4 (full 0):
 garbage-first heap   total 262144K, used 157467K [0x00000000e0000000, 0x0000000100000000)
  region size 1024K, 117 young (119808K), 15 survivors (15360K)
 Metaspace       used 35171K, committed 35520K, reserved 245760K
  class space    used 4838K, committed 4992K, reserved 212992K
}
Event: 6.261 GC heap after
{Heap after GC invocations=5 (full 0):
 garbage-first heap   total 262144K, used 59234K [0x00000000e0000000, 0x0000000100000000)
  region size 1024K, 9 young (9216K), 9 survivors (9216K)
 Metaspace       used 35171K, committed 35520K, reserved 245760K
  class space    used 4838K, committed 4992K, reserved 212992K
}
Event: 8.737 GC heap before
{Heap before GC invocations=6 (full 0):
 garbage-first heap   total 262144K, used 199522K [0x00000000e0000000, 0x0000000100000000)
  region size 1024K, 135 young (138240K), 9 survivors (9216K)
 Metaspace       used 44944K, committed 45568K, reserved 253952K
  class space    used 6178K, committed 6464K, reserved 212992K
}
Event: 8.750 GC heap after
{Heap after GC invocations=7 (full 0):
 garbage-first heap   total 262144K, used 81920K [0x00000000e0000000, 0x0000000100000000)
  region size 1024K, 17 young (17408K), 17 survivors (17408K)
 Metaspace       used 44944K, committed 45568K, reserved 253952K
  class space    used 6178K, committed 6464K, reserved 212992K
}
Event: 10.285 GC heap before
{Heap before GC invocations=7 (full 0):
 garbage-first heap   total 262144K, used 197632K [0x00000000e0000000, 0x0000000100000000)
  region size 1024K, 130 young (133120K), 17 survivors (17408K)
 Metaspace       used 56138K, committed 56768K, reserved 262144K
  class space    used 7757K, committed 8064K, reserved 212992K
}
Event: 10.301 GC heap after
{Heap after GC invocations=8 (full 0):
 garbage-first heap   total 262144K, used 89679K [0x00000000e0000000, 0x0000000100000000)
  region size 1024K, 8 young (8192K), 8 survivors (8192K)
 Metaspace       used 56138K, committed 56768K, reserved 262144K
  class space    used 7757K, committed 8064K, reserved 212992K
}

Deoptimization events (20 events):
Event: 10.515 Thread 0x0000020f35b71810 Uncommon trap: trap_request=0xffffffde fr.pc=0x0000020f291ae8cc relative=0x00000000000027cc
Event: 10.515 Thread 0x0000020f35b71810 Uncommon trap: reason=class_check action=maybe_recompile pc=0x0000020f291ae8cc method=jdk.internal.loader.URLClassPath.getLoader(I)Ljdk/internal/loader/URLClassPath$Loader; @ 190 c2
Event: 10.515 Thread 0x0000020f35b71810 DEOPT PACKING pc=0x0000020f291ae8cc sp=0x000000f6fe0f7770
Event: 10.515 Thread 0x0000020f35b71810 DEOPT UNPACKING pc=0x0000020f2154d72e sp=0x000000f6fe0f7760 mode 2
Event: 10.515 Thread 0x0000020f35b71810 Uncommon trap: trap_request=0xffffffde fr.pc=0x0000020f292dc2a8 relative=0x0000000000004fc8
Event: 10.515 Thread 0x0000020f35b71810 Uncommon trap: reason=class_check action=maybe_recompile pc=0x0000020f292dc2a8 method=jdk.internal.loader.URLClassPath.getResource(Ljava/lang/String;Z)Ljdk/internal/loader/Resource; @ 53 c2
Event: 10.515 Thread 0x0000020f35b71810 DEOPT PACKING pc=0x0000020f292dc2a8 sp=0x000000f6fe0f7830
Event: 10.515 Thread 0x0000020f35b71810 DEOPT UNPACKING pc=0x0000020f2154d72e sp=0x000000f6fe0f7640 mode 2
Event: 10.566 Thread 0x0000020f35b71810 Uncommon trap: trap_request=0xffffffc6 fr.pc=0x0000020f2900ea00 relative=0x00000000000000e0
Event: 10.566 Thread 0x0000020f35b71810 Uncommon trap: reason=bimorphic_or_optimized_type_check action=maybe_recompile pc=0x0000020f2900ea00 method=com.google.common.collect.AbstractIndexedListIterator.next()Ljava/lang/Object; @ 27 c2
Event: 10.566 Thread 0x0000020f35b71810 DEOPT PACKING pc=0x0000020f2900ea00 sp=0x000000f6fe0f8c70
Event: 10.566 Thread 0x0000020f35b71810 DEOPT UNPACKING pc=0x0000020f2154d72e sp=0x000000f6fe0f8c08 mode 2
Event: 10.566 Thread 0x0000020f35b71810 Uncommon trap: trap_request=0xffffffc6 fr.pc=0x0000020f2900ea00 relative=0x00000000000000e0
Event: 10.566 Thread 0x0000020f35b71810 Uncommon trap: reason=bimorphic_or_optimized_type_check action=maybe_recompile pc=0x0000020f2900ea00 method=com.google.common.collect.AbstractIndexedListIterator.next()Ljava/lang/Object; @ 27 c2
Event: 10.566 Thread 0x0000020f35b71810 DEOPT PACKING pc=0x0000020f2900ea00 sp=0x000000f6fe0f8c70
Event: 10.566 Thread 0x0000020f35b71810 DEOPT UNPACKING pc=0x0000020f2154d72e sp=0x000000f6fe0f8c08 mode 2
Event: 10.623 Thread 0x0000020f3698aaf0 Uncommon trap: trap_request=0xffffffde fr.pc=0x0000020f29210080 relative=0x0000000000000900
Event: 10.623 Thread 0x0000020f3698aaf0 Uncommon trap: reason=class_check action=maybe_recompile pc=0x0000020f29210080 method=java.io.BufferedInputStream.read1([BII)I @ 39 c2
Event: 10.623 Thread 0x0000020f3698aaf0 DEOPT PACKING pc=0x0000020f29210080 sp=0x000000f6ffcfe400
Event: 10.623 Thread 0x0000020f3698aaf0 DEOPT UNPACKING pc=0x0000020f2154d72e sp=0x000000f6ffcfe318 mode 2

Classes unloaded (0 events):
No events

Classes redefined (0 events):
No events

Internal exceptions (20 events):
Event: 10.365 Thread 0x0000020f35b71810 Exception <a 'java/lang/ClassNotFoundException'{0x00000000ef8ec998}: org/gradle/api/internal/file/copy/DefaultCopySpec_DecoratedCustomizer> (0x00000000ef8ec998) 
thrown [t:\workspace\open\src\hotspot\share\classfile\systemDictionary.cpp, line 256]
Event: 10.376 Thread 0x0000020f35b71810 Exception <a 'java/lang/ClassNotFoundException'{0x00000000ef7d3010}: org/gradle/api/internal/file/copy/CopySpecWrapper_DecoratedBeanInfo> (0x00000000ef7d3010) 
thrown [t:\workspace\open\src\hotspot\share\classfile\systemDictionary.cpp, line 256]
Event: 10.376 Thread 0x0000020f35b71810 Exception <a 'java/lang/ClassNotFoundException'{0x00000000ef7f0cd0}: org/gradle/api/internal/file/copy/CopySpecWrapperBeanInfo> (0x00000000ef7f0cd0) 
thrown [t:\workspace\open\src\hotspot\share\classfile\systemDictionary.cpp, line 256]
Event: 10.377 Thread 0x0000020f35b71810 Exception <a 'java/lang/ClassNotFoundException'{0x00000000ef60ee78}: org/gradle/api/internal/file/copy/CopySpecWrapperCustomizer> (0x00000000ef60ee78) 
thrown [t:\workspace\open\src\hotspot\share\classfile\systemDictionary.cpp, line 256]
Event: 10.379 Thread 0x0000020f35b71810 Exception <a 'java/lang/ClassNotFoundException'{0x00000000ef672418}: org/gradle/api/internal/file/copy/CopySpecWrapper_DecoratedCustomizer> (0x00000000ef672418) 
thrown [t:\workspace\open\src\hotspot\share\classfile\systemDictionary.cpp, line 256]
Event: 10.390 Thread 0x0000020f35b71810 Exception <a 'java/lang/ClassNotFoundException'{0x00000000ef54deb8}: org/gradle/api/internal/tasks/DefaultTaskContainer$TaskCreatingProvider_DecoratedBeanInfo> (0x00000000ef54deb8) 
thrown [t:\workspace\open\src\hotspot\share\classfile\systemDictionary.cpp, line 256]
Event: 10.391 Thread 0x0000020f35b71810 Exception <a 'java/lang/ClassNotFoundException'{0x00000000ef569b80}: org/gradle/api/internal/tasks/DefaultTaskContainer$TaskCreatingProviderBeanInfo> (0x00000000ef569b80) 
thrown [t:\workspace\open\src\hotspot\share\classfile\systemDictionary.cpp, line 256]
Event: 10.392 Thread 0x0000020f35b71810 Exception <a 'java/lang/ClassNotFoundException'{0x00000000ef585d98}: org/gradle/api/internal/DefaultNamedDomainObjectCollection$AbstractDomainObjectCreatingProviderBeanInfo> (0x00000000ef585d98) 
thrown [t:\workspace\open\src\hotspot\share\classfile\systemDictionary.cpp, line 256]
Event: 10.392 Thread 0x0000020f35b71810 Exception <a 'java/lang/ClassNotFoundException'{0x00000000ef5a1ee8}: org/gradle/api/internal/DefaultNamedDomainObjectCollection$AbstractNamedDomainObjectProviderBeanInfo> (0x00000000ef5a1ee8) 
thrown [t:\workspace\open\src\hotspot\share\classfile\systemDictionary.cpp, line 256]
Event: 10.393 Thread 0x0000020f35b71810 Exception <a 'java/lang/ClassNotFoundException'{0x00000000ef5bdb38}: org/gradle/api/internal/provider/AbstractMinimalProviderBeanInfo> (0x00000000ef5bdb38) 
thrown [t:\workspace\open\src\hotspot\share\classfile\systemDictionary.cpp, line 256]
Event: 10.394 Thread 0x0000020f35b71810 Exception <a 'java/lang/ClassNotFoundException'{0x00000000ef5d9788}: org/gradle/api/internal/provider/AbstractMinimalProviderCustomizer> (0x00000000ef5d9788) 
thrown [t:\workspace\open\src\hotspot\share\classfile\systemDictionary.cpp, line 256]
Event: 10.395 Thread 0x0000020f35b71810 Exception <a 'java/lang/ClassNotFoundException'{0x00000000ef40d080}: org/gradle/api/internal/DefaultNamedDomainObjectCollection$AbstractNamedDomainObjectProviderCustomizer> (0x00000000ef40d080) 
thrown [t:\workspace\open\src\hotspot\share\classfile\systemDictionary.cpp, line 256]
Event: 10.397 Thread 0x0000020f35b71810 Exception <a 'java/lang/ClassNotFoundException'{0x00000000ef43f4e8}: org/gradle/api/internal/DefaultNamedDomainObjectCollection$AbstractDomainObjectCreatingProviderCustomizer> (0x00000000ef43f4e8) 
thrown [t:\workspace\open\src\hotspot\share\classfile\systemDictionary.cpp, line 256]
Event: 10.398 Thread 0x0000020f35b71810 Exception <a 'java/lang/ClassNotFoundException'{0x00000000ef465ac8}: org/gradle/api/internal/tasks/DefaultTaskContainer$TaskCreatingProviderCustomizer> (0x00000000ef465ac8) 
thrown [t:\workspace\open\src\hotspot\share\classfile\systemDictionary.cpp, line 256]
Event: 10.400 Thread 0x0000020f35b71810 Exception <a 'java/lang/ClassNotFoundException'{0x00000000ef488368}: org/gradle/api/internal/tasks/DefaultTaskContainer$TaskCreatingProvider_DecoratedCustomizer> (0x00000000ef488368) 
thrown [t:\workspace\open\src\hotspot\share\classfile\systemDictionary.cpp, line 256]
Event: 10.478 Thread 0x0000020f35b71810 Exception <a 'java/lang/NoSuchMethodError'{0x00000000eefa09b0}: 'void java.lang.invoke.DirectMethodHandle$Holder.invokeStatic(java.lang.Object, java.lang.Object, java.lang.Object, java.lang.Object, java.lang.Object, java.lang.Object, java.lang.Object)'> (0x00000000eefa09b0) 
thrown [t:\workspace\open\src\hotspot\share\interpreter\linkResolver.cpp, line 790]
Event: 10.510 Thread 0x0000020f35b71810 Exception <a 'java/lang/ClassNotFoundException'{0x00000000eed74368}: org/gradle/api/plugins/internal/DefaultApplicationPluginConventionBeanInfo> (0x00000000eed74368) 
thrown [t:\workspace\open\src\hotspot\share\classfile\systemDictionary.cpp, line 256]
Event: 10.511 Thread 0x0000020f35b71810 Exception <a 'java/lang/ClassNotFoundException'{0x00000000eed89b58}: org/gradle/api/plugins/ApplicationPluginConventionBeanInfo> (0x00000000eed89b58) 
thrown [t:\workspace\open\src\hotspot\share\classfile\systemDictionary.cpp, line 256]
Event: 10.513 Thread 0x0000020f35b71810 Exception <a 'java/lang/ClassNotFoundException'{0x00000000eed9e8f8}: org/gradle/api/plugins/ApplicationPluginConventionCustomizer> (0x00000000eed9e8f8) 
thrown [t:\workspace\open\src\hotspot\share\classfile\systemDictionary.cpp, line 256]
Event: 10.515 Thread 0x0000020f35b71810 Exception <a 'java/lang/ClassNotFoundException'{0x00000000eedc14b8}: org/gradle/api/plugins/internal/DefaultApplicationPluginConventionCustomizer> (0x00000000eedc14b8) 
thrown [t:\workspace\open\src\hotspot\share\classfile\systemDictionary.cpp, line 256]

Events (20 events):
Event: 10.333 loading class java/util/LinkedHashMapCustomizer done
Event: 10.363 loading class java/io/FilterReader
Event: 10.363 loading class java/io/FilterReader done
Event: 10.489 Thread 0x0000020f39deb890 Thread added: 0x0000020f39deb890
Event: 10.508 loading class jdk/internal/loader/URLClassPath$FileLoader
Event: 10.508 loading class jdk/internal/loader/URLClassPath$FileLoader done
Event: 10.639 Executing  VM operation: ICBufferFull
Event: 10.639 Executing  VM operation: ICBufferFull done
Event: 10.650 Executing  VM operation: ICBufferFull
Event: 10.650 Executing  VM operation: ICBufferFull done
Event: 10.658 Executing  VM operation: ICBufferFull
Event: 10.658 Executing  VM operation: ICBufferFull done
Event: 10.666 Executing  VM operation: ICBufferFull
Event: 10.666 Executing  VM operation: ICBufferFull done
Event: 10.676 Executing  VM operation: ICBufferFull
Event: 10.677 Executing  VM operation: ICBufferFull done
Event: 10.684 Executing  VM operation: ICBufferFull
Event: 10.684 Executing  VM operation: ICBufferFull done
Event: 10.690 Executing  VM operation: ICBufferFull
Event: 10.690 Executing  VM operation: ICBufferFull done


Dynamic libraries:
0x00007ff67f0d0000 - 0x00007ff67f0e0000 	C:\Program Files\Java\jdk-16.0.1\bin\java.exe
0x00007fff6ccf0000 - 0x00007fff6cee8000 	C:\WINDOWS\SYSTEM32\ntdll.dll
0x00007fff6ad50000 - 0x00007fff6ae0f000 	C:\WINDOWS\System32\KERNEL32.DLL
0x00007fff6a6e0000 - 0x00007fff6a9b2000 	C:\WINDOWS\System32\KERNELBASE.dll
0x00007fff6abd0000 - 0x00007fff6acd0000 	C:\WINDOWS\System32\ucrtbase.dll
0x00007fff440f0000 - 0x00007fff44108000 	C:\Program Files\Java\jdk-16.0.1\bin\jli.dll
0x00007fff4f170000 - 0x00007fff4f189000 	C:\Program Files\Java\jdk-16.0.1\bin\VCRUNTIME140.dll
0x00007fff6af40000 - 0x00007fff6afee000 	C:\WINDOWS\System32\ADVAPI32.dll
0x00007fff6c560000 - 0x00007fff6c5fe000 	C:\WINDOWS\System32\msvcrt.dll
0x00007fff6c6d0000 - 0x00007fff6c76c000 	C:\WINDOWS\System32\sechost.dll
0x00007fff6b850000 - 0x00007fff6b974000 	C:\WINDOWS\System32\RPCRT4.dll
0x00007fff6c780000 - 0x00007fff6c921000 	C:\WINDOWS\System32\USER32.dll
0x00007fff6a9c0000 - 0x00007fff6a9e2000 	C:\WINDOWS\System32\win32u.dll
0x00007fff4d9b0000 - 0x00007fff4dc4a000 	C:\WINDOWS\WinSxS\amd64_microsoft.windows.common-controls_6595b64144ccf1df_6.0.19041.1110_none_60b5254171f9507e\COMCTL32.dll
0x00007fff6bfb0000 - 0x00007fff6bfdb000 	C:\WINDOWS\System32\GDI32.dll
0x00007fff6a540000 - 0x00007fff6a64f000 	C:\WINDOWS\System32\gdi32full.dll
0x00007fff6a4a0000 - 0x00007fff6a53d000 	C:\WINDOWS\System32\msvcp_win.dll
0x00007fff62140000 - 0x00007fff6214a000 	C:\WINDOWS\SYSTEM32\VERSION.dll
0x00007fff6cc80000 - 0x00007fff6ccb0000 	C:\WINDOWS\System32\IMM32.DLL
0x00007fff534d0000 - 0x00007fff534dc000 	C:\Program Files\Java\jdk-16.0.1\bin\vcruntime140_1.dll
0x00007fff335d0000 - 0x00007fff33661000 	C:\Program Files\Java\jdk-16.0.1\bin\msvcp140.dll
0x00007fff2b7b0000 - 0x00007fff2c35b000 	C:\Program Files\Java\jdk-16.0.1\bin\server\jvm.dll
0x00007fff6ad40000 - 0x00007fff6ad48000 	C:\WINDOWS\System32\PSAPI.DLL
0x00007fff61e50000 - 0x00007fff61e77000 	C:\WINDOWS\SYSTEM32\WINMM.dll
0x00007fff48170000 - 0x00007fff48179000 	C:\WINDOWS\SYSTEM32\WSOCK32.dll
0x00007fff6c470000 - 0x00007fff6c4db000 	C:\WINDOWS\System32\WS2_32.dll
0x00007fff68c30000 - 0x00007fff68c42000 	C:\WINDOWS\SYSTEM32\kernel.appcore.dll
0x00007fff51ec0000 - 0x00007fff51eca000 	C:\Program Files\Java\jdk-16.0.1\bin\jimage.dll
0x00007fff689e0000 - 0x00007fff68bc4000 	C:\WINDOWS\SYSTEM32\DBGHELP.DLL
0x00007fff66c70000 - 0x00007fff66ca5000 	C:\WINDOWS\SYSTEM32\dbgcore.DLL
0x00007fff6a650000 - 0x00007fff6a6d2000 	C:\WINDOWS\System32\bcryptPrimitives.dll
0x00007fff40f70000 - 0x00007fff40f95000 	C:\Program Files\Java\jdk-16.0.1\bin\java.dll
0x00007fff6b100000 - 0x00007fff6b845000 	C:\WINDOWS\System32\SHELL32.dll
0x00007fff68170000 - 0x00007fff68902000 	C:\WINDOWS\SYSTEM32\windows.storage.dll
0x00007fff6c110000 - 0x00007fff6c465000 	C:\WINDOWS\System32\combase.dll
0x00007fff69d00000 - 0x00007fff69d30000 	C:\WINDOWS\SYSTEM32\Wldp.dll
0x00007fff6ae10000 - 0x00007fff6aebd000 	C:\WINDOWS\System32\SHCORE.dll
0x00007fff6cb40000 - 0x00007fff6cb95000 	C:\WINDOWS\System32\shlwapi.dll
0x00007fff6a330000 - 0x00007fff6a34f000 	C:\WINDOWS\SYSTEM32\profapi.dll
0x00007fff42300000 - 0x00007fff42319000 	C:\Program Files\Java\jdk-16.0.1\bin\net.dll
0x00007fff60890000 - 0x00007fff6099a000 	C:\WINDOWS\SYSTEM32\WINHTTP.dll
0x00007fff69ae0000 - 0x00007fff69b4a000 	C:\WINDOWS\system32\mswsock.dll
0x00007fff40070000 - 0x00007fff40083000 	C:\Program Files\Java\jdk-16.0.1\bin\nio.dll
0x00007fff40050000 - 0x00007fff40068000 	C:\Program Files\Java\jdk-16.0.1\bin\zip.dll
0x00007fff4e050000 - 0x00007fff4e060000 	C:\Program Files\Java\jdk-16.0.1\bin\verify.dll
0x00007fff3e170000 - 0x00007fff3e197000 	C:\Users\Florian\.gradle\native\e1d6ef7f7dcc3fd88c89a11ec53ec762bb8ba0a96d01ffa2cd45eb1d1d8dd5c5\windows-amd64\native-platform.dll
0x00007fff0bb90000 - 0x00007fff0bcd4000 	C:\Users\Florian\.gradle\native\0d407fdbe67a94daf76414ababcb853783967236a71b16ec16e742cd7a986fd3\windows-amd64\native-platform-file-events.dll
0x00007fff4dd10000 - 0x00007fff4dd19000 	C:\Program Files\Java\jdk-16.0.1\bin\management.dll
0x00007fff4d440000 - 0x00007fff4d44b000 	C:\Program Files\Java\jdk-16.0.1\bin\management_ext.dll
0x00007fff69d40000 - 0x00007fff69d58000 	C:\WINDOWS\SYSTEM32\CRYPTSP.dll
0x00007fff69420000 - 0x00007fff69454000 	C:\WINDOWS\system32\rsaenh.dll
0x00007fff6a9f0000 - 0x00007fff6aa17000 	C:\WINDOWS\System32\bcrypt.dll
0x00007fff6a2f0000 - 0x00007fff6a31e000 	C:\WINDOWS\SYSTEM32\USERENV.dll
0x00007fff69c70000 - 0x00007fff69c7c000 	C:\WINDOWS\SYSTEM32\CRYPTBASE.dll
0x00007fff697f0000 - 0x00007fff6982b000 	C:\WINDOWS\SYSTEM32\IPHLPAPI.DLL
0x00007fff6bfa0000 - 0x00007fff6bfa8000 	C:\WINDOWS\System32\NSI.dll
0x00007fff60eb0000 - 0x00007fff60ec7000 	C:\WINDOWS\SYSTEM32\dhcpcsvc6.DLL
0x00007fff60e90000 - 0x00007fff60ead000 	C:\WINDOWS\SYSTEM32\dhcpcsvc.DLL
0x00007fff69830000 - 0x00007fff698fb000 	C:\WINDOWS\SYSTEM32\DNSAPI.dll
0x00007fff584f0000 - 0x00007fff584fe000 	C:\Program Files\Java\jdk-16.0.1\bin\sunmscapi.dll
0x00007fff6aa20000 - 0x00007fff6ab76000 	C:\WINDOWS\System32\CRYPT32.dll
0x00007fff69e50000 - 0x00007fff69e77000 	C:\WINDOWS\SYSTEM32\ncrypt.dll
0x00007fff69e10000 - 0x00007fff69e4b000 	C:\WINDOWS\SYSTEM32\NTASN1.dll
0x00007fff58570000 - 0x00007fff58577000 	C:\WINDOWS\system32\wshunix.dll

dbghelp: loaded successfully - version: 4.0.5 - missing functions: none
symbol engine: initialized successfully - sym options: 0x614 - pdb path: .;C:\Program Files\Java\jdk-16.0.1\bin;C:\WINDOWS\SYSTEM32;C:\WINDOWS\WinSxS\amd64_microsoft.windows.common-controls_6595b64144ccf1df_6.0.19041.1110_none_60b5254171f9507e;C:\Program Files\Java\jdk-16.0.1\bin\server;C:\Users\Florian\.gradle\native\e1d6ef7f7dcc3fd88c89a11ec53ec762bb8ba0a96d01ffa2cd45eb1d1d8dd5c5\windows-amd64;C:\Users\Florian\.gradle\native\0d407fdbe67a94daf76414ababcb853783967236a71b16ec16e742cd7a986fd3\windows-amd64

VM Arguments:
jvm_args: --add-opens=java.base/java.util=ALL-UNNAMED --add-opens=java.base/java.lang=ALL-UNNAMED --add-opens=java.base/java.lang.invoke=ALL-UNNAMED --add-opens=java.base/java.util=ALL-UNNAMED --add-opens=java.prefs/java.util.prefs=ALL-UNNAMED --add-opens=java.prefs/java.util.prefs=ALL-UNNAMED --add-opens=java.base/java.nio.charset=ALL-UNNAMED --add-opens=java.base/java.net=ALL-UNNAMED --add-opens=java.base/java.util.concurrent.atomic=ALL-UNNAMED -XX:MaxMetaspaceSize=256m -XX:+HeapDumpOnOutOfMemoryError -Xms256m -Xmx512m -Dfile.encoding=windows-1252 -Duser.country=DE -Duser.language=de -Duser.variant 
java_command: org.gradle.launcher.daemon.bootstrap.GradleDaemon 7.5.1
java_class_path (initial): C:\Users\Florian\.gradle\wrapper\dists\gradle-7.5.1-bin\7jzzequgds1hbszbhq3npc5ng\gradle-7.5.1\lib\gradle-launcher-7.5.1.jar
Launcher Type: SUN_STANDARD

[Global flags]
     intx CICompilerCount                          = 4                                         {product} {ergonomic}
   size_t CompressedClassSpaceSize                 = 218103808                                 {product} {ergonomic}
     uint ConcGCThreads                            = 2                                         {product} {ergonomic}
     uint G1ConcRefinementThreads                  = 8                                         {product} {ergonomic}
   size_t G1HeapRegionSize                         = 1048576                                   {product} {ergonomic}
    uintx GCDrainStackTargetSize                   = 64                                        {product} {ergonomic}
     bool HeapDumpOnOutOfMemoryError               = true                                   {manageable} {command line}
   size_t InitialHeapSize                          = 268435456                                 {product} {command line}
   size_t MarkStackSize                            = 4194304                                   {product} {ergonomic}
   size_t MaxHeapSize                              = 536870912                                 {product} {command line}
   size_t MaxMetaspaceSize                         = 268435456                                 {product} {command line}
   size_t MaxNewSize                               = 321912832                                 {product} {ergonomic}
   size_t MinHeapDeltaBytes                        = 1048576                                   {product} {ergonomic}
   size_t MinHeapSize                              = 268435456                                 {product} {command line}
    uintx NonNMethodCodeHeapSize                   = 5839372                                {pd product} {ergonomic}
    uintx NonProfiledCodeHeapSize                  = 122909434                              {pd product} {ergonomic}
    uintx ProfiledCodeHeapSize                     = 122909434                              {pd product} {ergonomic}
    uintx ReservedCodeCacheSize                    = 251658240                              {pd product} {ergonomic}
     bool SegmentedCodeCache                       = true                                      {product} {ergonomic}
   size_t SoftMaxHeapSize                          = 536870912                              {manageable} {ergonomic}
     bool UseCompressedClassPointers               = true                           {product lp64_product} {ergonomic}
     bool UseCompressedOops                        = true                           {product lp64_product} {ergonomic}
     bool UseG1GC                                  = true                                      {product} {ergonomic}
     bool UseLargePagesIndividualAllocation        = false                                  {pd product} {ergonomic}

Logging:
Log output configuration:
 #0: stdout all=warning uptime,level,tags
 #1: stderr all=off uptime,level,tags

Environment Variables:
JAVA_HOME=C:\Program Files\Java\jdk-16.0.1
PATH=C:\Program Files\Java\jdk-16.0.1\bin;C:\Program Files (x86)\Common Files\Oracle\Java\javapath;C:\Program Files\Common Files\Oracle\Java\javapath;C:\WINDOWS\system32;C:\WINDOWS;C:\WINDOWS\System32\Wbem;C:\WINDOWS\System32\WindowsPowerShell\v1.0\;C:\WINDOWS\System32\OpenSSH\;C:\Program Files\Git\cmd;C:\Program Files\Java\apache-maven-3.6.3-bin\apache-maven-3.6.3\bin;C:\Users\Florian\Desktop\Masterarbeit\masterarbeit-trustedshops\DOLAR\frascati-runtime-1.6 (1)\frascati-runtime-1.6\bin;C:\Program Files\Java\jdk-15.0.2\bin;C:\Program Files (x86)\dotnet\;C:\Program Files\dotnet\;C:\Program Files\nuget\;C:\Program Files\nodejs\;C:\Windows\Microsoft.NET\Framework\v4.0.30319;C:\Program Files\Go\bin;C:\Program Files\PuTTY\;C:\Users\Florian\AppData\Local\Microsoft\WindowsApps;C:\Users\Florian\AppData\Local\Programs\Microsoft VS Code\bin;C:\Users\Florian\AppData\Local\Programs\MiKTeX\miktex\bin\x64\;C:\Users\Florian\.dotnet\tools;C:\Users\Florian\AppData\Roaming\npm;C:\Users\Florian\go\bin;
USERNAME=Florian
OS=Windows_NT
PROCESSOR_IDENTIFIER=AMD64 Family 23 Model 24 Stepping 1, AuthenticAMD



---------------  S Y S T E M  ---------------

OS:
 Windows 10 , 64 bit Build 19041 (10.0.19041.2546)
OS uptime: 1 days 20:08 hours
Hyper-V role detected

CPU: total 8 (initial active 8) (8 cores per cpu, 2 threads per core) family 23 model 24 stepping 1 microcode 0x0, cx8, cmov, fxsr, ht, mmx, 3dnowpref, sse, sse2, sse3, ssse3, sse4a, sse4.1, sse4.2, popcnt, lzcnt, tsc, tscinvbit, avx, avx2, aes, clmul, bmi1, bmi2, adx, sha, fma, vzeroupper, clflush, clflushopt, hv

Memory: 4k page, system-wide physical 14213M (2727M free)
TotalPageFile size 14213M (AvailPageFile size 5M)
current process WorkingSet (physical memory assigned to process): 453M, peak: 453M
current process commit charge ("private bytes"): 531M, peak: 532M

vm_info: Java HotSpot(TM) 64-Bit Server VM (16.0.1+9-24) for windows-amd64 JRE (16.0.1+9-24), built on Mar 26 2021 19:31:42 by "mach5one" with MS VC++ 16.7 (VS2019)

END.
